Log file open, 03/02/17 11:56:42
LogInit:Display: Running engine for game: BurningHouse
LogPlatformFile: Not using cached read wrapper
LogInit:Display: RandInit(652195221) SRandInit(652195221).
LogTaskGraph: Started task graph with 5 named threads and 6 total threads with 1 sets of task threads.
LogStats: Stats thread started at 0.220162
LogPluginManager: Loaded Plugin Paper2D, From C:/Program Files (x86)/Epic Games/4.13/Engine/Plugins/2D/Paper2D/Paper2D.uplugin
LogPluginManager: Loaded Plugin LightPropagationVolume, From C:/Program Files (x86)/Epic Games/4.13/Engine/Plugins/Blendables/LightPropagationVolume/LightPropagationVolume.uplugin
LogPluginManager: Loaded Plugin BlankPlugin, From C:/Program Files (x86)/Epic Games/4.13/Engine/Plugins/Developer/BlankPlugin/BlankPlugin.uplugin
LogPluginManager: Loaded Plugin CodeLiteSourceCodeAccess, From C:/Program Files (x86)/Epic Games/4.13/Engine/Plugins/Developer/CodeLiteSourceCodeAccess/CodeLiteSourceCodeAccess.uplugin
LogPluginManager: Loaded Plugin GitSourceControl, From C:/Program Files (x86)/Epic Games/4.13/Engine/Plugins/Developer/GitSourceControl/GitSourceControl.uplugin
LogPluginManager: Loaded Plugin KDevelopSourceCodeAccess, From C:/Program Files (x86)/Epic Games/4.13/Engine/Plugins/Developer/KDevelopSourceCodeAccess/KDevelopSourceCodeAccess.uplugin
LogPluginManager: Loaded Plugin NullSourceCodeAccess, From C:/Program Files (x86)/Epic Games/4.13/Engine/Plugins/Developer/NullSourceCodeAccess/NullSourceCodeAccess.uplugin
LogPluginManager: Loaded Plugin OneSkyLocalizationService, From C:/Program Files (x86)/Epic Games/4.13/Engine/Plugins/Developer/OneSkyLocalizationService/OneSkyLocalizationService.uplugin
LogPluginManager: Loaded Plugin PerforceSourceControl, From C:/Program Files (x86)/Epic Games/4.13/Engine/Plugins/Developer/PerforceSourceControl/PerforceSourceControl.uplugin
LogPluginManager: Loaded Plugin SubversionSourceControl, From C:/Program Files (x86)/Epic Games/4.13/Engine/Plugins/Developer/SubversionSourceControl/SubversionSourceControl.uplugin
LogPluginManager: Loaded Plugin UObjectPlugin, From C:/Program Files (x86)/Epic Games/4.13/Engine/Plugins/Developer/UObjectPlugin/UObjectPlugin.uplugin
LogPluginManager: Loaded Plugin VisualStudioSourceCodeAccess, From C:/Program Files (x86)/Epic Games/4.13/Engine/Plugins/Developer/VisualStudioSourceCodeAccess/VisualStudioSourceCodeAccess.uplugin
LogPluginManager: Loaded Plugin XCodeSourceCodeAccess, From C:/Program Files (x86)/Epic Games/4.13/Engine/Plugins/Developer/XCodeSourceCodeAccess/XCodeSourceCodeAccess.uplugin
LogPluginManager: Loaded Plugin EpicSurvey, From C:/Program Files (x86)/Epic Games/4.13/Engine/Plugins/Editor/EpicSurvey/EpicSurvey.uplugin
LogPluginManager: Loaded Plugin MacGraphicsSwitching, From C:/Program Files (x86)/Epic Games/4.13/Engine/Plugins/Editor/MacGraphicsSwitching/MacGraphicsSwitching.uplugin
LogPluginManager: Loaded Plugin MobileLauncherProfileWizard, From C:/Program Files (x86)/Epic Games/4.13/Engine/Plugins/Editor/MobileLauncherProfileWizard/MobileLauncherProfileWizard.uplugin
LogPluginManager: Loaded Plugin PluginBrowser, From C:/Program Files (x86)/Epic Games/4.13/Engine/Plugins/Editor/PluginBrowser/PluginBrowser.uplugin
LogPluginManager: Loaded Plugin SpeedTreeImporter, From C:/Program Files (x86)/Epic Games/4.13/Engine/Plugins/Editor/SpeedTreeImporter/SpeedTreeImporter.uplugin
LogPluginManager: Loaded Plugin SuperSearchEditor, From C:/Program Files (x86)/Epic Games/4.13/Engine/Plugins/Editor/SuperSearchEditor/SuperSearchEditor.uplugin
LogPluginManager: Loaded Plugin AlembicImporter, From C:/Program Files (x86)/Epic Games/4.13/Engine/Plugins/Experimental/AlembicImporter/AlembicImporter.uplugin
LogPluginManager: Loaded Plugin BlueprintStats, From C:/Program Files (x86)/Epic Games/4.13/Engine/Plugins/Experimental/BlueprintStats/BlueprintStats.uplugin
LogPluginManager: Loaded Plugin CharacterAI, From C:/Program Files (x86)/Epic Games/4.13/Engine/Plugins/Experimental/CharacterAI/CharacterAI.uplugin
LogPluginManager: Loaded Plugin CodeEditor, From C:/Program Files (x86)/Epic Games/4.13/Engine/Plugins/Experimental/CodeEditor/CodeEditor.uplugin
LogPluginManager: Loaded Plugin CodeView, From C:/Program Files (x86)/Epic Games/4.13/Engine/Plugins/Experimental/CodeView/CodeView.uplugin
LogPluginManager: Loaded Plugin HTML5Networking, From C:/Program Files (x86)/Epic Games/4.13/Engine/Plugins/Experimental/HTML5Networking/HTML5Networking.uplugin
LogPluginManager: Loaded Plugin LiveEditor, From C:/Program Files (x86)/Epic Games/4.13/Engine/Plugins/Experimental/LiveEditor/LiveEditor.uplugin
LogPluginManager: Loaded Plugin OSVR, From C:/Program Files (x86)/Epic Games/4.13/Engine/Plugins/Experimental/OSVR/OSVR.uplugin
LogPluginManager: Loaded Plugin Phya, From C:/Program Files (x86)/Epic Games/4.13/Engine/Plugins/Experimental/Phya/Phya.uplugin
LogPluginManager: Loaded Plugin SignificanceManager, From C:/Program Files (x86)/Epic Games/4.13/Engine/Plugins/Experimental/SignificanceManager/SignificanceManager.uplugin
LogPluginManager: Loaded Plugin SimpleHMD, From C:/Program Files (x86)/Epic Games/4.13/Engine/Plugins/Experimental/SimpleHMD/SimpleHMD.uplugin
LogPluginManager: Loaded Plugin StereoPanorama, From C:/Program Files (x86)/Epic Games/4.13/Engine/Plugins/Experimental/StereoPanorama/StereoPanorama.uplugin
LogPluginManager: Loaded Plugin StructBox, From C:/Program Files (x86)/Epic Games/4.13/Engine/Plugins/Experimental/StructBox/StructBox.uplugin
LogPluginManager: Loaded Plugin AndroidMedia, From C:/Program Files (x86)/Epic Games/4.13/Engine/Plugins/Media/AndroidMedia/AndroidMedia.uplugin
LogPluginManager: Loaded Plugin AvfMedia, From C:/Program Files (x86)/Epic Games/4.13/Engine/Plugins/Media/AvfMedia/AvfMedia.uplugin
LogPluginManager: Loaded Plugin MediaPlayerEditor, From C:/Program Files (x86)/Epic Games/4.13/Engine/Plugins/Media/MediaPlayerEditor/MediaPlayerEditor.uplugin
LogPluginManager: Loaded Plugin WmfMedia, From C:/Program Files (x86)/Epic Games/4.13/Engine/Plugins/Media/WmfMedia/WmfMedia.uplugin
LogPluginManager: Loaded Plugin MessagingDebugger, From C:/Program Files (x86)/Epic Games/4.13/Engine/Plugins/Messaging/MessagingDebugger/MessagingDebugger.uplugin
LogPluginManager: Loaded Plugin TcpMessaging, From C:/Program Files (x86)/Epic Games/4.13/Engine/Plugins/Messaging/TcpMessaging/TcpMessaging.uplugin
LogPluginManager: Loaded Plugin UdpMessaging, From C:/Program Files (x86)/Epic Games/4.13/Engine/Plugins/Messaging/UdpMessaging/UdpMessaging.uplugin
LogPluginManager: Loaded Plugin LevelSequenceEditor, From C:/Program Files (x86)/Epic Games/4.13/Engine/Plugins/MovieScene/LevelSequenceEditor/LevelSequenceEditor.uplugin
LogPluginManager: Loaded Plugin MatineeToLevelSequence, From C:/Program Files (x86)/Epic Games/4.13/Engine/Plugins/MovieScene/MatineeToLevelSequence/MatineeToLevelSequence.uplugin
LogPluginManager: Loaded Plugin NetcodeUnitTest, From C:/Program Files (x86)/Epic Games/4.13/Engine/Plugins/NetcodeUnitTest/NetcodeUnitTest/NetcodeUnitTest.uplugin
LogPluginManager: Loaded Plugin NUTUnrealEngine4, From C:/Program Files (x86)/Epic Games/4.13/Engine/Plugins/NetcodeUnitTest/NUTUnrealEngine4/NUTUnrealEngine4.uplugin
LogPluginManager: Loaded Plugin OnlineSubsystemGooglePlay, From C:/Program Files (x86)/Epic Games/4.13/Engine/Plugins/Online/Android/OnlineSubsystemGooglePlay/OnlineSubsystemGooglePlay.uplugin
LogPluginManager: Loaded Plugin OnlineSubsystemIOS, From C:/Program Files (x86)/Epic Games/4.13/Engine/Plugins/Online/IOS/OnlineSubsystemIOS/OnlineSubsystemIOS.uplugin
LogPluginManager: Loaded Plugin OnlineFramework, From C:/Program Files (x86)/Epic Games/4.13/Engine/Plugins/Online/OnlineFramework/OnlineFramework.uplugin
LogPluginManager: Loaded Plugin OnlineSubsystem, From C:/Program Files (x86)/Epic Games/4.13/Engine/Plugins/Online/OnlineSubsystem/OnlineSubsystem.uplugin
LogPluginManager: Loaded Plugin OnlineSubsystemAmazon, From C:/Program Files (x86)/Epic Games/4.13/Engine/Plugins/Online/OnlineSubsystemAmazon/OnlineSubsystemAmazon.uplugin
LogPluginManager: Loaded Plugin OnlineSubsystemFacebook, From C:/Program Files (x86)/Epic Games/4.13/Engine/Plugins/Online/OnlineSubsystemFacebook/OnlineSubsystemFacebook.uplugin
LogPluginManager: Loaded Plugin OnlineSubsystemNull, From C:/Program Files (x86)/Epic Games/4.13/Engine/Plugins/Online/OnlineSubsystemNull/OnlineSubsystemNull.uplugin
LogPluginManager: Loaded Plugin OnlineSubsystemOculus, From C:/Program Files (x86)/Epic Games/4.13/Engine/Plugins/Online/OnlineSubsystemOculus/OnlineSubsystemOculus.uplugin
LogPluginManager: Loaded Plugin OnlineSubsystemSteam, From C:/Program Files (x86)/Epic Games/4.13/Engine/Plugins/Online/OnlineSubsystemSteam/OnlineSubsystemSteam.uplugin
LogPluginManager: Loaded Plugin OnlineSubsystemUtils, From C:/Program Files (x86)/Epic Games/4.13/Engine/Plugins/Online/OnlineSubsystemUtils/OnlineSubsystemUtils.uplugin
LogPluginManager: Loaded Plugin IOSTapJoy, From C:/Program Files (x86)/Epic Games/4.13/Engine/Plugins/Runtime/Advertising/IOSTapJoy/IOSTapJoy.uplugin
LogPluginManager: Loaded Plugin AnalyticsBlueprintLibrary, From C:/Program Files (x86)/Epic Games/4.13/Engine/Plugins/Runtime/Analytics/AnalyticsBlueprintLibrary/AnalyticsBlueprintLibrary.uplugin
LogPluginManager: Loaded Plugin AnalyticsMulticast, From C:/Program Files (x86)/Epic Games/4.13/Engine/Plugins/Runtime/Analytics/AnalyticsMulticast/AnalyticsMulticast.uplugin
LogPluginManager: Loaded Plugin Apsalar, From C:/Program Files (x86)/Epic Games/4.13/Engine/Plugins/Runtime/Analytics/Apsalar/Apsalar.uplugin
LogPluginManager: Loaded Plugin FileLogging, From C:/Program Files (x86)/Epic Games/4.13/Engine/Plugins/Runtime/Analytics/FileLogging/FileLogging.uplugin
LogPluginManager: Loaded Plugin Flurry, From C:/Program Files (x86)/Epic Games/4.13/Engine/Plugins/Runtime/Analytics/Flurry/Flurry.uplugin
LogPluginManager: Loaded Plugin AndroidDeviceProfileSelector, From C:/Program Files (x86)/Epic Games/4.13/Engine/Plugins/Runtime/AndroidDeviceProfileSelector/AndroidDeviceProfileSelector.uplugin
LogPluginManager: Loaded Plugin AndroidMoviePlayer, From C:/Program Files (x86)/Epic Games/4.13/Engine/Plugins/Runtime/AndroidMoviePlayer/AndroidMoviePlayer.uplugin
LogPluginManager: Loaded Plugin AppleMoviePlayer, From C:/Program Files (x86)/Epic Games/4.13/Engine/Plugins/Runtime/AppleMoviePlayer/AppleMoviePlayer.uplugin
LogPluginManager: Loaded Plugin ArchVisCharacter, From C:/Program Files (x86)/Epic Games/4.13/Engine/Plugins/Runtime/ArchVisCharacter/ArchVisCharacter.uplugin
LogPluginManager: Loaded Plugin CableComponent, From C:/Program Files (x86)/Epic Games/4.13/Engine/Plugins/Runtime/CableComponent/CableComponent.uplugin
LogPluginManager: Loaded Plugin CustomMeshComponent, From C:/Program Files (x86)/Epic Games/4.13/Engine/Plugins/Runtime/CustomMeshComponent/CustomMeshComponent.uplugin
LogPluginManager: Loaded Plugin ExampleDeviceProfileSelector, From C:/Program Files (x86)/Epic Games/4.13/Engine/Plugins/Runtime/ExampleDeviceProfileSelector/ExampleDeviceProfileSelector.uplugin
LogPluginManager: Loaded Plugin GearVR, From C:/Program Files (x86)/Epic Games/4.13/Engine/Plugins/Runtime/GearVR/GearVR.uplugin
LogPluginManager: Loaded Plugin GoogleVRController, From C:/Program Files (x86)/Epic Games/4.13/Engine/Plugins/Runtime/GoogleVR/GoogleVRController/GoogleVRController.uplugin
LogPluginManager: Loaded Plugin GoogleVRHMD, From C:/Program Files (x86)/Epic Games/4.13/Engine/Plugins/Runtime/GoogleVR/GoogleVRHMD/GoogleVRHMD.uplugin
LogPluginManager: Loaded Plugin IOSDeviceProfileSelector, From C:/Program Files (x86)/Epic Games/4.13/Engine/Plugins/Runtime/IOSDeviceProfileSelector/IOSDeviceProfileSelector.uplugin
LogPluginManager: Loaded Plugin LeapMotion, From C:/Program Files (x86)/Epic Games/4.13/Engine/Plugins/Runtime/LeapMotion/LeapMotion.uplugin
LogPluginManager: Loaded Plugin LinuxDeviceProfileSelector, From C:/Program Files (x86)/Epic Games/4.13/Engine/Plugins/Runtime/LinuxDeviceProfileSelector/LinuxDeviceProfileSelector.uplugin
LogPluginManager: Loaded Plugin LiveEditorListenServer, From C:/Program Files (x86)/Epic Games/4.13/Engine/Plugins/Runtime/LiveEditorListenServer/LiveEditorListenServer.uplugin
LogPluginManager: Loaded Plugin OculusAudio, From C:/Program Files (x86)/Epic Games/4.13/Engine/Plugins/Runtime/OculusAudio/OculusAudio.uplugin
LogPluginManager: Loaded Plugin OculusInput, From C:/Program Files (x86)/Epic Games/4.13/Engine/Plugins/Runtime/OculusInput/OculusInput.uplugin
LogPluginManager: Loaded Plugin OculusLibrary, From C:/Program Files (x86)/Epic Games/4.13/Engine/Plugins/Runtime/OculusLibrary/OculusLibrary.uplugin
LogPluginManager: Loaded Plugin OculusRift, From C:/Program Files (x86)/Epic Games/4.13/Engine/Plugins/Runtime/OculusRift/OculusRift.uplugin
LogPluginManager: Loaded Plugin Oodle, From C:/Program Files (x86)/Epic Games/4.13/Engine/Plugins/Runtime/PacketHandlers/CompressionComponents/Oodle/Oodle.uplugin
LogPluginManager: Loaded Plugin ProceduralMeshComponent, From C:/Program Files (x86)/Epic Games/4.13/Engine/Plugins/Runtime/ProceduralMeshComponent/ProceduralMeshComponent.uplugin
LogPluginManager: Loaded Plugin SoundMod, From C:/Program Files (x86)/Epic Games/4.13/Engine/Plugins/Runtime/SoundMod/SoundMod.uplugin
LogPluginManager: Loaded Plugin SoundVisualizations, From C:/Program Files (x86)/Epic Games/4.13/Engine/Plugins/Runtime/SoundVisualizations/SoundVisualizations.uplugin
LogPluginManager: Loaded Plugin SteamController, From C:/Program Files (x86)/Epic Games/4.13/Engine/Plugins/Runtime/Steam/SteamController/SteamController.uplugin
LogPluginManager: Loaded Plugin SteamVR, From C:/Program Files (x86)/Epic Games/4.13/Engine/Plugins/Runtime/Steam/SteamVR/SteamVR.uplugin
LogPluginManager: Loaded Plugin WebBrowserWidget, From C:/Program Files (x86)/Epic Games/4.13/Engine/Plugins/Runtime/WebBrowserWidget/WebBrowserWidget.uplugin
LogPluginManager: Loaded Plugin WindowsDeviceProfileSelector, From C:/Program Files (x86)/Epic Games/4.13/Engine/Plugins/Runtime/WindowsDeviceProfileSelector/WindowsDeviceProfileSelector.uplugin
LogPluginManager: Loaded Plugin WindowsMoviePlayer, From C:/Program Files (x86)/Epic Games/4.13/Engine/Plugins/Runtime/WindowsMoviePlayer/WindowsMoviePlayer.uplugin
LogPluginManager: Loaded Plugin ScriptPlugin, From C:/Program Files (x86)/Epic Games/4.13/Engine/Plugins/ScriptPlugin/ScriptPlugin.uplugin
LogPluginManager: Loaded Plugin SlateRemote, From C:/Program Files (x86)/Epic Games/4.13/Engine/Plugins/Slate/SlateRemote/SlateRemote.uplugin
LogInit: Using libcurl 7.47.1
LogInit:  - built for x86_64-pc-win32
LogInit:  - supports SSL with WinSSL
LogInit:  - other features:
LogInit:      CURL_VERSION_SSL
LogInit:      CURL_VERSION_IPV6
LogInit:      CURL_VERSION_ASYNCHDNS
LogInit:      CURL_VERSION_LARGEFILE
LogInit:      CURL_VERSION_IDN
LogInit:  CurlRequestOptions (configurable via config and command line):
LogInit:  - bVerifyPeer = false  - Libcurl will NOT verify peer certificate
LogInit:  - bUseHttpProxy = false  - Libcurl will NOT use HTTP proxy
LogInit:  - bDontReuseConnections = false  - Libcurl will reuse connections
LogInit:  - CertBundlePath = nullptr  - Libcurl will use whatever was configured at build time.
LogInit: Build: ++UE4+Release-4.13-CL-3142249
LogInit: Engine Version: 4.13.1-3142249+++UE4+Release-4.13
LogInit: Compatible Engine Version: 4.13.0-3106830+++UE4+Release-4.13
LogInit: Net CL: 3142249
LogDevObjectVersion: Number of dev versions registered: 13
LogDevObjectVersion:   Dev-Blueprints (B0D832E4-1F89-4F0D-ACCF-7EB736FD4AA2): 5
LogDevObjectVersion:   Dev-Build (E1C64328-A22C-4D53-A36C-8E866417BD8C): 0
LogDevObjectVersion:   Dev-Core (375EC13C-06E4-48FB-B500-84F0262A717E): 1
LogDevObjectVersion:   Dev-Editor (E4B068ED-F494-42E9-A231-DA0B2E46BB41): 6
LogDevObjectVersion:   Dev-Framework (CFFC743F-43B0-4480-9391-14DF171D2073): 12
LogDevObjectVersion:   Dev-Mobile (B02B49B5-BB20-44E9-A304-32B752E40360): 0
LogDevObjectVersion:   Dev-Networking (A4E4105C-59A1-49B5-A7C5-40C4547EDFEE): 0
LogDevObjectVersion:   Dev-Online (39C831C9-5AE6-47DC-9A44-9C173E1C8E7C): 0
LogDevObjectVersion:   Dev-Physics (78F01B33-EBEA-4F98-B9B4-84EACCB95AA2): 0
LogDevObjectVersion:   Dev-Platform (6631380F-2D4D-43E0-8009-CF276956A95A): 0
LogDevObjectVersion:   Dev-Rendering (12F88B9F-8875-4AFC-A67C-D90C383ABD29): 4
LogDevObjectVersion:   Dev-Sequencer (7B5AE74C-D270-4C10-A958-57980B212A5A): 0
LogDevObjectVersion:   Dev-VR (D7296918-1DD6-4BDD-9DE2-64A83CC13884): 0
LogInit: Compiled (64-bit): Sep 28 2016 02:12:12
LogInit: Compiled with Visual C++: 19.00.23026.00
LogInit: Build Configuration: Development
LogInit: Branch Name: ++UE4+Release-4.13
LogInit: Command line:  
LogInit: Base directory: C:/Program Files (x86)/Epic Games/4.13/Engine/Binaries/Win64/
LogInit: Installed Engine Build: 1
LogInit: Presizing for max 8388607 objects, including 0 objects not considered by GC, pre-allocating 0 bytes for permanent pool.
LogInit: Object subsystem initialized
[2017.03.02-11.56.42:710][  0]LogInit: Selected Device Profile: [Windows]
[2017.03.02-11.56.42:710][  0]LogInit: Applying CVar settings loaded from the selected device profile: [Windows]
[2017.03.02-11.56.42:871][  0]LogInit: Computer: COURTNEY-PC
[2017.03.02-11.56.42:871][  0]LogInit: User: Courtney
[2017.03.02-11.56.42:871][  0]LogInit: CPU Page size=65536, Cores=2
[2017.03.02-11.56.42:871][  0]LogInit: High frequency timer resolution =2.143475 MHz
[2017.03.02-11.56.42:871][  0]LogMemory: Memory total: Physical=3.9GB (4GB approx)
[2017.03.02-11.56.42:871][  0]LogMemory: Platform Memory Stats for Windows
[2017.03.02-11.56.42:871][  0]LogMemory: Process Physical Memory: 255.63 MB used, 255.63 MB peak
[2017.03.02-11.56.42:871][  0]LogMemory: Process Virtual Memory: 259.70 MB used, 259.70 MB peak
[2017.03.02-11.56.42:871][  0]LogMemory: Physical Memory: 1794.17 MB used, 4014.94 MB total
[2017.03.02-11.56.42:871][  0]LogMemory: Virtual Memory: 621.36 MB used, 134217728.00 MB total
[2017.03.02-11.56.43:674][  0]LogTextLocalizationManager: No specific translations for ('en-US') exist, so ('en') translations will be used.
[2017.03.02-11.56.51:391][  0]LogD3D11RHI: D3D11 adapters:
[2017.03.02-11.56.51:410][  0]LogD3D11RHI:    0. 'Intel(R) HD Graphics 5500' (Feature Level 11_0)
[2017.03.02-11.56.51:410][  0]LogD3D11RHI:       128/0/2007 MB DedicatedVideo/DedicatedSystem/SharedSystem, Outputs:1, VendorId:0x8086
[2017.03.02-11.56.51:436][  0]LogD3D11RHI:    1. 'Microsoft Basic Render Driver' (Feature Level 11_0)
[2017.03.02-11.56.51:436][  0]LogD3D11RHI:       0/0/2007 MB DedicatedVideo/DedicatedSystem/SharedSystem, Outputs:0, VendorId:0x1414
[2017.03.02-11.56.51:436][  0]LogD3D11RHI: Chosen D3D11 Adapter: 0
[2017.03.02-11.56.51:450][  0]LogD3D11RHI: Creating new Direct3DDevice
[2017.03.02-11.56.51:451][  0]LogD3D11RHI:     GPU DeviceId: 0x1616 (for the marketing name, search the web for "GPU Device Id")
[2017.03.02-11.56.51:451][  0]LogWindows: EnumDisplayDevices:
[2017.03.02-11.56.51:451][  0]LogWindows:    0. 'Intel(R) HD Graphics 5500' (P:1 D:1)
[2017.03.02-11.56.51:452][  0]LogWindows:    1. 'Intel(R) HD Graphics 5500' (P:0 D:0)
[2017.03.02-11.56.51:453][  0]LogWindows:    2. 'Intel(R) HD Graphics 5500' (P:0 D:0)
[2017.03.02-11.56.51:454][  0]LogWindows: DebugString: FoundDriverCount:3 
[2017.03.02-11.56.51:454][  0]LogD3D11RHI:     Adapter Name: Intel(R) HD Graphics 5500
[2017.03.02-11.56.51:454][  0]LogD3D11RHI:   Driver Version: 20.19.15.4531 (internal:20.19.15.4531, unified:20.19.15.4531)
[2017.03.02-11.56.51:454][  0]LogD3D11RHI:      Driver Date: 9-29-2016
[2017.03.02-11.56.51:454][  0]LogRHI: Texture pool is 792 MB (70% of 1131 MB)
[2017.03.02-11.56.51:466][  0]LogD3D11RHI: Async texture creation enabled
[2017.03.02-11.56.52:068][  0]LogD3D11RHI: GPU Timing Frequency: 12.500000 (Debug: 2 0)
[2017.03.02-11.56.52:293][  0]LogShaderCompilers: Guid format shader working directory is -17 characters bigger than the processId version (../../../../../../Users/Courtney/Desktop/Scripting2/BurningHouse2/Intermediate/Shaders/WorkingDirectory/10952/).
[2017.03.02-11.56.52:294][  0]LogShaderCompilers: Cleaned the shader compiler working directory 'C:/Users/Courtney/AppData/Local/Temp/UnrealShaderWorkingDir/DBE2016940D8265A93000FB2A1BDF1E7/'.
[2017.03.02-11.56.52:327][  0]LogShaderCompilers:Display: Using Local Shader Compiler.
[2017.03.02-11.57.09:034][  0]LogTemp:Display: Loaded TP AllDesktopTargetPlatform
[2017.03.02-11.57.09:065][  0]LogTemp:Display: Loaded TP WindowsClientTargetPlatform
[2017.03.02-11.57.09:095][  0]LogTemp:Display: Loaded TP WindowsNoEditorTargetPlatform
[2017.03.02-11.57.09:125][  0]LogTemp:Display: Loaded TP WindowsServerTargetPlatform
[2017.03.02-11.57.09:156][  0]LogTemp:Display: Loaded TP WindowsTargetPlatform
[2017.03.02-11.57.09:247][  0]LogTemp:Display: Loaded TP AndroidTargetPlatform
[2017.03.02-11.57.09:298][  0]LogTemp:Display: Loaded TP Android_ASTCTargetPlatform
[2017.03.02-11.57.09:340][  0]LogTemp:Display: Loaded TP Android_ATCTargetPlatform
[2017.03.02-11.57.09:391][  0]LogTemp:Display: Loaded TP Android_DXTTargetPlatform
[2017.03.02-11.57.09:454][  0]LogTemp:Display: Loaded TP Android_ETC1TargetPlatform
[2017.03.02-11.57.09:495][  0]LogTemp:Display: Loaded TP Android_ETC2TargetPlatform
[2017.03.02-11.57.09:648][  0]LogTemp:Display: Loaded TP Android_MultiTargetPlatform
[2017.03.02-11.57.09:648][  0]LogTemp:Display: Loaded TP Android_PVRTCTargetPlatform
[2017.03.02-11.57.09:652][  0]LogTemp:Display: Loaded TP HTML5TargetPlatform
[2017.03.02-11.57.10:969][  0]LogTemp:Display: Loaded TP IOSTargetPlatform
[2017.03.02-11.57.10:996][  0]LogTemp:Display: Loaded TP TVOSTargetPlatform
[2017.03.02-11.57.11:028][  0]LogTemp:Display: Loaded TP LinuxClientTargetPlatform
[2017.03.02-11.57.11:059][  0]LogTemp:Display: Loaded TP LinuxNoEditorTargetPlatform
[2017.03.02-11.57.11:093][  0]LogTemp:Display: Loaded TP LinuxServerTargetPlatform
[2017.03.02-11.57.11:186][  0]LogTemp:Display: Loaded TP LinuxTargetPlatform
[2017.03.02-11.57.11:209][  0]LogTargetPlatformManager:Display: Building Assets For Windows
[2017.03.02-11.57.13:691][  0]LogDerivedDataCache:Display: Max Cache Size: 512 MB
[2017.03.02-11.57.14:841][  0]LogDerivedDataCache: Loaded boot cache 1.12s 62MB C:/Users/Courtney/AppData/Local/UnrealEngine/4.13/DerivedDataCache/Boot.ddc.
[2017.03.02-11.57.14:842][  0]LogDerivedDataCache:Display: Loaded Boot cache: C:/Users/Courtney/AppData/Local/UnrealEngine/4.13/DerivedDataCache/Boot.ddc
[2017.03.02-11.57.14:842][  0]LogDerivedDataCache: FDerivedDataBackendGraph:  Pak pak cache file ../../../../../../Users/Courtney/Desktop/Scripting2/BurningHouse2/DerivedDataCache/DDC.ddp not found, will not use a pak cache.
[2017.03.02-11.57.14:842][  0]LogDerivedDataCache: Unable to find inner node Pak for hierarchical cache Hierarchy.
[2017.03.02-11.57.14:842][  0]LogDerivedDataCache: FDerivedDataBackendGraph:  CompressedPak pak cache file ../../../../../../Users/Courtney/Desktop/Scripting2/BurningHouse2/DerivedDataCache/Compressed.ddp not found, will not use a pak cache.
[2017.03.02-11.57.14:842][  0]LogDerivedDataCache: Unable to find inner node CompressedPak for hierarchical cache Hierarchy.
[2017.03.02-11.57.15:021][  0]LogDerivedDataCache:Display: Pak cache opened for reading ../../../Engine/DerivedDataCache/Compressed.ddp.
[2017.03.02-11.57.15:061][  0]LogDerivedDataCache: Using Local data cache path C:/Users/Courtney/AppData/Local/UnrealEngine/Common/DerivedDataCache: Writable
[2017.03.02-11.57.35:715][  0]LogInit: Selected Device Profile: [Windows]
[2017.03.02-11.57.36:242][  0]LogContentStreaming: Texture pool size is 0.00 MB
[2017.03.02-11.57.37:130][  0]LogMeshUtilities: No automatic mesh reduction module available
[2017.03.02-11.57.37:130][  0]LogMeshUtilities: No automatic mesh merging module available
[2017.03.02-11.57.37:130][  0]LogMeshUtilities: No distributed automatic mesh merging module available
[2017.03.02-11.57.39:814][  0]LogMaterial: Uniform references updated for custom material expression Custom.
[2017.03.02-11.57.48:115][  0]LogNetVersion: GetLocalNetworkVersion: CL: 3106830, ProjectName: burninghouse, ProjectVersion: , EngineNetworkVersion: 1, GameNetworkVersion: 0, NetworkChecksum: 1693464120
[2017.03.02-11.57.48:436][  0]LogAssetRegistry: FAssetRegistry took 0.0403 seconds to start up
[2017.03.02-11.57.48:809][  0]LogPackageLocalizationCache: Processed 3 localized package path(s) for 2 prioritized culture(s) in 0.305566 seconds
[2017.03.02-11.57.48:887][  0]LogUObjectArray: 29778 objects as part of root set at end of initial load.
[2017.03.02-11.57.48:887][  0]LogUObjectAllocator: 6125448 out of 0 bytes used by permanent object pool.
[2017.03.02-11.57.48:887][  0]LogUObjectArray: CloseDisregardForGC: 0/0 objects in disregard for GC pool
[2017.03.02-11.57.48:940][  0]LogInit: WinSock: version 1.1 (2.2), MaxSocks=32767, MaxUdp=65467
[2017.03.02-11.57.57:337][  0]LogSlate: SlateFontCache - WITH_FREETYPE: 1, WITH_HARFBUZZ: 1
[2017.03.02-11.57.57:337][  0]LogSlate: SlateFontCache - WITH_FREETYPE: 1, WITH_HARFBUZZ: 1
[2017.03.02-11.58.23:167][  0]LogTcpMessaging: Initializing TcpMessaging bridge
[2017.03.02-11.58.23:288][  0]LogUdpMessaging: Initializing bridge on interface 0.0.0.0:0 to multicast group 230.0.0.1:6666.
[2017.03.02-11.58.26:974][  0]SourceControl: Info Source control is disabled
[2017.03.02-11.58.26:992][  0]SourceControl: Info Source control is disabled
[2017.03.02-11.58.27:163][  0]SourceControl: Info Source control is disabled
[2017.03.02-11.58.27:241][  0]SourceControl: Info Source control is disabled
[2017.03.02-11.58.31:037][  0]LogEngine: Initializing Engine...
[2017.03.02-11.58.31:067][  0]LogHMD: Failed to initialize OpenVR with code 110
[2017.03.02-11.58.33:381][  0]LogAIModule: Creating AISystem for world Untitled
[2017.03.02-11.58.33:762][  0]LogInit: XAudio2 using 'Speakers (Realtek High Definition Audio)' : 2 channels at 48 kHz using 32 bits per sample (channel mask 0x3)
[2017.03.02-11.58.34:059][  0]LogInit: FAudioDevice initialized.
[2017.03.02-11.58.34:168][  0]LogDerivedDataCache: Saved boot cache 0.11s 62MB C:/Users/Courtney/AppData/Local/UnrealEngine/4.13/DerivedDataCache/Boot.ddc.
[2017.03.02-11.58.34:199][  0]LogInit: Texture streaming: Enabled
[2017.03.02-11.58.36:099][  0]LogInit: Transaction tracking system initialized
[2017.03.02-11.58.37:014][  0]BlueprintLog: New page: Editor Load
[2017.03.02-11.58.44:406][  0]LocalizationService: Info Localization service is disabled
[2017.03.02-11.58.46:786][  0]LogConsoleResponse:Display: 
[2017.03.02-11.58.52:767][  0]LogFileCache: Scanning file cache for directory 'C:/Users/Courtney/Desktop/Scripting2/BurningHouse2/Content/' took 0.06s
[2017.03.02-11.58.52:767][  0]LogCook:Display: Max memory allowance for cook 16384mb min free memory 0mb
[2017.03.02-11.58.52:767][  0]LogCook:Display: Mobile HDR setting 1
[2017.03.02-11.58.57:471][  0]SourceControl: Info Source control is disabled
[2017.03.02-11.58.57:521][  0]Cmd: MAP LOAD FILE="../../../../../../Users/Courtney/Desktop/Scripting2/BurningHouse2/Content/FirstPersonBP/Maps/FirstPersonExampleMap.umap" TEMPLATE=0 SHOWPROGRESS=1 FEATURELEVEL=3
[2017.03.02-11.58.57:653][  0]LightingResults: New page: Lighting Build
[2017.03.02-11.58.58:019][  0]MapCheck: New page: Map Check
[2017.03.02-11.58.58:019][  0]LightingResults: New page: Lighting Build
[2017.03.02-11.59.13:140][  0]LogAIModule: Creating AISystem for world FirstPersonExampleMap
[2017.03.02-11.59.14:974][  0]LogEditorServer: Finished looking for orphan Actors (0.000 secs)
[2017.03.02-11.59.16:099][  0]Cmd: MAP CHECKDEP NOCLEARLOG
[2017.03.02-11.59.16:504][  0]MapCheck: Info Map check complete: 0 Error(s), 0 Warning(s), took 341.095ms to complete.
[2017.03.02-11.59.16:505][  0]LogFileHelpers: Loading map 'FirstPersonExampleMap' took 18.988
[2017.03.02-11.59.18:505][  0]LogCollectionManager: Loaded 0 collections in 0.005973 seconds
[2017.03.02-11.59.18:714][  0]LogFileCache: Scanning file cache for directory 'C:/Users/Courtney/Desktop/Scripting2/BurningHouse2/Saved/Collections/' took 0.01s
[2017.03.02-11.59.18:714][  0]LogFileCache: Scanning file cache for directory 'C:/Users/Courtney/Desktop/Scripting2/BurningHouse2/Content/Developers/Courtney/Collections/' took 0.01s
[2017.03.02-11.59.18:714][  0]LogFileCache: Scanning file cache for directory 'C:/Users/Courtney/Desktop/Scripting2/BurningHouse2/Content/Collections/' took 0.01s
[2017.03.02-11.59.18:714][  0]LogCollectionManager: Rebuilt the GUID cache for 0 collections in 0.000011 seconds
[2017.03.02-11.59.18:806][  0]LogContentBrowser: Native class hierarchy populated in 0.0848 seconds. Added 2141 classes and 415 folders.
[2017.03.02-11.59.18:913][  0]LogStats: UGameplayTagsManager::ConstructGameplayTagTree: Construct from data asset -  0.000 s
[2017.03.02-11.59.18:915][  0]LogStats: UGameplayTagsManager::ConstructGameplayTagTree: GameplayTagTreeChangedEvent.Broadcast -  0.002 s
[2017.03.02-11.59.18:928][  0]LogContentBrowser: Native class hierarchy updated for 'GameplayTags' in 0.0024 seconds. Added 12 classes and 0 folders.
[2017.03.02-11.59.19:107][  0]LogContentBrowser: Native class hierarchy updated for 'WidgetCarousel' in 0.0019 seconds. Added 0 classes and 0 folders.
[2017.03.02-11.59.22:728][  0]LogContentBrowser: Native class hierarchy updated for 'AddContentDialog' in 0.0018 seconds. Added 0 classes and 0 folders.
[2017.03.02-11.59.22:839][  0]LogContentBrowser: Native class hierarchy updated for 'SceneOutliner' in 0.0016 seconds. Added 1 classes and 2 folders.
[2017.03.02-11.59.23:591][  0]LogCrashTracker: Crashtracker disabled due to settings.
[2017.03.02-11.59.23:818][  0]LogUObjectGlobals:Warning: Failed to find object 'Class None.'
[2017.03.02-11.59.23:985][  0]LogContentBrowser: Native class hierarchy updated for 'HierarchicalLODOutliner' in 0.0017 seconds. Added 1 classes and 2 folders.
[2017.03.02-11.59.23:985][  0]LogLoad: (Engine Initialization) Total time: 167.17 seconds
[2017.03.02-11.59.23:985][  0]LogLoad: (Engine Initialization) Total Blueprint compile time: 3.04 seconds
[2017.03.02-11.59.23:998][  0]LogExternalProfiler: Found external profiler: VSPerf
[2017.03.02-11.59.23:998][  0]LogExternalProfiler: Using external profiler: VSPerf
[2017.03.02-11.59.24:018][  0]LogOcInput: OculusInput pre-init called
[2017.03.02-11.59.24:318][  0]LogContentStreaming: Texture pool size now 400 MB
[2017.03.02-11.59.25:983][  0]LogRenderer: Reallocating scene render targets to support 956x392 (Frame:2).
[2017.03.02-11.59.28:142][  1]LogHttp:Warning: 000002649EE30280: request failed, libcurl error: 6 (Couldn't resolve host name)
[2017.03.02-11.59.28:142][  1]LogHttp:Warning: 000002649EE30280: libcurl info message cache 8 (Could not resolve host: cdn.unrealengine.com)
[2017.03.02-11.59.28:142][  1]LogHttp:Warning: 000002649EE30280: libcurl info message cache 9 (Closing connection 0)
[2017.03.02-11.59.28:464][  2]LogHttp:Warning: 00000264A024C280: request failed, libcurl error: 6 (Couldn't resolve host name)
[2017.03.02-11.59.28:464][  2]LogHttp:Warning: 00000264A024C280: libcurl info message cache 8 (Could not resolve host: cdn.unrealengine.com)
[2017.03.02-11.59.28:464][  2]LogHttp:Warning: 00000264A024C280: libcurl info message cache 9 (Closing connection 1)
[2017.03.02-11.59.28:751][  3]LogHttp:Warning: 00000264A013CB80: request failed, libcurl error: 6 (Couldn't resolve host name)
[2017.03.02-11.59.28:752][  3]LogHttp:Warning: 00000264A013CB80: libcurl info message cache 8 (Could not resolve host: cdn.unrealengine.com)
[2017.03.02-11.59.28:752][  3]LogHttp:Warning: 00000264A013CB80: libcurl info message cache 9 (Closing connection 2)
[2017.03.02-11.59.29:412][  8]LogAssetRegistry: Asset discovery search completed in 101.0008 seconds
[2017.03.02-11.59.29:425][  8]LogCollectionManager: Rebuilt the object cache for 0 collections in 0.000003 seconds (found 0 objects)
[2017.03.02-11.59.29:436][  8]LogCollectionManager: Fixed up redirectors for 0 collections in 0.024237 seconds (updated 0 objects)
[2017.03.02-12.00.24:134][859]LogHttp:Warning: 000002649FD72500: request failed, libcurl error: 6 (Couldn't resolve host name)
[2017.03.02-12.00.24:134][859]LogHttp:Warning: 000002649FD72500: libcurl info message cache 8 (Could not resolve host: datarouter.ol.epicgames.com)
[2017.03.02-12.00.24:134][859]LogHttp:Warning: 000002649FD72500: libcurl info message cache 9 (Closing connection 3)
[2017.03.02-12.00.52:352][596]LogAIModule: Creating AISystem for world BurningHouse2
[2017.03.02-12.00.52:721][596]Cmd: MAP LOAD FILE="../../../../../../Users/Courtney/Desktop/Scripting2/BurningHouse2/Content/BurningHouse2.umap" TEMPLATE=0 SHOWPROGRESS=1 FEATURELEVEL=3
[2017.03.02-12.00.52:723][596]LightingResults: New page: Lighting Build
[2017.03.02-12.00.52:725][596]LoadErrors: New page: Loading map: BurningHouse2.umap
[2017.03.02-12.00.52:753][596]MapCheck: New page: Map Check
[2017.03.02-12.00.52:753][596]LightingResults: New page: Lighting Build
[2017.03.02-12.00.52:943][596]LogEditorServer: Finished looking for orphan Actors (0.000 secs)
[2017.03.02-12.00.53:078][596]Cmd: MAP CHECKDEP NOCLEARLOG
[2017.03.02-12.00.53:305][596]MapCheck: Info Map check complete: 0 Error(s), 0 Warning(s), took 226.541ms to complete.
[2017.03.02-12.00.53:307][596]LogFileHelpers: Loading map 'BurningHouse2' took 0.587
[2017.03.02-12.04.11:165][398]LogContentBrowser: Native class hierarchy updated for 'BlueprintGraph' in 0.0031 seconds. Added 112 classes and 0 folders.
[2017.03.02-12.05.08:845][ 28]LogHttp:Warning: 00000264DC220D00: request failed, libcurl error: 6 (Couldn't resolve host name)
[2017.03.02-12.05.08:845][ 28]LogHttp:Warning: 00000264DC220D00: libcurl info message cache 8 (Could not resolve host: datarouter.ol.epicgames.com)
[2017.03.02-12.05.08:845][ 28]LogHttp:Warning: 00000264DC220D00: libcurl info message cache 9 (Closing connection 4)
[2017.03.02-12.06.08:502][142]BlueprintLog: New page: Compile HUD
[2017.03.02-12.06.55:948][675]BlueprintLog: New page: Compile Gameover
[2017.03.02-12.07.08:607][ 60]LogHttp:Warning: 0000026503F07880: request failed, libcurl error: 6 (Couldn't resolve host name)
[2017.03.02-12.07.08:607][ 60]LogHttp:Warning: 0000026503F07880: libcurl info message cache 8 (Could not resolve host: datarouter.ol.epicgames.com)
[2017.03.02-12.07.08:607][ 60]LogHttp:Warning: 0000026503F07880: libcurl info message cache 9 (Closing connection 5)
[2017.03.02-12.07.13:987][184]LogBlueprintUserMessages: Early PlayInEditor Detection: Level '/Game/BurningHouse2.BurningHouse2:PersistentLevel' has LevelScriptBlueprint '/Game/BurningHouse2.BurningHouse2:PersistentLevel.BurningHouse2' with GeneratedClass '/Game/BurningHouse2.BurningHouse2_C' with ClassGeneratedBy '/Game/BurningHouse2.BurningHouse2:PersistentLevel.BurningHouse2'
[2017.03.02-12.07.13:996][184]LogPlayLevel: PlayLevel: No blueprints needed recompiling
[2017.03.02-12.07.14:061][184]PIE: New page: PIE session: BurningHouse2 (Mar 2, 2017, 12:07:14 PM)
[2017.03.02-12.07.14:076][184]LogPlayLevel: Creating play world package: /Game/UEDPIE_0_BurningHouse2
[2017.03.02-12.07.14:246][184]LogPlayLevel: PIE: StaticDuplicateObject took: (0.170028s)
[2017.03.02-12.07.14:249][184]LogAIModule: Creating AISystem for world BurningHouse2
[2017.03.02-12.07.14:263][184]LogPlayLevel: PIE: World Init took: (0.016132s)
[2017.03.02-12.07.14:263][184]LogPlayLevel: PIE: Created PIE world by copying editor world from /Game/BurningHouse2.BurningHouse2 to /Game/UEDPIE_0_BurningHouse2.BurningHouse2 (0.187013s)
[2017.03.02-12.07.14:429][184]LogInit: XAudio2 using 'Speakers (Realtek High Definition Audio)' : 2 channels at 48 kHz using 32 bits per sample (channel mask 0x3)
[2017.03.02-12.07.14:466][184]LogInit: FAudioDevice initialized.
[2017.03.02-12.07.14:635][184]LogWorld: Game class is 'FirstPersonGameMode_C'
[2017.03.02-12.07.14:698][184]LogWorld: Bringing World /Game/UEDPIE_0_BurningHouse2.BurningHouse2 up for play (max tick rate 0) at 2017.03.02-12.07.14
[2017.03.02-12.07.14:789][184]LogWorld: Bringing up level for play took: 0.130617
[2017.03.02-12.07.15:090][184]LogContentBrowser: Native class hierarchy updated for 'MovieSceneCapture' in 0.0019 seconds. Added 11 classes and 0 folders.
[2017.03.02-12.07.15:109][184]LogGameMode:Display: Match State Changed from EnteringMap to WaitingToStart
[2017.03.02-12.07.15:115][184]LogGameState: Match State Changed from EnteringMap to WaitingToStart
[2017.03.02-12.07.15:115][184]LogGameMode:Display: Match State Changed from WaitingToStart to InProgress
[2017.03.02-12.07.15:372][184]LogGameState: Match State Changed from WaitingToStart to InProgress
[2017.03.02-12.07.15:403][184]PIE: Info Play in editor start time for /Game/UEDPIE_0_BurningHouse2 1.154
[2017.03.02-12.07.15:404][184]LogBlueprintUserMessages: Late PlayInEditor Detection: Level '/Game/BurningHouse2.BurningHouse2:PersistentLevel' has LevelScriptBlueprint '/Game/BurningHouse2.BurningHouse2:PersistentLevel.BurningHouse2' with GeneratedClass '/Game/BurningHouse2.BurningHouse2_C' with ClassGeneratedBy '/Game/BurningHouse2.BurningHouse2:PersistentLevel.BurningHouse2'
[2017.03.02-12.07.39:973][743]LogBlueprintUserMessages: Early EndPlayMap Detection: Level '/Game/BurningHouse2.BurningHouse2:PersistentLevel' has LevelScriptBlueprint '/Game/BurningHouse2.BurningHouse2:PersistentLevel.BurningHouse2' with GeneratedClass '/Game/BurningHouse2.BurningHouse2_C' with ClassGeneratedBy '/Game/BurningHouse2.BurningHouse2:PersistentLevel.BurningHouse2'
[2017.03.02-12.07.40:161][743]LogBlueprintUserMessages: Late EndPlayMap Detection: Level '/Game/BurningHouse2.BurningHouse2:PersistentLevel' has LevelScriptBlueprint '/Game/BurningHouse2.BurningHouse2:PersistentLevel.BurningHouse2' with GeneratedClass '/Game/BurningHouse2.BurningHouse2_C' with ClassGeneratedBy '/Game/BurningHouse2.BurningHouse2:PersistentLevel.BurningHouse2'
[2017.03.02-12.08.13:867][221]LogHttp:Warning: 000002650E698400: request failed, libcurl error: 6 (Couldn't resolve host name)
[2017.03.02-12.08.13:868][221]LogHttp:Warning: 000002650E698400: libcurl info message cache 8 (Could not resolve host: datarouter.ol.epicgames.com)
[2017.03.02-12.08.13:868][221]LogHttp:Warning: 000002650E698400: libcurl info message cache 9 (Closing connection 6)
[2017.03.02-12.09.02:202][113]BlueprintLog: New page: Compile Door
[2017.03.02-12.09.31:481][510]BlueprintLog: New page: Compile Door2
[2017.03.02-12.10.02:268][651]LogHttp:Warning: 000002651F035300: request failed, libcurl error: 6 (Couldn't resolve host name)
[2017.03.02-12.10.02:268][651]LogHttp:Warning: 000002651F035300: libcurl info message cache 8 (Could not resolve host: datarouter.ol.epicgames.com)
[2017.03.02-12.10.02:268][651]LogHttp:Warning: 000002651F035300: libcurl info message cache 9 (Closing connection 7)
[2017.03.02-12.10.28:101][768]BlueprintLog: New page: Compile Collectable
[2017.03.02-12.11.28:172][826]LogHttp:Warning: 0000026529373E80: request failed, libcurl error: 6 (Couldn't resolve host name)
[2017.03.02-12.11.28:172][826]LogHttp:Warning: 0000026529373E80: libcurl info message cache 8 (Could not resolve host: datarouter.ol.epicgames.com)
[2017.03.02-12.11.28:172][826]LogHttp:Warning: 0000026529373E80: libcurl info message cache 9 (Closing connection 8)
[2017.03.02-12.12.40:940][890]LogHttp:Warning: 000002652A744580: request failed, libcurl error: 6 (Couldn't resolve host name)
[2017.03.02-12.12.40:940][890]LogHttp:Warning: 000002652A744580: libcurl info message cache 8 (Could not resolve host: datarouter.ol.epicgames.com)
[2017.03.02-12.12.40:940][890]LogHttp:Warning: 000002652A744580: libcurl info message cache 9 (Closing connection 9)
[2017.03.02-12.12.50:042][169]BlueprintLog: New page: Compile FirstPersonCharacter
[2017.03.02-12.13.50:129][984]LogHttp:Warning: 0000026529221480: request failed, libcurl error: 6 (Couldn't resolve host name)
[2017.03.02-12.13.50:129][984]LogHttp:Warning: 0000026529221480: libcurl info message cache 8 (Could not resolve host: datarouter.ol.epicgames.com)
[2017.03.02-12.13.50:130][984]LogHttp:Warning: 0000026529221480: libcurl info message cache 9 (Closing connection 10)
[2017.03.02-12.15.24:126][260]LogHttp:Warning: 000002654152E080: request failed, libcurl error: 6 (Couldn't resolve host name)
[2017.03.02-12.15.24:126][260]LogHttp:Warning: 000002654152E080: libcurl info message cache 8 (Could not resolve host: datarouter.ol.epicgames.com)
[2017.03.02-12.15.24:126][260]LogHttp:Warning: 000002654152E080: libcurl info message cache 9 (Closing connection 11)
[2017.03.02-12.17.30:925][475]LogHttp:Warning: 00000265472FBD00: request failed, libcurl error: 6 (Couldn't resolve host name)
[2017.03.02-12.17.30:925][475]LogHttp:Warning: 00000265472FBD00: libcurl info message cache 8 (Could not resolve host: datarouter.ol.epicgames.com)
[2017.03.02-12.17.30:925][475]LogHttp:Warning: 00000265472FBD00: libcurl info message cache 9 (Closing connection 12)
[2017.03.02-12.17.56:852][342]BlueprintLog: New page: Compile BurningHouse2
[2017.03.02-12.18.32:774][545]LogSavePackage: Save=2971.12ms
[2017.03.02-12.18.32:774][545]LogSavePackage: Moving '../../../../../../Users/Courtney/Desktop/Scripting2/BurningHouse2/Saved/BurningHouse2_Auto194138A4F449F94D33DF0359854068A8F.tmp' to '../../../../../../Users/Courtney/Desktop/Scripting2/BurningHouse2/Saved/Autosaves/Game/BurningHouse2_Auto1.umap'
[2017.03.02-12.18.32:798][545]LogSavePackage:Display: Finished SavePackage ../../../../../../Users/Courtney/Desktop/Scripting2/BurningHouse2/Saved/Autosaves/Game/BurningHouse2_Auto1.umap
[2017.03.02-12.18.32:846][545]LogFileHelpers: Editor autosave (incl. sublevels) for '/Game/BurningHouse2' took 3.676
[2017.03.02-12.18.32:846][545]LogFileHelpers: Editor autosave (incl. sublevels) for all levels took 3.676
[2017.03.02-12.18.32:857][545]OBJ SavePackage: Generating thumbnails for [1] asset(s) in package [/Game/FirstPersonBP/Blueprints/FirstPersonCharacter] ([1] browsable assets)...
[2017.03.02-12.18.33:003][545]OBJ SavePackage:     Rendered thumbnail for [Blueprint /Game/FirstPersonBP/Blueprints/FirstPersonCharacter.FirstPersonCharacter]
[2017.03.02-12.18.33:003][545]OBJ SavePackage: Finished generating thumbnails for package [/Game/FirstPersonBP/Blueprints/FirstPersonCharacter]
[2017.03.02-12.18.33:378][545]LogSavePackage: Save=332.45ms
[2017.03.02-12.18.33:378][545]LogSavePackage: Moving '../../../../../../Users/Courtney/Desktop/Scripting2/BurningHouse2/Saved/FirstPersonCharacter_Auto14EC8DC36408522642B044BB5DE982E66.tmp' to '../../../../../../Users/Courtney/Desktop/Scripting2/BurningHouse2/Saved/Autosaves/Game/FirstPersonBP/Blueprints/FirstPersonCharacter_Auto1.uasset'
[2017.03.02-12.18.33:386][545]LogSavePackage:Display: Finished SavePackage ../../../../../../Users/Courtney/Desktop/Scripting2/BurningHouse2/Saved/Autosaves/Game/FirstPersonBP/Blueprints/FirstPersonCharacter_Auto1.uasset
[2017.03.02-12.18.33:389][545]OBJ SavePackage: Generating thumbnails for [0] asset(s) in package [/Game/FirstPersonBP/Blueprints/Gameover] ([1] browsable assets)...
[2017.03.02-12.18.33:389][545]OBJ SavePackage: Finished generating thumbnails for package [/Game/FirstPersonBP/Blueprints/Gameover]
[2017.03.02-12.18.33:570][545]LogSavePackage: Save=90.14ms
[2017.03.02-12.18.33:573][545]LogSavePackage: Moving '../../../../../../Users/Courtney/Desktop/Scripting2/BurningHouse2/Saved/Gameover_Auto10D9262084F2F1004F306A19F55D788FE.tmp' to '../../../../../../Users/Courtney/Desktop/Scripting2/BurningHouse2/Saved/Autosaves/Game/FirstPersonBP/Blueprints/Gameover_Auto1.uasset'
[2017.03.02-12.18.33:578][545]LogSavePackage:Display: Finished SavePackage ../../../../../../Users/Courtney/Desktop/Scripting2/BurningHouse2/Saved/Autosaves/Game/FirstPersonBP/Blueprints/Gameover_Auto1.uasset
[2017.03.02-12.18.33:580][545]OBJ SavePackage: Generating thumbnails for [1] asset(s) in package [/Game/FirstPersonBP/Blueprints/Collectable] ([1] browsable assets)...
[2017.03.02-12.18.33:661][545]OBJ SavePackage:     Rendered thumbnail for [Blueprint /Game/FirstPersonBP/Blueprints/Collectable.Collectable]
[2017.03.02-12.18.33:661][545]OBJ SavePackage: Finished generating thumbnails for package [/Game/FirstPersonBP/Blueprints/Collectable]
[2017.03.02-12.18.33:880][545]LogSavePackage: Save=142.27ms
[2017.03.02-12.18.33:880][545]LogSavePackage: Moving '../../../../../../Users/Courtney/Desktop/Scripting2/BurningHouse2/Saved/Collectable_Auto14B7A008141C5162DDE6CBA8920FA4717.tmp' to '../../../../../../Users/Courtney/Desktop/Scripting2/BurningHouse2/Saved/Autosaves/Game/FirstPersonBP/Blueprints/Collectable_Auto1.uasset'
[2017.03.02-12.18.33:885][545]LogSavePackage:Display: Finished SavePackage ../../../../../../Users/Courtney/Desktop/Scripting2/BurningHouse2/Saved/Autosaves/Game/FirstPersonBP/Blueprints/Collectable_Auto1.uasset
[2017.03.02-12.18.33:889][545]OBJ SavePackage: Generating thumbnails for [1] asset(s) in package [/Game/FirstPersonBP/Blueprints/Door] ([1] browsable assets)...
[2017.03.02-12.18.33:959][545]OBJ SavePackage:     Rendered thumbnail for [Blueprint /Game/FirstPersonBP/Blueprints/Door.Door]
[2017.03.02-12.18.33:959][545]OBJ SavePackage: Finished generating thumbnails for package [/Game/FirstPersonBP/Blueprints/Door]
[2017.03.02-12.18.34:116][545]LogSavePackage: Save=103.41ms
[2017.03.02-12.18.34:116][545]LogSavePackage: Moving '../../../../../../Users/Courtney/Desktop/Scripting2/BurningHouse2/Saved/Door_Auto16E2FC2284F740660F2E8A3A671541DE1.tmp' to '../../../../../../Users/Courtney/Desktop/Scripting2/BurningHouse2/Saved/Autosaves/Game/FirstPersonBP/Blueprints/Door_Auto1.uasset'
[2017.03.02-12.18.34:121][545]LogSavePackage:Display: Finished SavePackage ../../../../../../Users/Courtney/Desktop/Scripting2/BurningHouse2/Saved/Autosaves/Game/FirstPersonBP/Blueprints/Door_Auto1.uasset
[2017.03.02-12.18.34:124][545]OBJ SavePackage: Generating thumbnails for [1] asset(s) in package [/Game/FirstPersonBP/Blueprints/Door2] ([1] browsable assets)...
[2017.03.02-12.18.34:179][545]OBJ SavePackage:     Rendered thumbnail for [Blueprint /Game/FirstPersonBP/Blueprints/Door2.Door2]
[2017.03.02-12.18.34:179][545]OBJ SavePackage: Finished generating thumbnails for package [/Game/FirstPersonBP/Blueprints/Door2]
[2017.03.02-12.18.34:320][545]LogSavePackage: Save=86.07ms
[2017.03.02-12.18.34:320][545]LogSavePackage: Moving '../../../../../../Users/Courtney/Desktop/Scripting2/BurningHouse2/Saved/Door2_Auto153F1B436453232CA2C324AADE372C6AB.tmp' to '../../../../../../Users/Courtney/Desktop/Scripting2/BurningHouse2/Saved/Autosaves/Game/FirstPersonBP/Blueprints/Door2_Auto1.uasset'
[2017.03.02-12.18.34:325][545]LogSavePackage:Display: Finished SavePackage ../../../../../../Users/Courtney/Desktop/Scripting2/BurningHouse2/Saved/Autosaves/Game/FirstPersonBP/Blueprints/Door2_Auto1.uasset
[2017.03.02-12.18.34:328][545]OBJ SavePackage: Generating thumbnails for [0] asset(s) in package [/Game/FirstPersonBP/Blueprints/HUD] ([1] browsable assets)...
[2017.03.02-12.18.34:328][545]OBJ SavePackage: Finished generating thumbnails for package [/Game/FirstPersonBP/Blueprints/HUD]
[2017.03.02-12.18.34:445][545]LogSavePackage: Save=77.24ms
[2017.03.02-12.18.34:448][545]LogSavePackage: Moving '../../../../../../Users/Courtney/Desktop/Scripting2/BurningHouse2/Saved/HUD_Auto103668A31479902CE6F57D89CEA62925F.tmp' to '../../../../../../Users/Courtney/Desktop/Scripting2/BurningHouse2/Saved/Autosaves/Game/FirstPersonBP/Blueprints/HUD_Auto1.uasset'
[2017.03.02-12.18.34:455][545]LogSavePackage:Display: Finished SavePackage ../../../../../../Users/Courtney/Desktop/Scripting2/BurningHouse2/Saved/Autosaves/Game/FirstPersonBP/Blueprints/HUD_Auto1.uasset
[2017.03.02-12.18.34:455][545]LogFileHelpers: Auto-saving content packages took 1.605
[2017.03.02-12.18.56:905][445]LogHttp:Warning: 00000265432C4280: request failed, libcurl error: 6 (Couldn't resolve host name)
[2017.03.02-12.18.56:905][445]LogHttp:Warning: 00000265432C4280: libcurl info message cache 8 (Could not resolve host: datarouter.ol.epicgames.com)
[2017.03.02-12.18.56:905][445]LogHttp:Warning: 00000265432C4280: libcurl info message cache 9 (Closing connection 13)
[2017.03.02-12.20.24:119][516]LogHttp:Warning: 000002653F92FA00: request failed, libcurl error: 6 (Couldn't resolve host name)
[2017.03.02-12.20.24:119][516]LogHttp:Warning: 000002653F92FA00: libcurl info message cache 8 (Could not resolve host: datarouter.ol.epicgames.com)
[2017.03.02-12.20.24:119][516]LogHttp:Warning: 000002653F92FA00: libcurl info message cache 9 (Closing connection 14)
[2017.03.02-12.20.34:443][808]Cmd: OBJ SAVEPACKAGE PACKAGE="/Game/BurningHouse2" FILE="../../../../../../Users/Courtney/Desktop/Scripting2/BurningHouse2/Content/BurningHouse2.umap" SILENT=true AUTOSAVING=false KEEPDIRTY=false
[2017.03.02-12.20.37:777][808]LogSavePackage: Save=2787.04ms
[2017.03.02-12.20.37:777][808]LogSavePackage: Moving '../../../../../../Users/Courtney/Desktop/Scripting2/BurningHouse2/Saved/BurningHouse2852C10AB4416F161524DE995BB4C8301.tmp' to '../../../../../../Users/Courtney/Desktop/Scripting2/BurningHouse2/Content/BurningHouse2.umap'
[2017.03.02-12.20.37:811][808]LogSavePackage:Display: Finished SavePackage ../../../../../../Users/Courtney/Desktop/Scripting2/BurningHouse2/Content/BurningHouse2.umap
[2017.03.02-12.21.34:372][ 41]LogHttp:Warning: 000002652C025480: request failed, libcurl error: 6 (Couldn't resolve host name)
[2017.03.02-12.21.34:372][ 41]LogHttp:Warning: 000002652C025480: libcurl info message cache 8 (Could not resolve host: datarouter.ol.epicgames.com)
[2017.03.02-12.21.34:372][ 41]LogHttp:Warning: 000002652C025480: libcurl info message cache 9 (Closing connection 15)
[2017.03.02-12.22.59:031][689]LogHttp:Warning: 000002653EE7B580: request failed, libcurl error: 6 (Couldn't resolve host name)
[2017.03.02-12.22.59:031][689]LogHttp:Warning: 000002653EE7B580: libcurl info message cache 8 (Could not resolve host: datarouter.ol.epicgames.com)
[2017.03.02-12.22.59:031][689]LogHttp:Warning: 000002653EE7B580: libcurl info message cache 9 (Closing connection 16)
[2017.03.02-12.23.07:918][951]BlueprintLog: New page: Compile P_Fire
[2017.03.02-12.23.16:153][201]LogMetaData: Removing '/Game/FirstPersonBP/Blueprints/P_Fire.P_Fire:UserConstructionScript.K2Node_FunctionEntry_0' ref from Metadata '/Game/Blueprints/P_Fire.PackageMetaData'
[2017.03.02-12.23.16:153][201]LogMetaData: Removing '/Game/FirstPersonBP/Blueprints/P_Fire.P_Fire_C' ref from Metadata '/Game/Blueprints/P_Fire.PackageMetaData'
[2017.03.02-12.23.16:153][201]LogMetaData: Removing '/Game/FirstPersonBP/Blueprints/P_Fire.P_Fire:EventGraph.K2Node_Event_0' ref from Metadata '/Game/Blueprints/P_Fire.PackageMetaData'
[2017.03.02-12.23.16:153][201]LogMetaData: Removing '/Game/FirstPersonBP/Blueprints/P_Fire.P_Fire:EventGraph.K2Node_Event_2' ref from Metadata '/Game/Blueprints/P_Fire.PackageMetaData'
[2017.03.02-12.23.16:154][201]LogMetaData: Removing '/Game/FirstPersonBP/Blueprints/P_Fire.P_Fire_C:Sphere' ref from Metadata '/Game/Blueprints/P_Fire.PackageMetaData'
[2017.03.02-12.23.16:154][201]LogMetaData: Removing '/Game/FirstPersonBP/Blueprints/P_Fire.SKEL_P_Fire_C:ExecuteUbergraph_P_Fire' ref from Metadata '/Game/Blueprints/P_Fire.PackageMetaData'
[2017.03.02-12.23.16:154][201]LogMetaData: Removing '/Game/FirstPersonBP/Blueprints/P_Fire.SKEL_P_Fire_C:UserConstructionScript' ref from Metadata '/Game/Blueprints/P_Fire.PackageMetaData'
[2017.03.02-12.23.16:154][201]LogMetaData: Removing '/Game/FirstPersonBP/Blueprints/P_Fire.SKEL_P_Fire_C:ReceiveTick' ref from Metadata '/Game/Blueprints/P_Fire.PackageMetaData'
[2017.03.02-12.23.16:154][201]LogMetaData: Removing '/Game/FirstPersonBP/Blueprints/P_Fire.SKEL_P_Fire_C:Sphere' ref from Metadata '/Game/Blueprints/P_Fire.PackageMetaData'
[2017.03.02-12.23.16:154][201]LogMetaData: Removing '/Game/FirstPersonBP/Blueprints/P_Fire.SKEL_P_Fire_C' ref from Metadata '/Game/Blueprints/P_Fire.PackageMetaData'
[2017.03.02-12.23.16:154][201]LogMetaData: Removing '/Game/FirstPersonBP/Blueprints/P_Fire.P_Fire_C:ReceiveTick' ref from Metadata '/Game/Blueprints/P_Fire.PackageMetaData'
[2017.03.02-12.23.16:154][201]LogMetaData: Removing '/Game/FirstPersonBP/Blueprints/P_Fire.P_Fire_C:UserConstructionScript' ref from Metadata '/Game/Blueprints/P_Fire.PackageMetaData'
[2017.03.02-12.23.16:154][201]LogMetaData: Removing '/Game/FirstPersonBP/Blueprints/P_Fire.P_Fire_C:ExecuteUbergraph_P_Fire' ref from Metadata '/Game/Blueprints/P_Fire.PackageMetaData'
[2017.03.02-12.23.16:268][201]Cmd: OBJ SAVEPACKAGE PACKAGE="/Game/FirstPersonBP/Blueprints/P_Fire" FILE="../../../../../../Users/Courtney/Desktop/Scripting2/BurningHouse2/Content/FirstPersonBP/Blueprints/P_Fire.uasset" SILENT=true
[2017.03.02-12.23.16:343][201]LogSavePackage: Save=69.32ms
[2017.03.02-12.23.16:343][201]LogSavePackage: Moving '../../../../../../Users/Courtney/Desktop/Scripting2/BurningHouse2/Saved/P_Fire9D50842D4D90744CC632A783494650DB.tmp' to '../../../../../../Users/Courtney/Desktop/Scripting2/BurningHouse2/Content/FirstPersonBP/Blueprints/P_Fire.uasset'
[2017.03.02-12.23.16:364][201]LogSavePackage:Display: Finished SavePackage ../../../../../../Users/Courtney/Desktop/Scripting2/BurningHouse2/Content/FirstPersonBP/Blueprints/P_Fire.uasset
[2017.03.02-12.23.16:376][201]Cmd: OBJ SAVEPACKAGE PACKAGE="/Game/Blueprints/P_Fire" FILE="../../../../../../Users/Courtney/Desktop/Scripting2/BurningHouse2/Content/Blueprints/P_Fire.uasset" SILENT=true
[2017.03.02-12.23.16:438][201]LogSavePackage: Save=19.01ms
[2017.03.02-12.23.16:438][201]LogSavePackage: Moving '../../../../../../Users/Courtney/Desktop/Scripting2/BurningHouse2/Saved/P_Fire51F8195B4ED1CAC06236E18A22965CBD.tmp' to '../../../../../../Users/Courtney/Desktop/Scripting2/BurningHouse2/Content/Blueprints/P_Fire.uasset'
[2017.03.02-12.23.16:449][201]LogSavePackage:Display: Finished SavePackage ../../../../../../Users/Courtney/Desktop/Scripting2/BurningHouse2/Content/Blueprints/P_Fire.uasset
[2017.03.02-12.23.18:398][233]LogBlueprintUserMessages: Early PlayInEditor Detection: Level '/Game/BurningHouse2.BurningHouse2:PersistentLevel' has LevelScriptBlueprint '/Game/BurningHouse2.BurningHouse2:PersistentLevel.BurningHouse2' with GeneratedClass '/Game/BurningHouse2.BurningHouse2_C' with ClassGeneratedBy '/Game/BurningHouse2.BurningHouse2:PersistentLevel.BurningHouse2'
[2017.03.02-12.23.18:398][233]BlueprintLog: New page: Pre-Play auto-recompile
[2017.03.02-12.23.18:398][233]LogPlayLevel: [PlayLevel] Compiling Gameover before play...
[2017.03.02-12.23.19:031][233]LogPlayLevel: PlayLevel: Blueprint regeneration took 633 ms (1 blueprints)
[2017.03.02-12.23.19:032][233]PIE: New page: PIE session: BurningHouse2 (Mar 2, 2017, 12:23:19 PM)
[2017.03.02-12.23.19:032][233]LogPlayLevel: Creating play world package: /Game/UEDPIE_0_BurningHouse2
[2017.03.02-12.23.19:141][233]LogPlayLevel: PIE: StaticDuplicateObject took: (0.108545s)
[2017.03.02-12.23.19:143][233]LogAIModule: Creating AISystem for world BurningHouse2
[2017.03.02-12.23.19:143][233]LogPlayLevel: PIE: World Init took: (0.002566s)
[2017.03.02-12.23.19:144][233]LogPlayLevel: PIE: Created PIE world by copying editor world from /Game/BurningHouse2.BurningHouse2 to /Game/UEDPIE_0_BurningHouse2.BurningHouse2 (0.111738s)
[2017.03.02-12.23.19:259][233]LogInit: XAudio2 using 'Speakers (Realtek High Definition Audio)' : 2 channels at 48 kHz using 32 bits per sample (channel mask 0x3)
[2017.03.02-12.23.19:297][233]LogInit: FAudioDevice initialized.
[2017.03.02-12.23.19:371][233]LogWorld: Game class is 'FirstPersonGameMode_C'
[2017.03.02-12.23.19:423][233]LogWorld: Bringing World /Game/UEDPIE_0_BurningHouse2.BurningHouse2 up for play (max tick rate 60) at 2017.03.02-12.23.19
[2017.03.02-12.23.19:425][233]LogWorld: Bringing up level for play took: 0.050942
[2017.03.02-12.23.19:429][233]LogGameMode:Display: Match State Changed from EnteringMap to WaitingToStart
[2017.03.02-12.23.19:429][233]LogGameState: Match State Changed from EnteringMap to WaitingToStart
[2017.03.02-12.23.19:429][233]LogGameMode:Display: Match State Changed from WaitingToStart to InProgress
[2017.03.02-12.23.19:447][233]LogGameState: Match State Changed from WaitingToStart to InProgress
[2017.03.02-12.23.19:459][233]PIE: Info Play in editor start time for /Game/UEDPIE_0_BurningHouse2 1.21
[2017.03.02-12.23.19:460][233]LogBlueprintUserMessages: Late PlayInEditor Detection: Level '/Game/BurningHouse2.BurningHouse2:PersistentLevel' has LevelScriptBlueprint '/Game/BurningHouse2.BurningHouse2:PersistentLevel.BurningHouse2' with GeneratedClass '/Game/BurningHouse2.BurningHouse2_C' with ClassGeneratedBy '/Game/BurningHouse2.BurningHouse2:PersistentLevel.BurningHouse2'
[2017.03.02-12.23.31:145][501]LogBlueprintUserMessages: Early EndPlayMap Detection: Level '/Game/BurningHouse2.BurningHouse2:PersistentLevel' has LevelScriptBlueprint '/Game/BurningHouse2.BurningHouse2:PersistentLevel.BurningHouse2' with GeneratedClass '/Game/BurningHouse2.BurningHouse2_C' with ClassGeneratedBy '/Game/BurningHouse2.BurningHouse2:PersistentLevel.BurningHouse2'
[2017.03.02-12.23.31:331][501]LogBlueprintUserMessages: Late EndPlayMap Detection: Level '/Game/BurningHouse2.BurningHouse2:PersistentLevel' has LevelScriptBlueprint '/Game/BurningHouse2.BurningHouse2:PersistentLevel.BurningHouse2' with GeneratedClass '/Game/BurningHouse2.BurningHouse2_C' with ClassGeneratedBy '/Game/BurningHouse2.BurningHouse2:PersistentLevel.BurningHouse2'
[2017.03.02-12.24.01:100][147]LogHttp:Warning: 000002651E3A0880: request failed, libcurl error: 6 (Couldn't resolve host name)
[2017.03.02-12.24.01:101][147]LogHttp:Warning: 000002651E3A0880: libcurl info message cache 8 (Could not resolve host: datarouter.ol.epicgames.com)
[2017.03.02-12.24.01:101][147]LogHttp:Warning: 000002651E3A0880: libcurl info message cache 9 (Closing connection 17)
[2017.03.02-12.25.24:201][525]LogHttp:Warning: 000002653EDC2800: request failed, libcurl error: 6 (Couldn't resolve host name)
[2017.03.02-12.25.24:202][525]LogHttp:Warning: 000002653EDC2800: libcurl info message cache 8 (Could not resolve host: datarouter.ol.epicgames.com)
[2017.03.02-12.25.24:202][525]LogHttp:Warning: 000002653EDC2800: libcurl info message cache 9 (Closing connection 18)
[2017.03.02-12.28.12:410][ 90]LogStats: FPlatformStackWalk::StackWalkAndDump -  0.168 s
[2017.03.02-12.28.12:410][ 90]LogOutputDevice:Error: === Handled ensure: ===
[2017.03.02-12.28.12:410][ 90]LogOutputDevice:Error: 
[2017.03.02-12.28.12:410][ 90]LogOutputDevice:Error: Ensure condition failed: TabBeingDraggedPtr.IsValid() [File:D:\Build\++UE4+Release-4.13+Compile\Sync\Engine\Source\Runtime\Slate\Private\Framework\Docking\SDockingTabWell.cpp] [Line: 375]
[2017.03.02-12.28.12:410][ 90]LogOutputDevice:Error: 
[2017.03.02-12.28.12:410][ 90]LogOutputDevice:Error: Stack: 
[2017.03.02-12.28.12:411][ 90]LogOutputDevice:Error: UE4Editor-Core.dll
[2017.03.02-12.28.12:411][ 90]LogOutputDevice:Error: UE4Editor-Core.dll
[2017.03.02-12.28.12:411][ 90]LogOutputDevice:Error: UE4Editor-Core.dll
[2017.03.02-12.28.12:411][ 90]LogOutputDevice:Error: UE4Editor-Slate.dll
[2017.03.02-12.28.12:411][ 90]LogOutputDevice:Error: UE4Editor-Slate.dll
[2017.03.02-12.28.12:411][ 90]LogOutputDevice:Error: UE4Editor-Slate.dll
[2017.03.02-12.28.12:411][ 90]LogOutputDevice:Error: UE4Editor-Slate.dll
[2017.03.02-12.28.12:411][ 90]LogOutputDevice:Error: UE4Editor-Slate.dll
[2017.03.02-12.28.12:411][ 90]LogOutputDevice:Error: UE4Editor-Slate.dll
[2017.03.02-12.28.12:411][ 90]LogOutputDevice:Error: UE4Editor-Core.dll
[2017.03.02-12.28.12:411][ 90]LogOutputDevice:Error: UE4Editor-Core.dll
[2017.03.02-12.28.12:411][ 90]LogOutputDevice:Error: UE4Editor-Core.dll
[2017.03.02-12.28.12:411][ 90]LogOutputDevice:Error: UE4Editor-Core.dll
[2017.03.02-12.28.12:411][ 90]LogOutputDevice:Error: USER32.dll
[2017.03.02-12.28.12:411][ 90]LogOutputDevice:Error: USER32.dll
[2017.03.02-12.28.12:411][ 90]LogOutputDevice:Error: UE4Editor-Core.dll
[2017.03.02-12.28.12:411][ 90]LogOutputDevice:Error: UE4Editor.exe
[2017.03.02-12.28.12:411][ 90]LogOutputDevice:Error: UE4Editor.exe
[2017.03.02-12.28.12:411][ 90]LogOutputDevice:Error: UE4Editor.exe
[2017.03.02-12.28.12:411][ 90]LogOutputDevice:Error: UE4Editor.exe
[2017.03.02-12.28.12:411][ 90]LogOutputDevice:Error: UE4Editor.exe
[2017.03.02-12.28.12:411][ 90]LogOutputDevice:Error: KERNEL32.DLL
[2017.03.02-12.28.12:411][ 90]LogOutputDevice:Error: ntdll.dll
[2017.03.02-12.28.12:411][ 90]LogOutputDevice:Error: ntdll.dll
[2017.03.02-12.28.12:411][ 90]LogOutputDevice:Error: 
[2017.03.02-12.28.12:411][ 90]LogStats:                SubmitErrorReport -  0.000 s
[2017.03.02-12.28.22:006][ 90]LogStats:                    SendNewReport -  9.595 s
[2017.03.02-12.28.22:006][ 90]LogStats:             FDebug::EnsureFailed -  9.773 s
[2017.03.02-12.29.33:571][759]LogHttp:Warning: 00000265152DA680: request failed, libcurl error: 6 (Couldn't resolve host name)
[2017.03.02-12.29.33:571][759]LogHttp:Warning: 00000265152DA680: libcurl info message cache 8 (Could not resolve host: datarouter.ol.epicgames.com)
[2017.03.02-12.29.33:571][759]LogHttp:Warning: 00000265152DA680: libcurl info message cache 9 (Closing connection 19)
[2017.03.02-12.30.07:710][ 60]Cmd: OBJ SAVEPACKAGE PACKAGE="/Game/BurningHouse2" FILE="../../../../../../Users/Courtney/Desktop/Scripting2/BurningHouse2/Content/BurningHouse2.umap" SILENT=true AUTOSAVING=false KEEPDIRTY=false
[2017.03.02-12.30.10:811][ 60]LogSavePackage: Save=2927.11ms
[2017.03.02-12.30.10:811][ 60]LogSavePackage: Moving '../../../../../../Users/Courtney/Desktop/Scripting2/BurningHouse2/Saved/BurningHouse261F4576B4DBF2D39FEBF70ACEEB25C85.tmp' to '../../../../../../Users/Courtney/Desktop/Scripting2/BurningHouse2/Content/BurningHouse2.umap'
[2017.03.02-12.30.10:944][ 60]LogSavePackage:Display: Finished SavePackage ../../../../../../Users/Courtney/Desktop/Scripting2/BurningHouse2/Content/BurningHouse2.umap
[2017.03.02-12.30.11:035][ 60]LogFileHelpers: Saving map 'BurningHouse2' took 3.745
[2017.03.02-12.30.11:448][ 60]LogSavePackage: Save=264.91ms
[2017.03.02-12.30.11:448][ 60]LogSavePackage: Moving '../../../../../../Users/Courtney/Desktop/Scripting2/BurningHouse2/Saved/FirstPersonCharacter950E90914828776554E86C9B2DF03E0B.tmp' to '../../../../../../Users/Courtney/Desktop/Scripting2/BurningHouse2/Content/FirstPersonBP/Blueprints/FirstPersonCharacter.uasset'
[2017.03.02-12.30.11:473][ 60]LogSavePackage:Display: Finished SavePackage ../../../../../../Users/Courtney/Desktop/Scripting2/BurningHouse2/Content/FirstPersonBP/Blueprints/FirstPersonCharacter.uasset
[2017.03.02-12.30.11:481][ 60]Cmd: OBJ SAVEPACKAGE PACKAGE="/Game/FirstPersonBP/Blueprints/Gameover" FILE="../../../../../../Users/Courtney/Desktop/Scripting2/BurningHouse2/Content/FirstPersonBP/Blueprints/Gameover.uasset" SILENT=true
[2017.03.02-12.30.11:557][ 60]LogSavePackage: Save=35.74ms
[2017.03.02-12.30.11:558][ 60]LogSavePackage: Moving '../../../../../../Users/Courtney/Desktop/Scripting2/BurningHouse2/Saved/Gameover2F2FF7D042D514F3C61065A8AE84691B.tmp' to '../../../../../../Users/Courtney/Desktop/Scripting2/BurningHouse2/Content/FirstPersonBP/Blueprints/Gameover.uasset'
[2017.03.02-12.30.11:581][ 60]LogSavePackage:Display: Finished SavePackage ../../../../../../Users/Courtney/Desktop/Scripting2/BurningHouse2/Content/FirstPersonBP/Blueprints/Gameover.uasset
[2017.03.02-12.30.11:784][ 60]LogSavePackage: Save=75.43ms
[2017.03.02-12.30.11:784][ 60]LogSavePackage: Moving '../../../../../../Users/Courtney/Desktop/Scripting2/BurningHouse2/Saved/Collectable820C5C7444A9ACDE9E1AB6AB1C852FC9.tmp' to '../../../../../../Users/Courtney/Desktop/Scripting2/BurningHouse2/Content/FirstPersonBP/Blueprints/Collectable.uasset'
[2017.03.02-12.30.11:814][ 60]LogSavePackage:Display: Finished SavePackage ../../../../../../Users/Courtney/Desktop/Scripting2/BurningHouse2/Content/FirstPersonBP/Blueprints/Collectable.uasset
[2017.03.02-12.30.11:824][ 60]Cmd: OBJ SAVEPACKAGE PACKAGE="/Game/FirstPersonBP/Blueprints/Door" FILE="../../../../../../Users/Courtney/Desktop/Scripting2/BurningHouse2/Content/FirstPersonBP/Blueprints/Door.uasset" SILENT=true
[2017.03.02-12.30.11:953][ 60]LogSavePackage: Save=74.54ms
[2017.03.02-12.30.11:953][ 60]LogSavePackage: Moving '../../../../../../Users/Courtney/Desktop/Scripting2/BurningHouse2/Saved/Door2415E4CF491BDCF127DB02B738EC631A.tmp' to '../../../../../../Users/Courtney/Desktop/Scripting2/BurningHouse2/Content/FirstPersonBP/Blueprints/Door.uasset'
[2017.03.02-12.30.11:973][ 60]LogSavePackage:Display: Finished SavePackage ../../../../../../Users/Courtney/Desktop/Scripting2/BurningHouse2/Content/FirstPersonBP/Blueprints/Door.uasset
[2017.03.02-12.30.11:981][ 60]Cmd: OB