Log file open, 02/28/17 18:44:03
LogInit:Display: Running engine for game: BurningHouse
LogPlatformFile: Not using cached read wrapper
LogInit:Display: RandInit(430703614) SRandInit(430703615).
LogTaskGraph: Started task graph with 5 named threads and 6 total threads with 1 sets of task threads.
LogStats: Stats thread started at 0.401028
LogPluginManager: Loaded Plugin Paper2D, From C:/Program Files (x86)/Epic Games/4.13/Engine/Plugins/2D/Paper2D/Paper2D.uplugin
LogPluginManager: Loaded Plugin LightPropagationVolume, From C:/Program Files (x86)/Epic Games/4.13/Engine/Plugins/Blendables/LightPropagationVolume/LightPropagationVolume.uplugin
LogPluginManager: Loaded Plugin BlankPlugin, From C:/Program Files (x86)/Epic Games/4.13/Engine/Plugins/Developer/BlankPlugin/BlankPlugin.uplugin
LogPluginManager: Loaded Plugin CodeLiteSourceCodeAccess, From C:/Program Files (x86)/Epic Games/4.13/Engine/Plugins/Developer/CodeLiteSourceCodeAccess/CodeLiteSourceCodeAccess.uplugin
LogPluginManager: Loaded Plugin GitSourceControl, From C:/Program Files (x86)/Epic Games/4.13/Engine/Plugins/Developer/GitSourceControl/GitSourceControl.uplugin
LogPluginManager: Loaded Plugin KDevelopSourceCodeAccess, From C:/Program Files (x86)/Epic Games/4.13/Engine/Plugins/Developer/KDevelopSourceCodeAccess/KDevelopSourceCodeAccess.uplugin
LogPluginManager: Loaded Plugin NullSourceCodeAccess, From C:/Program Files (x86)/Epic Games/4.13/Engine/Plugins/Developer/NullSourceCodeAccess/NullSourceCodeAccess.uplugin
LogPluginManager: Loaded Plugin OneSkyLocalizationService, From C:/Program Files (x86)/Epic Games/4.13/Engine/Plugins/Developer/OneSkyLocalizationService/OneSkyLocalizationService.uplugin
LogPluginManager: Loaded Plugin PerforceSourceControl, From C:/Program Files (x86)/Epic Games/4.13/Engine/Plugins/Developer/PerforceSourceControl/PerforceSourceControl.uplugin
LogPluginManager: Loaded Plugin SubversionSourceControl, From C:/Program Files (x86)/Epic Games/4.13/Engine/Plugins/Developer/SubversionSourceControl/SubversionSourceControl.uplugin
LogPluginManager: Loaded Plugin UObjectPlugin, From C:/Program Files (x86)/Epic Games/4.13/Engine/Plugins/Developer/UObjectPlugin/UObjectPlugin.uplugin
LogPluginManager: Loaded Plugin VisualStudioSourceCodeAccess, From C:/Program Files (x86)/Epic Games/4.13/Engine/Plugins/Developer/VisualStudioSourceCodeAccess/VisualStudioSourceCodeAccess.uplugin
LogPluginManager: Loaded Plugin XCodeSourceCodeAccess, From C:/Program Files (x86)/Epic Games/4.13/Engine/Plugins/Developer/XCodeSourceCodeAccess/XCodeSourceCodeAccess.uplugin
LogPluginManager: Loaded Plugin EpicSurvey, From C:/Program Files (x86)/Epic Games/4.13/Engine/Plugins/Editor/EpicSurvey/EpicSurvey.uplugin
LogPluginManager: Loaded Plugin MacGraphicsSwitching, From C:/Program Files (x86)/Epic Games/4.13/Engine/Plugins/Editor/MacGraphicsSwitching/MacGraphicsSwitching.uplugin
LogPluginManager: Loaded Plugin MobileLauncherProfileWizard, From C:/Program Files (x86)/Epic Games/4.13/Engine/Plugins/Editor/MobileLauncherProfileWizard/MobileLauncherProfileWizard.uplugin
LogPluginManager: Loaded Plugin PluginBrowser, From C:/Program Files (x86)/Epic Games/4.13/Engine/Plugins/Editor/PluginBrowser/PluginBrowser.uplugin
LogPluginManager: Loaded Plugin SpeedTreeImporter, From C:/Program Files (x86)/Epic Games/4.13/Engine/Plugins/Editor/SpeedTreeImporter/SpeedTreeImporter.uplugin
LogPluginManager: Loaded Plugin SuperSearchEditor, From C:/Program Files (x86)/Epic Games/4.13/Engine/Plugins/Editor/SuperSearchEditor/SuperSearchEditor.uplugin
LogPluginManager: Loaded Plugin AlembicImporter, From C:/Program Files (x86)/Epic Games/4.13/Engine/Plugins/Experimental/AlembicImporter/AlembicImporter.uplugin
LogPluginManager: Loaded Plugin BlueprintStats, From C:/Program Files (x86)/Epic Games/4.13/Engine/Plugins/Experimental/BlueprintStats/BlueprintStats.uplugin
LogPluginManager: Loaded Plugin CharacterAI, From C:/Program Files (x86)/Epic Games/4.13/Engine/Plugins/Experimental/CharacterAI/CharacterAI.uplugin
LogPluginManager: Loaded Plugin CodeEditor, From C:/Program Files (x86)/Epic Games/4.13/Engine/Plugins/Experimental/CodeEditor/CodeEditor.uplugin
LogPluginManager: Loaded Plugin CodeView, From C:/Program Files (x86)/Epic Games/4.13/Engine/Plugins/Experimental/CodeView/CodeView.uplugin
LogPluginManager: Loaded Plugin HTML5Networking, From C:/Program Files (x86)/Epic Games/4.13/Engine/Plugins/Experimental/HTML5Networking/HTML5Networking.uplugin
LogPluginManager: Loaded Plugin LiveEditor, From C:/Program Files (x86)/Epic Games/4.13/Engine/Plugins/Experimental/LiveEditor/LiveEditor.uplugin
LogPluginManager: Loaded Plugin OSVR, From C:/Program Files (x86)/Epic Games/4.13/Engine/Plugins/Experimental/OSVR/OSVR.uplugin
LogPluginManager: Loaded Plugin Phya, From C:/Program Files (x86)/Epic Games/4.13/Engine/Plugins/Experimental/Phya/Phya.uplugin
LogPluginManager: Loaded Plugin SignificanceManager, From C:/Program Files (x86)/Epic Games/4.13/Engine/Plugins/Experimental/SignificanceManager/SignificanceManager.uplugin
LogPluginManager: Loaded Plugin SimpleHMD, From C:/Program Files (x86)/Epic Games/4.13/Engine/Plugins/Experimental/SimpleHMD/SimpleHMD.uplugin
LogPluginManager: Loaded Plugin StereoPanorama, From C:/Program Files (x86)/Epic Games/4.13/Engine/Plugins/Experimental/StereoPanorama/StereoPanorama.uplugin
LogPluginManager: Loaded Plugin StructBox, From C:/Program Files (x86)/Epic Games/4.13/Engine/Plugins/Experimental/StructBox/StructBox.uplugin
LogPluginManager: Loaded Plugin AndroidMedia, From C:/Program Files (x86)/Epic Games/4.13/Engine/Plugins/Media/AndroidMedia/AndroidMedia.uplugin
LogPluginManager: Loaded Plugin AvfMedia, From C:/Program Files (x86)/Epic Games/4.13/Engine/Plugins/Media/AvfMedia/AvfMedia.uplugin
LogPluginManager: Loaded Plugin MediaPlayerEditor, From C:/Program Files (x86)/Epic Games/4.13/Engine/Plugins/Media/MediaPlayerEditor/MediaPlayerEditor.uplugin
LogPluginManager: Loaded Plugin WmfMedia, From C:/Program Files (x86)/Epic Games/4.13/Engine/Plugins/Media/WmfMedia/WmfMedia.uplugin
LogPluginManager: Loaded Plugin MessagingDebugger, From C:/Program Files (x86)/Epic Games/4.13/Engine/Plugins/Messaging/MessagingDebugger/MessagingDebugger.uplugin
LogPluginManager: Loaded Plugin TcpMessaging, From C:/Program Files (x86)/Epic Games/4.13/Engine/Plugins/Messaging/TcpMessaging/TcpMessaging.uplugin
LogPluginManager: Loaded Plugin UdpMessaging, From C:/Program Files (x86)/Epic Games/4.13/Engine/Plugins/Messaging/UdpMessaging/UdpMessaging.uplugin
LogPluginManager: Loaded Plugin LevelSequenceEditor, From C:/Program Files (x86)/Epic Games/4.13/Engine/Plugins/MovieScene/LevelSequenceEditor/LevelSequenceEditor.uplugin
LogPluginManager: Loaded Plugin MatineeToLevelSequence, From C:/Program Files (x86)/Epic Games/4.13/Engine/Plugins/MovieScene/MatineeToLevelSequence/MatineeToLevelSequence.uplugin
LogPluginManager: Loaded Plugin NetcodeUnitTest, From C:/Program Files (x86)/Epic Games/4.13/Engine/Plugins/NetcodeUnitTest/NetcodeUnitTest/NetcodeUnitTest.uplugin
LogPluginManager: Loaded Plugin NUTUnrealEngine4, From C:/Program Files (x86)/Epic Games/4.13/Engine/Plugins/NetcodeUnitTest/NUTUnrealEngine4/NUTUnrealEngine4.uplugin
LogPluginManager: Loaded Plugin OnlineSubsystemGooglePlay, From C:/Program Files (x86)/Epic Games/4.13/Engine/Plugins/Online/Android/OnlineSubsystemGooglePlay/OnlineSubsystemGooglePlay.uplugin
LogPluginManager: Loaded Plugin OnlineSubsystemIOS, From C:/Program Files (x86)/Epic Games/4.13/Engine/Plugins/Online/IOS/OnlineSubsystemIOS/OnlineSubsystemIOS.uplugin
LogPluginManager: Loaded Plugin OnlineFramework, From C:/Program Files (x86)/Epic Games/4.13/Engine/Plugins/Online/OnlineFramework/OnlineFramework.uplugin
LogPluginManager: Loaded Plugin OnlineSubsystem, From C:/Program Files (x86)/Epic Games/4.13/Engine/Plugins/Online/OnlineSubsystem/OnlineSubsystem.uplugin
LogPluginManager: Loaded Plugin OnlineSubsystemAmazon, From C:/Program Files (x86)/Epic Games/4.13/Engine/Plugins/Online/OnlineSubsystemAmazon/OnlineSubsystemAmazon.uplugin
LogPluginManager: Loaded Plugin OnlineSubsystemFacebook, From C:/Program Files (x86)/Epic Games/4.13/Engine/Plugins/Online/OnlineSubsystemFacebook/OnlineSubsystemFacebook.uplugin
LogPluginManager: Loaded Plugin OnlineSubsystemNull, From C:/Program Files (x86)/Epic Games/4.13/Engine/Plugins/Online/OnlineSubsystemNull/OnlineSubsystemNull.uplugin
LogPluginManager: Loaded Plugin OnlineSubsystemOculus, From C:/Program Files (x86)/Epic Games/4.13/Engine/Plugins/Online/OnlineSubsystemOculus/OnlineSubsystemOculus.uplugin
LogPluginManager: Loaded Plugin OnlineSubsystemSteam, From C:/Program Files (x86)/Epic Games/4.13/Engine/Plugins/Online/OnlineSubsystemSteam/OnlineSubsystemSteam.uplugin
LogPluginManager: Loaded Plugin OnlineSubsystemUtils, From C:/Program Files (x86)/Epic Games/4.13/Engine/Plugins/Online/OnlineSubsystemUtils/OnlineSubsystemUtils.uplugin
LogPluginManager: Loaded Plugin IOSTapJoy, From C:/Program Files (x86)/Epic Games/4.13/Engine/Plugins/Runtime/Advertising/IOSTapJoy/IOSTapJoy.uplugin
LogPluginManager: Loaded Plugin AnalyticsBlueprintLibrary, From C:/Program Files (x86)/Epic Games/4.13/Engine/Plugins/Runtime/Analytics/AnalyticsBlueprintLibrary/AnalyticsBlueprintLibrary.uplugin
LogPluginManager: Loaded Plugin AnalyticsMulticast, From C:/Program Files (x86)/Epic Games/4.13/Engine/Plugins/Runtime/Analytics/AnalyticsMulticast/AnalyticsMulticast.uplugin
LogPluginManager: Loaded Plugin Apsalar, From C:/Program Files (x86)/Epic Games/4.13/Engine/Plugins/Runtime/Analytics/Apsalar/Apsalar.uplugin
LogPluginManager: Loaded Plugin FileLogging, From C:/Program Files (x86)/Epic Games/4.13/Engine/Plugins/Runtime/Analytics/FileLogging/FileLogging.uplugin
LogPluginManager: Loaded Plugin Flurry, From C:/Program Files (x86)/Epic Games/4.13/Engine/Plugins/Runtime/Analytics/Flurry/Flurry.uplugin
LogPluginManager: Loaded Plugin AndroidDeviceProfileSelector, From C:/Program Files (x86)/Epic Games/4.13/Engine/Plugins/Runtime/AndroidDeviceProfileSelector/AndroidDeviceProfileSelector.uplugin
LogPluginManager: Loaded Plugin AndroidMoviePlayer, From C:/Program Files (x86)/Epic Games/4.13/Engine/Plugins/Runtime/AndroidMoviePlayer/AndroidMoviePlayer.uplugin
LogPluginManager: Loaded Plugin AppleMoviePlayer, From C:/Program Files (x86)/Epic Games/4.13/Engine/Plugins/Runtime/AppleMoviePlayer/AppleMoviePlayer.uplugin
LogPluginManager: Loaded Plugin ArchVisCharacter, From C:/Program Files (x86)/Epic Games/4.13/Engine/Plugins/Runtime/ArchVisCharacter/ArchVisCharacter.uplugin
LogPluginManager: Loaded Plugin CableComponent, From C:/Program Files (x86)/Epic Games/4.13/Engine/Plugins/Runtime/CableComponent/CableComponent.uplugin
LogPluginManager: Loaded Plugin CustomMeshComponent, From C:/Program Files (x86)/Epic Games/4.13/Engine/Plugins/Runtime/CustomMeshComponent/CustomMeshComponent.uplugin
LogPluginManager: Loaded Plugin ExampleDeviceProfileSelector, From C:/Program Files (x86)/Epic Games/4.13/Engine/Plugins/Runtime/ExampleDeviceProfileSelector/ExampleDeviceProfileSelector.uplugin
LogPluginManager: Loaded Plugin GearVR, From C:/Program Files (x86)/Epic Games/4.13/Engine/Plugins/Runtime/GearVR/GearVR.uplugin
LogPluginManager: Loaded Plugin GoogleVRController, From C:/Program Files (x86)/Epic Games/4.13/Engine/Plugins/Runtime/GoogleVR/GoogleVRController/GoogleVRController.uplugin
LogPluginManager: Loaded Plugin GoogleVRHMD, From C:/Program Files (x86)/Epic Games/4.13/Engine/Plugins/Runtime/GoogleVR/GoogleVRHMD/GoogleVRHMD.uplugin
LogPluginManager: Loaded Plugin IOSDeviceProfileSelector, From C:/Program Files (x86)/Epic Games/4.13/Engine/Plugins/Runtime/IOSDeviceProfileSelector/IOSDeviceProfileSelector.uplugin
LogPluginManager: Loaded Plugin LeapMotion, From C:/Program Files (x86)/Epic Games/4.13/Engine/Plugins/Runtime/LeapMotion/LeapMotion.uplugin
LogPluginManager: Loaded Plugin LinuxDeviceProfileSelector, From C:/Program Files (x86)/Epic Games/4.13/Engine/Plugins/Runtime/LinuxDeviceProfileSelector/LinuxDeviceProfileSelector.uplugin
LogPluginManager: Loaded Plugin LiveEditorListenServer, From C:/Program Files (x86)/Epic Games/4.13/Engine/Plugins/Runtime/LiveEditorListenServer/LiveEditorListenServer.uplugin
LogPluginManager: Loaded Plugin OculusAudio, From C:/Program Files (x86)/Epic Games/4.13/Engine/Plugins/Runtime/OculusAudio/OculusAudio.uplugin
LogPluginManager: Loaded Plugin OculusInput, From C:/Program Files (x86)/Epic Games/4.13/Engine/Plugins/Runtime/OculusInput/OculusInput.uplugin
LogPluginManager: Loaded Plugin OculusLibrary, From C:/Program Files (x86)/Epic Games/4.13/Engine/Plugins/Runtime/OculusLibrary/OculusLibrary.uplugin
LogPluginManager: Loaded Plugin OculusRift, From C:/Program Files (x86)/Epic Games/4.13/Engine/Plugins/Runtime/OculusRift/OculusRift.uplugin
LogPluginManager: Loaded Plugin Oodle, From C:/Program Files (x86)/Epic Games/4.13/Engine/Plugins/Runtime/PacketHandlers/CompressionComponents/Oodle/Oodle.uplugin
LogPluginManager: Loaded Plugin ProceduralMeshComponent, From C:/Program Files (x86)/Epic Games/4.13/Engine/Plugins/Runtime/ProceduralMeshComponent/ProceduralMeshComponent.uplugin
LogPluginManager: Loaded Plugin SoundMod, From C:/Program Files (x86)/Epic Games/4.13/Engine/Plugins/Runtime/SoundMod/SoundMod.uplugin
LogPluginManager: Loaded Plugin SoundVisualizations, From C:/Program Files (x86)/Epic Games/4.13/Engine/Plugins/Runtime/SoundVisualizations/SoundVisualizations.uplugin
LogPluginManager: Loaded Plugin SteamController, From C:/Program Files (x86)/Epic Games/4.13/Engine/Plugins/Runtime/Steam/SteamController/SteamController.uplugin
LogPluginManager: Loaded Plugin SteamVR, From C:/Program Files (x86)/Epic Games/4.13/Engine/Plugins/Runtime/Steam/SteamVR/SteamVR.uplugin
LogPluginManager: Loaded Plugin WebBrowserWidget, From C:/Program Files (x86)/Epic Games/4.13/Engine/Plugins/Runtime/WebBrowserWidget/WebBrowserWidget.uplugin
LogPluginManager: Loaded Plugin WindowsDeviceProfileSelector, From C:/Program Files (x86)/Epic Games/4.13/Engine/Plugins/Runtime/WindowsDeviceProfileSelector/WindowsDeviceProfileSelector.uplugin
LogPluginManager: Loaded Plugin WindowsMoviePlayer, From C:/Program Files (x86)/Epic Games/4.13/Engine/Plugins/Runtime/WindowsMoviePlayer/WindowsMoviePlayer.uplugin
LogPluginManager: Loaded Plugin ScriptPlugin, From C:/Program Files (x86)/Epic Games/4.13/Engine/Plugins/ScriptPlugin/ScriptPlugin.uplugin
LogPluginManager: Loaded Plugin SlateRemote, From C:/Program Files (x86)/Epic Games/4.13/Engine/Plugins/Slate/SlateRemote/SlateRemote.uplugin
LogInit: Using libcurl 7.47.1
LogInit:  - built for x86_64-pc-win32
LogInit:  - supports SSL with WinSSL
LogInit:  - other features:
LogInit:      CURL_VERSION_SSL
LogInit:      CURL_VERSION_IPV6
LogInit:      CURL_VERSION_ASYNCHDNS
LogInit:      CURL_VERSION_LARGEFILE
LogInit:      CURL_VERSION_IDN
LogInit:  CurlRequestOptions (configurable via config and command line):
LogInit:  - bVerifyPeer = false  - Libcurl will NOT verify peer certificate
LogInit:  - bUseHttpProxy = false  - Libcurl will NOT use HTTP proxy
LogInit:  - bDontReuseConnections = false  - Libcurl will reuse connections
LogInit:  - CertBundlePath = nullptr  - Libcurl will use whatever was configured at build time.
LogInit: Build: ++UE4+Release-4.13-CL-3142249
LogInit: Engine Version: 4.13.1-3142249+++UE4+Release-4.13
LogInit: Compatible Engine Version: 4.13.0-3106830+++UE4+Release-4.13
LogInit: Net CL: 3142249
LogDevObjectVersion: Number of dev versions registered: 13
LogDevObjectVersion:   Dev-Blueprints (B0D832E4-1F89-4F0D-ACCF-7EB736FD4AA2): 5
LogDevObjectVersion:   Dev-Build (E1C64328-A22C-4D53-A36C-8E866417BD8C): 0
LogDevObjectVersion:   Dev-Core (375EC13C-06E4-48FB-B500-84F0262A717E): 1
LogDevObjectVersion:   Dev-Editor (E4B068ED-F494-42E9-A231-DA0B2E46BB41): 6
LogDevObjectVersion:   Dev-Framework (CFFC743F-43B0-4480-9391-14DF171D2073): 12
LogDevObjectVersion:   Dev-Mobile (B02B49B5-BB20-44E9-A304-32B752E40360): 0
LogDevObjectVersion:   Dev-Networking (A4E4105C-59A1-49B5-A7C5-40C4547EDFEE): 0
LogDevObjectVersion:   Dev-Online (39C831C9-5AE6-47DC-9A44-9C173E1C8E7C): 0
LogDevObjectVersion:   Dev-Physics (78F01B33-EBEA-4F98-B9B4-84EACCB95AA2): 0
LogDevObjectVersion:   Dev-Platform (6631380F-2D4D-43E0-8009-CF276956A95A): 0
LogDevObjectVersion:   Dev-Rendering (12F88B9F-8875-4AFC-A67C-D90C383ABD29): 4
LogDevObjectVersion:   Dev-Sequencer (7B5AE74C-D270-4C10-A958-57980B212A5A): 0
LogDevObjectVersion:   Dev-VR (D7296918-1DD6-4BDD-9DE2-64A83CC13884): 0
LogInit: Compiled (64-bit): Sep 28 2016 02:12:12
LogInit: Compiled with Visual C++: 19.00.23026.00
LogInit: Build Configuration: Development
LogInit: Branch Name: ++UE4+Release-4.13
LogInit: Command line:  
LogInit: Base directory: C:/Program Files (x86)/Epic Games/4.13/Engine/Binaries/Win64/
LogInit: Installed Engine Build: 1
LogInit: Presizing for max 8388607 objects, including 0 objects not considered by GC, pre-allocating 0 bytes for permanent pool.
LogInit: Object subsystem initialized
[2017.02.28-18.44.04:526][  0]LogInit: Selected Device Profile: [Windows]
[2017.02.28-18.44.04:526][  0]LogInit: Applying CVar settings loaded from the selected device profile: [Windows]
[2017.02.28-18.44.04:713][  0]LogInit: Computer: COURTNEY-PC
[2017.02.28-18.44.04:713][  0]LogInit: User: Courtney
[2017.02.28-18.44.04:713][  0]LogInit: CPU Page size=65536, Cores=2
[2017.02.28-18.44.04:713][  0]LogInit: High frequency timer resolution =2.143475 MHz
[2017.02.28-18.44.04:715][  0]LogMemory: Memory total: Physical=3.9GB (4GB approx)
[2017.02.28-18.44.04:715][  0]LogMemory: Platform Memory Stats for Windows
[2017.02.28-18.44.04:715][  0]LogMemory: Process Physical Memory: 255.64 MB used, 255.64 MB peak
[2017.02.28-18.44.04:715][  0]LogMemory: Process Virtual Memory: 259.68 MB used, 259.68 MB peak
[2017.02.28-18.44.04:715][  0]LogMemory: Physical Memory: 2291.67 MB used, 4014.94 MB total
[2017.02.28-18.44.04:715][  0]LogMemory: Virtual Memory: 621.36 MB used, 134217728.00 MB total
[2017.02.28-18.44.06:031][  0]LogTextLocalizationManager: No specific translations for ('en-US') exist, so ('en') translations will be used.
[2017.02.28-18.44.20:410][  0]LogD3D11RHI: D3D11 adapters:
[2017.02.28-18.44.20:427][  0]LogD3D11RHI:    0. 'Intel(R) HD Graphics 5500' (Feature Level 11_0)
[2017.02.28-18.44.20:427][  0]LogD3D11RHI:       128/0/2007 MB DedicatedVideo/DedicatedSystem/SharedSystem, Outputs:1, VendorId:0x8086
[2017.02.28-18.44.20:433][  0]LogD3D11RHI:    1. 'Microsoft Basic Render Driver' (Feature Level 11_0)
[2017.02.28-18.44.20:433][  0]LogD3D11RHI:       0/0/2007 MB DedicatedVideo/DedicatedSystem/SharedSystem, Outputs:0, VendorId:0x1414
[2017.02.28-18.44.20:433][  0]LogD3D11RHI: Chosen D3D11 Adapter: 0
[2017.02.28-18.44.20:446][  0]LogD3D11RHI: Creating new Direct3DDevice
[2017.02.28-18.44.20:447][  0]LogD3D11RHI:     GPU DeviceId: 0x1616 (for the marketing name, search the web for "GPU Device Id")
[2017.02.28-18.44.20:455][  0]LogWindows: EnumDisplayDevices:
[2017.02.28-18.44.20:455][  0]LogWindows:    0. 'Intel(R) HD Graphics 5500' (P:1 D:1)
[2017.02.28-18.44.20:456][  0]LogWindows:    1. 'Intel(R) HD Graphics 5500' (P:0 D:0)
[2017.02.28-18.44.20:457][  0]LogWindows:    2. 'Intel(R) HD Graphics 5500' (P:0 D:0)
[2017.02.28-18.44.20:457][  0]LogWindows: DebugString: FoundDriverCount:3 
[2017.02.28-18.44.20:457][  0]LogD3D11RHI:     Adapter Name: Intel(R) HD Graphics 5500
[2017.02.28-18.44.20:457][  0]LogD3D11RHI:   Driver Version: 20.19.15.4531 (internal:20.19.15.4531, unified:20.19.15.4531)
[2017.02.28-18.44.20:457][  0]LogD3D11RHI:      Driver Date: 9-29-2016
[2017.02.28-18.44.20:457][  0]LogRHI: Texture pool is 792 MB (70% of 1131 MB)
[2017.02.28-18.44.20:481][  0]LogD3D11RHI: Async texture creation enabled
[2017.02.28-18.44.21:420][  0]LogD3D11RHI: GPU Timing Frequency: 12.500000 (Debug: 2 0)
[2017.02.28-18.44.21:689][  0]LogShaderCompilers: Guid format shader working directory is -16 characters bigger than the processId version (../../../../../../Users/Courtney/Desktop/Scripting2/BurningHouse2/Intermediate/Shaders/WorkingDirectory/8020/).
[2017.02.28-18.44.21:690][  0]LogShaderCompilers: Cleaned the shader compiler working directory 'C:/Users/Courtney/AppData/Local/Temp/UnrealShaderWorkingDir/ED659CF246C6E4605EA770A8A216EE6B/'.
[2017.02.28-18.44.21:724][  0]LogShaderCompilers:Display: Using Local Shader Compiler.
[2017.02.28-18.44.37:443][  0]LogTemp:Display: Loaded TP AllDesktopTargetPlatform
[2017.02.28-18.44.37:486][  0]LogTemp:Display: Loaded TP WindowsClientTargetPlatform
[2017.02.28-18.44.37:527][  0]LogTemp:Display: Loaded TP WindowsNoEditorTargetPlatform
[2017.02.28-18.44.37:574][  0]LogTemp:Display: Loaded TP WindowsServerTargetPlatform
[2017.02.28-18.44.37:618][  0]LogTemp:Display: Loaded TP WindowsTargetPlatform
[2017.02.28-18.44.37:712][  0]LogTemp:Display: Loaded TP AndroidTargetPlatform
[2017.02.28-18.44.37:774][  0]LogTemp:Display: Loaded TP Android_ASTCTargetPlatform
[2017.02.28-18.44.37:810][  0]LogTemp:Display: Loaded TP Android_ATCTargetPlatform
[2017.02.28-18.44.37:872][  0]LogTemp:Display: Loaded TP Android_DXTTargetPlatform
[2017.02.28-18.44.37:926][  0]LogTemp:Display: Loaded TP Android_ETC1TargetPlatform
[2017.02.28-18.44.37:986][  0]LogTemp:Display: Loaded TP Android_ETC2TargetPlatform
[2017.02.28-18.44.38:105][  0]LogTemp:Display: Loaded TP Android_MultiTargetPlatform
[2017.02.28-18.44.38:105][  0]LogTemp:Display: Loaded TP Android_PVRTCTargetPlatform
[2017.02.28-18.44.38:109][  0]LogTemp:Display: Loaded TP HTML5TargetPlatform
[2017.02.28-18.44.38:363][  0]LogTemp:Display: Loaded TP IOSTargetPlatform
[2017.02.28-18.44.38:406][  0]LogTemp:Display: Loaded TP TVOSTargetPlatform
[2017.02.28-18.44.38:434][  0]LogTemp:Display: Loaded TP LinuxClientTargetPlatform
[2017.02.28-18.44.38:459][  0]LogTemp:Display: Loaded TP LinuxNoEditorTargetPlatform
[2017.02.28-18.44.38:485][  0]LogTemp:Display: Loaded TP LinuxServerTargetPlatform
[2017.02.28-18.44.38:542][  0]LogTemp:Display: Loaded TP LinuxTargetPlatform
[2017.02.28-18.44.38:564][  0]LogTargetPlatformManager:Display: Building Assets For Windows
[2017.02.28-18.44.40:726][  0]LogDerivedDataCache:Display: Max Cache Size: 512 MB
[2017.02.28-18.44.41:834][  0]LogDerivedDataCache: Loaded boot cache 1.09s 62MB C:/Users/Courtney/AppData/Local/UnrealEngine/4.13/DerivedDataCache/Boot.ddc.
[2017.02.28-18.44.41:835][  0]LogDerivedDataCache:Display: Loaded Boot cache: C:/Users/Courtney/AppData/Local/UnrealEngine/4.13/DerivedDataCache/Boot.ddc
[2017.02.28-18.44.41:835][  0]LogDerivedDataCache: FDerivedDataBackendGraph:  Pak pak cache file ../../../../../../Users/Courtney/Desktop/Scripting2/BurningHouse2/DerivedDataCache/DDC.ddp not found, will not use a pak cache.
[2017.02.28-18.44.41:835][  0]LogDerivedDataCache: Unable to find inner node Pak for hierarchical cache Hierarchy.
[2017.02.28-18.44.41:835][  0]LogDerivedDataCache: FDerivedDataBackendGraph:  CompressedPak pak cache file ../../../../../../Users/Courtney/Desktop/Scripting2/BurningHouse2/DerivedDataCache/Compressed.ddp not found, will not use a pak cache.
[2017.02.28-18.44.41:835][  0]LogDerivedDataCache: Unable to find inner node CompressedPak for hierarchical cache Hierarchy.
[2017.02.28-18.44.41:997][  0]LogDerivedDataCache:Display: Pak cache opened for reading ../../../Engine/DerivedDataCache/Compressed.ddp.
[2017.02.28-18.44.42:040][  0]LogDerivedDataCache: Using Local data cache path C:/Users/Courtney/AppData/Local/UnrealEngine/Common/DerivedDataCache: Writable
[2017.02.28-18.45.01:663][  0]LogInit: Selected Device Profile: [Windows]
[2017.02.28-18.45.02:145][  0]LogContentStreaming: Texture pool size is 0.00 MB
[2017.02.28-18.45.03:088][  0]LogMeshUtilities: No automatic mesh reduction module available
[2017.02.28-18.45.03:088][  0]LogMeshUtilities: No automatic mesh merging module available
[2017.02.28-18.45.03:088][  0]LogMeshUtilities: No distributed automatic mesh merging module available
[2017.02.28-18.45.05:982][  0]LogMaterial: Uniform references updated for custom material expression Custom.
[2017.02.28-18.45.14:984][  0]LogNetVersion: GetLocalNetworkVersion: CL: 3106830, ProjectName: burninghouse, ProjectVersion: , EngineNetworkVersion: 1, GameNetworkVersion: 0, NetworkChecksum: 1693464120
[2017.02.28-18.45.15:473][  0]LogAssetRegistry: FAssetRegistry took 0.0340 seconds to start up
[2017.02.28-18.45.15:954][  0]LogPackageLocalizationCache: Processed 3 localized package path(s) for 2 prioritized culture(s) in 0.294339 seconds
[2017.02.28-18.45.16:098][  0]LogUObjectArray: 29778 objects as part of root set at end of initial load.
[2017.02.28-18.45.16:098][  0]LogUObjectAllocator: 6125448 out of 0 bytes used by permanent object pool.
[2017.02.28-18.45.16:098][  0]LogUObjectArray: CloseDisregardForGC: 0/0 objects in disregard for GC pool
[2017.02.28-18.45.16:254][  0]LogInit: WinSock: version 1.1 (2.2), MaxSocks=32767, MaxUdp=65467
[2017.02.28-18.45.24:882][  0]LogSlate: SlateFontCache - WITH_FREETYPE: 1, WITH_HARFBUZZ: 1
[2017.02.28-18.45.24:882][  0]LogSlate: SlateFontCache - WITH_FREETYPE: 1, WITH_HARFBUZZ: 1
[2017.02.28-18.45.50:199][  0]LogTcpMessaging: Initializing TcpMessaging bridge
[2017.02.28-18.45.50:295][  0]LogUdpMessaging: Initializing bridge on interface 0.0.0.0:0 to multicast group 230.0.0.1:6666.
[2017.02.28-18.45.54:441][  0]SourceControl: Info Source control is disabled
[2017.02.28-18.45.54:459][  0]SourceControl: Info Source control is disabled
[2017.02.28-18.45.54:573][  0]SourceControl: Info Source control is disabled
[2017.02.28-18.45.54:651][  0]SourceControl: Info Source control is disabled
[2017.02.28-18.45.58:325][  0]LogEngine: Initializing Engine...
[2017.02.28-18.45.58:337][  0]LogHMD: Failed to initialize OpenVR with code 110
[2017.02.28-18.46.00:769][  0]LogAIModule: Creating AISystem for world Untitled
[2017.02.28-18.46.01:120][  0]LogInit: XAudio2 using 'Speakers (Realtek High Definition Audio)' : 2 channels at 48 kHz using 32 bits per sample (channel mask 0x3)
[2017.02.28-18.46.01:425][  0]LogInit: FAudioDevice initialized.
[2017.02.28-18.46.01:545][  0]LogDerivedDataCache: Saved boot cache 0.12s 62MB C:/Users/Courtney/AppData/Local/UnrealEngine/4.13/DerivedDataCache/Boot.ddc.
[2017.02.28-18.46.01:584][  0]LogInit: Texture streaming: Enabled
[2017.02.28-18.46.01:956][  0]LogInit: Transaction tracking system initialized
[2017.02.28-18.46.02:594][  0]BlueprintLog: New page: Editor Load
[2017.02.28-18.46.04:882][  0]LocalizationService: Info Localization service is disabled
[2017.02.28-18.46.06:988][  0]LogConsoleResponse:Display: 
[2017.02.28-18.46.11:311][  0]LogFileCache: Scanning file cache for directory 'C:/Users/Courtney/Desktop/Scripting2/BurningHouse2/Content/' took 0.04s
[2017.02.28-18.46.11:311][  0]LogCook:Display: Max memory allowance for cook 16384mb min free memory 0mb
[2017.02.28-18.46.11:311][  0]LogCook:Display: Mobile HDR setting 1
[2017.02.28-18.46.14:074][  0]SourceControl: Info Source control is disabled
[2017.02.28-18.46.14:114][  0]Cmd: MAP LOAD FILE="../../../../../../Users/Courtney/Desktop/Scripting2/BurningHouse2/Content/FirstPersonBP/Maps/FirstPersonExampleMap.umap" TEMPLATE=0 SHOWPROGRESS=1 FEATURELEVEL=3
[2017.02.28-18.46.14:179][  0]LightingResults: New page: Lighting Build
[2017.02.28-18.46.14:501][  0]MapCheck: New page: Map Check
[2017.02.28-18.46.14:501][  0]LightingResults: New page: Lighting Build
[2017.02.28-18.46.24:822][  0]LogAIModule: Creating AISystem for world FirstPersonExampleMap
[2017.02.28-18.46.26:584][  0]LogEditorServer: Finished looking for orphan Actors (0.000 secs)
[2017.02.28-18.46.26:634][  0]Cmd: MAP CHECKDEP NOCLEARLOG
[2017.02.28-18.46.26:916][  0]MapCheck: Info Map check complete: 0 Error(s), 0 Warning(s), took 268.118ms to complete.
[2017.02.28-18.46.26:917][  0]LogFileHelpers: Loading map 'FirstPersonExampleMap' took 12.808
[2017.02.28-18.46.29:340][  0]LogCollectionManager: Loaded 0 collections in 0.007544 seconds
[2017.02.28-18.46.29:578][  0]LogFileCache: Scanning file cache for directory 'C:/Users/Courtney/Desktop/Scripting2/BurningHouse2/Saved/Collections/' took 0.01s
[2017.02.28-18.46.29:578][  0]LogFileCache: Scanning file cache for directory 'C:/Users/Courtney/Desktop/Scripting2/BurningHouse2/Content/Developers/Courtney/Collections/' took 0.01s
[2017.02.28-18.46.29:578][  0]LogFileCache: Scanning file cache for directory 'C:/Users/Courtney/Desktop/Scripting2/BurningHouse2/Content/Collections/' took 0.01s
[2017.02.28-18.46.29:578][  0]LogCollectionManager: Rebuilt the GUID cache for 0 collections in 0.000009 seconds
[2017.02.28-18.46.29:651][  0]LogContentBrowser: Native class hierarchy populated in 0.0683 seconds. Added 2141 classes and 415 folders.
[2017.02.28-18.46.29:847][  0]LogStats: UGameplayTagsManager::ConstructGameplayTagTree: Construct from data asset -  0.000 s
[2017.02.28-18.46.29:849][  0]LogStats: UGameplayTagsManager::ConstructGameplayTagTree: GameplayTagTreeChangedEvent.Broadcast -  0.002 s
[2017.02.28-18.46.29:862][  0]LogContentBrowser: Native class hierarchy updated for 'GameplayTags' in 0.0019 seconds. Added 12 classes and 0 folders.
[2017.02.28-18.46.29:908][  0]LogContentBrowser: Native class hierarchy updated for 'WidgetCarousel' in 0.0015 seconds. Added 0 classes and 0 folders.
[2017.02.28-18.46.32:517][  0]LogContentBrowser: Native class hierarchy updated for 'AddContentDialog' in 0.0016 seconds. Added 0 classes and 0 folders.
[2017.02.28-18.46.32:598][  0]LogContentBrowser: Native class hierarchy updated for 'SceneOutliner' in 0.0015 seconds. Added 1 classes and 2 folders.
[2017.02.28-18.46.33:126][  0]LogCrashTracker: Crashtracker disabled due to settings.
[2017.02.28-18.46.33:354][  0]LogUObjectGlobals:Warning: Failed to find object 'Class None.'
[2017.02.28-18.46.33:499][  0]LogContentBrowser: Native class hierarchy updated for 'HierarchicalLODOutliner' in 0.0019 seconds. Added 1 classes and 2 folders.
[2017.02.28-18.46.33:499][  0]LogLoad: (Engine Initialization) Total time: 160.64 seconds
[2017.02.28-18.46.33:499][  0]LogLoad: (Engine Initialization) Total Blueprint compile time: 2.35 seconds
[2017.02.28-18.46.33:512][  0]LogExternalProfiler: Found external profiler: VSPerf
[2017.02.28-18.46.33:512][  0]LogExternalProfiler: Using external profiler: VSPerf
[2017.02.28-18.46.33:531][  0]LogWindowsTextInputMethodSystem:Display: IME system now deactivated.
[2017.02.28-18.46.33:532][  0]LogOcInput: OculusInput pre-init called
[2017.02.28-18.46.33:831][  0]LogContentStreaming: Texture pool size now 400 MB
[2017.02.28-18.46.35:517][  0]LogRenderer: Reallocating scene render targets to support 956x392 (Frame:2).
[2017.02.28-18.46.37:522][  1]LogHttp:Warning: 0000018990564280: request has been successfully processed. URL: http://cdn.unrealengine.com/surveys/en-US/index.json, HTTP code: 504, content length: 624, actual payload size: 624
[2017.02.28-18.46.37:523][  1]LogHttp:Warning: 0000018990564280 Response Header Content-Type: text/html
[2017.02.28-18.46.37:523][  1]LogHttp:Warning: 0000018990564280 Response Header Content-Length: 624
[2017.02.28-18.46.37:523][  1]LogHttp:Warning: 0000018990564280 Response Header Connection: keep-alive
[2017.02.28-18.46.37:523][  1]LogHttp:Warning: 0000018990564280 Response Header Server: CloudFront
[2017.02.28-18.46.37:523][  1]LogHttp:Warning: 0000018990564280 Response Header Date: Tue, 28 Feb 2017 18:44:02 GMT
[2017.02.28-18.46.37:523][  1]LogHttp:Warning: 0000018990564280 Response Header Age: 134
[2017.02.28-18.46.37:523][  1]LogHttp:Warning: 0000018990564280 Response Header X-Cache: Error from cloudfront
[2017.02.28-18.46.37:523][  1]LogHttp:Warning: 0000018990564280 Response Header Via: 1.1 3965285cac2a9323992ecbe26f94d453.cloudfront.net (CloudFront)
[2017.02.28-18.46.37:523][  1]LogHttp:Warning: 0000018990564280 Response Header X-Amz-Cf-Id: kF0e7VPRnm4iGng7SccqyslMtfmP5GxQS9XeQKt7fpWQbSzkqAO-LQ==
[2017.02.28-18.46.38:315][  3]LogHttp:Warning: 0000018990DC0280: request has been successfully processed. URL: http://cdn.unrealengine.com/surveys/en/index.json, HTTP code: 504, content length: 624, actual payload size: 624
[2017.02.28-18.46.38:315][  3]LogHttp:Warning: 0000018990DC0280 Response Header Content-Type: text/html
[2017.02.28-18.46.38:315][  3]LogHttp:Warning: 0000018990DC0280 Response Header Content-Length: 624
[2017.02.28-18.46.38:315][  3]LogHttp:Warning: 0000018990DC0280 Response Header Connection: keep-alive
[2017.02.28-18.46.38:315][  3]LogHttp:Warning: 0000018990DC0280 Response Header Server: CloudFront
[2017.02.28-18.46.38:315][  3]LogHttp:Warning: 0000018990DC0280 Response Header Date: Tue, 28 Feb 2017 18:44:33 GMT
[2017.02.28-18.46.38:315][  3]LogHttp:Warning: 0000018990DC0280 Response Header Age: 107
[2017.02.28-18.46.38:315][  3]LogHttp:Warning: 0000018990DC0280 Response Header X-Cache: Error from cloudfront
[2017.02.28-18.46.38:315][  3]LogHttp:Warning: 0000018990DC0280 Response Header Via: 1.1 3965285cac2a9323992ecbe26f94d453.cloudfront.net (CloudFront)
[2017.02.28-18.46.38:315][  3]LogHttp:Warning: 0000018990DC0280 Response Header X-Amz-Cf-Id: UmtI0TA_tdYtG0OHzPrnneAUqk26cauFZTLPN-OFAtP2uOPIiNaMLg==
[2017.02.28-18.46.39:266][  8]LogAssetRegistry: Asset discovery search completed in 83.8179 seconds
[2017.02.28-18.46.39:338][  8]LogCollectionManager: Rebuilt the object cache for 0 collections in 0.000008 seconds (found 0 objects)
[2017.02.28-18.46.39:340][  8]LogCollectionManager: Fixed up redirectors for 0 collections in 0.073906 seconds (updated 0 objects)
[2017.02.28-18.46.51:467][325]Cmd: MAP LOAD FILE="../../../../../../Users/Courtney/Desktop/Scripting2/BurningHouse2/Content/Maps/BurningHouse2.umap" TEMPLATE=0 SHOWPROGRESS=1 FEATURELEVEL=3
[2017.02.28-18.46.51:540][325]LightingResults: New page: Lighting Build
[2017.02.28-18.46.51:542][325]LoadErrors: New page: Loading map: BurningHouse2.umap
[2017.02.28-18.46.51:548][325]MapCheck: New page: Map Check
[2017.02.28-18.46.51:548][325]LightingResults: New page: Lighting Build
[2017.02.28-18.46.58:711][325]LogAIModule: Creating AISystem for world BurningHouse2
[2017.02.28-18.46.58:878][325]LogEditorServer: Finished looking for orphan Actors (0.000 secs)
[2017.02.28-18.46.59:021][325]Cmd: MAP CHECKDEP NOCLEARLOG
[2017.02.28-18.46.59:363][325]MapCheck: Info Map check complete: 0 Error(s), 0 Warning(s), took 342.46ms to complete.
[2017.02.28-18.46.59:363][325]LogFileHelpers: Loading map 'BurningHouse2' took 7.896
[2017.02.28-18.47.07:380][500]LogBlueprintUserMessages: Early PlayInEditor Detection: Level '/Game/Maps/BurningHouse2.BurningHouse2:PersistentLevel' has LevelScriptBlueprint '/Game/Maps/BurningHouse2.BurningHouse2:PersistentLevel.BurningHouse2' with GeneratedClass '/Game/Maps/BurningHouse2.BurningHouse2_C' with ClassGeneratedBy '/Game/Maps/BurningHouse2.BurningHouse2:PersistentLevel.BurningHouse2'
[2017.02.28-18.47.07:406][500]LogPlayLevel: PlayLevel: No blueprints needed recompiling
[2017.02.28-18.47.07:442][500]PIE: New page: PIE session: BurningHouse2 (Feb 28, 2017, 6:47:07 PM)
[2017.02.28-18.47.07:442][500]LogPlayLevel: Creating play world package: /Game/Maps/UEDPIE_0_BurningHouse2
[2017.02.28-18.47.07:464][500]LogPlayLevel: PIE: StaticDuplicateObject took: (0.021753s)
[2017.02.28-18.47.07:465][500]LogAIModule: Creating AISystem for world BurningHouse2
[2017.02.28-18.47.07:466][500]LogPlayLevel: PIE: World Init took: (0.001388s)
[2017.02.28-18.47.07:466][500]LogPlayLevel: PIE: Created PIE world by copying editor world from /Game/Maps/BurningHouse2.BurningHouse2 to /Game/Maps/UEDPIE_0_BurningHouse2.BurningHouse2 (0.023511s)
[2017.02.28-18.47.07:518][500]LogInit: XAudio2 using 'Speakers (Realtek High Definition Audio)' : 2 channels at 48 kHz using 32 bits per sample (channel mask 0x3)
[2017.02.28-18.47.07:536][500]LogInit: FAudioDevice initialized.
[2017.02.28-18.47.07:626][500]LogWorld: Game class is 'FirstPersonGameMode_C'
[2017.02.28-18.47.07:738][500]LogWorld: Bringing World /Game/Maps/UEDPIE_0_BurningHouse2.BurningHouse2 up for play (max tick rate 60) at 2017.02.28-18.47.07
[2017.02.28-18.47.07:762][500]LogWorld: Bringing up level for play took: 0.063661
[2017.02.28-18.47.07:885][500]LogContentBrowser: Native class hierarchy updated for 'MovieSceneCapture' in 0.0023 seconds. Added 11 classes and 0 folders.
[2017.02.28-18.47.07:886][500]LogGameMode:Display: Match State Changed from EnteringMap to WaitingToStart
[2017.02.28-18.47.07:886][500]LogGameState: Match State Changed from EnteringMap to WaitingToStart
[2017.02.28-18.47.07:886][500]LogGameMode:Display: Match State Changed from WaitingToStart to InProgress
[2017.02.28-18.47.07:965][500]LogGameState: Match State Changed from WaitingToStart to InProgress
[2017.02.28-18.47.07:976][500]PIE: Info Play in editor start time for /Game/Maps/UEDPIE_0_BurningHouse2 1.372
[2017.02.28-18.47.07:977][500]LogBlueprintUserMessages: Late PlayInEditor Detection: Level '/Game/Maps/BurningHouse2.BurningHouse2:PersistentLevel' has LevelScriptBlueprint '/Game/Maps/BurningHouse2.BurningHouse2:PersistentLevel.BurningHouse2' with GeneratedClass '/Game/Maps/BurningHouse2.BurningHouse2_C' with ClassGeneratedBy '/Game/Maps/BurningHouse2.BurningHouse2:PersistentLevel.BurningHouse2'
[2017.02.28-18.47.12:512][606]LogBlueprintUserMessages: Early EndPlayMap Detection: Level '/Game/Maps/BurningHouse2.BurningHouse2:PersistentLevel' has LevelScriptBlueprint '/Game/Maps/BurningHouse2.BurningHouse2:PersistentLevel.BurningHouse2' with GeneratedClass '/Game/Maps/BurningHouse2.BurningHouse2_C' with ClassGeneratedBy '/Game/Maps/BurningHouse2.BurningHouse2:PersistentLevel.BurningHouse2'
[2017.02.28-18.47.12:577][606]LogBlueprintUserMessages: Late EndPlayMap Detection: Level '/Game/Maps/BurningHouse2.BurningHouse2:PersistentLevel' has LevelScriptBlueprint '/Game/Maps/BurningHouse2.BurningHouse2:PersistentLevel.BurningHouse2' with GeneratedClass '/Game/Maps/BurningHouse2.BurningHouse2_C' with ClassGeneratedBy '/Game/Maps/BurningHouse2.BurningHouse2:PersistentLevel.BurningHouse2'
[2017.02.28-18.47.18:607][775]Cmd: MAP LOAD FILE="../../../../../../Users/Courtney/Desktop/Scripting2/BurningHouse2/Content/Maps/BurningHouse3.umap" TEMPLATE=0 SHOWPROGRESS=1 FEATURELEVEL=3
[2017.02.28-18.47.18:621][775]LightingResults: New page: Lighting Build
[2017.02.28-18.47.18:622][775]LoadErrors: New page: Loading map: BurningHouse3.umap
[2017.02.28-18.47.18:626][775]MapCheck: New page: Map Check
[2017.02.28-18.47.18:626][775]LightingResults: New page: Lighting Build
[2017.02.28-18.47.19:029][775]LogAIModule: Creating AISystem for world BurningHouse3
[2017.02.28-18.47.19:090][775]LogEditorServer: Finished looking for orphan Actors (0.000 secs)
[2017.02.28-18.47.19:202][775]Cmd: MAP CHECKDEP NOCLEARLOG
[2017.02.28-18.47.19:442][775]MapCheck: Info Map check complete: 0 Error(s), 0 Warning(s), took 239.746ms to complete.
[2017.02.28-18.47.19:442][775]LogFileHelpers: Loading map 'BurningHouse3' took 0.836
[2017.02.28-18.47.22:538][849]LogBlueprintUserMessages: Early PlayInEditor Detection: Level '/Game/Maps/BurningHouse3.BurningHouse3:PersistentLevel' has LevelScriptBlueprint '/Game/Maps/BurningHouse3.BurningHouse3:PersistentLevel.BurningHouse3' with GeneratedClass '/Game/Maps/BurningHouse3.BurningHouse3_C' with ClassGeneratedBy '/Game/Maps/BurningHouse3.BurningHouse3:PersistentLevel.BurningHouse3'
[2017.02.28-18.47.22:538][849]LogPlayLevel: PlayLevel: No blueprints needed recompiling
[2017.02.28-18.47.22:539][849]PIE: New page: PIE session: BurningHouse3 (Feb 28, 2017, 6:47:22 PM)
[2017.02.28-18.47.22:539][849]LogPlayLevel: Creating play world package: /Game/Maps/UEDPIE_0_BurningHouse3
[2017.02.28-18.47.22:592][849]LogPlayLevel: PIE: StaticDuplicateObject took: (0.052945s)
[2017.02.28-18.47.22:594][849]LogAIModule: Creating AISystem for world BurningHouse3
[2017.02.28-18.47.22:595][849]LogPlayLevel: PIE: World Init took: (0.003018s)
[2017.02.28-18.47.22:596][849]LogPlayLevel: PIE: Created PIE world by copying editor world from /Game/Maps/BurningHouse3.BurningHouse3 to /Game/Maps/UEDPIE_0_BurningHouse3.BurningHouse3 (0.056982s)
[2017.02.28-18.47.22:681][849]LogInit: XAudio2 using 'Speakers (Realtek High Definition Audio)' : 2 channels at 48 kHz using 32 bits per sample (channel mask 0x3)
[2017.02.28-18.47.22:723][849]LogInit: FAudioDevice initialized.
[2017.02.28-18.47.22:797][849]LogWorld: Game class is 'FirstPersonGameMode_C'
[2017.02.28-18.47.22:853][849]LogWorld: Bringing World /Game/Maps/UEDPIE_0_BurningHouse3.BurningHouse3 up for play (max tick rate 60) at 2017.02.28-18.47.22
[2017.02.28-18.47.22:855][849]LogWorld: Bringing up level for play took: 0.055042
[2017.02.28-18.47.22:860][849]LogGameMode:Display: Match State Changed from EnteringMap to WaitingToStart
[2017.02.28-18.47.22:860][849]LogGameState: Match State Changed from EnteringMap to WaitingToStart
[2017.02.28-18.47.22:860][849]LogGameMode:Display: Match State Changed from WaitingToStart to InProgress
[2017.02.28-18.47.22:871][849]LogGameState: Match State Changed from WaitingToStart to InProgress
[2017.02.28-18.47.22:887][849]PIE: Info Play in editor start time for /Game/Maps/UEDPIE_0_BurningHouse3 0.283
[2017.02.28-18.47.22:888][849]LogBlueprintUserMessages: Late PlayInEditor Detection: Level '/Game/Maps/BurningHouse3.BurningHouse3:PersistentLevel' has LevelScriptBlueprint '/Game/Maps/BurningHouse3.BurningHouse3:PersistentLevel.BurningHouse3' with GeneratedClass '/Game/Maps/BurningHouse3.BurningHouse3_C' with ClassGeneratedBy '/Game/Maps/BurningHouse3.BurningHouse3:PersistentLevel.BurningHouse3'
[2017.02.28-18.47.24:443][884]LogBlueprintUserMessages: Early EndPlayMap Detection: Level '/Game/Maps/BurningHouse3.BurningHouse3:PersistentLevel' has LevelScriptBlueprint '/Game/Maps/BurningHouse3.BurningHouse3:PersistentLevel.BurningHouse3' with GeneratedClass '/Game/Maps/BurningHouse3.BurningHouse3_C' with ClassGeneratedBy '/Game/Maps/BurningHouse3.BurningHouse3:PersistentLevel.BurningHouse3'
[2017.02.28-18.47.24:484][884]LogBlueprintUserMessages: Late EndPlayMap Detection: Level '/Game/Maps/BurningHouse3.BurningHouse3:PersistentLevel' has LevelScriptBlueprint '/Game/Maps/BurningHouse3.BurningHouse3:PersistentLevel.BurningHouse3' with GeneratedClass '/Game/Maps/BurningHouse3.BurningHouse3_C' with ClassGeneratedBy '/Game/Maps/BurningHouse3.BurningHouse3:PersistentLevel.BurningHouse3'
[2017.02.28-18.48.09:409][971]LogBlueprintUserMessages: Early PlayInEditor Detection: Level '/Game/Maps/BurningHouse3.BurningHouse3:PersistentLevel' has LevelScriptBlueprint '/Game/Maps/BurningHouse3.BurningHouse3:PersistentLevel.BurningHouse3' with GeneratedClass '/Game/Maps/BurningHouse3.BurningHouse3_C' with ClassGeneratedBy '/Game/Maps/BurningHouse3.BurningHouse3:PersistentLevel.BurningHouse3'
[2017.02.28-18.48.09:409][971]LogPlayLevel: PlayLevel: No blueprints needed recompiling
[2017.02.28-18.48.09:409][971]PIE: New page: PIE session: BurningHouse3 (Feb 28, 2017, 6:48:09 PM)
[2017.02.28-18.48.09:410][971]LogPlayLevel: Creating play world package: /Game/Maps/UEDPIE_0_BurningHouse3
[2017.02.28-18.48.09:494][971]LogPlayLevel: PIE: StaticDuplicateObject took: (0.083703s)
[2017.02.28-18.48.09:495][971]LogAIModule: Creating AISystem for world BurningHouse3
[2017.02.28-18.48.09:495][971]LogPlayLevel: PIE: World Init took: (0.001180s)
[2017.02.28-18.48.09:495][971]LogPlayLevel: PIE: Created PIE world by copying editor world from /Game/Maps/BurningHouse3.BurningHouse3 to /Game/Maps/UEDPIE_0_BurningHouse3.BurningHouse3 (0.085206s)
[2017.02.28-18.48.09:518][971]LogInit: XAudio2 using 'Speakers (Realtek High Definition Audio)' : 2 channels at 48 kHz using 32 bits per sample (channel mask 0x3)
[2017.02.28-18.48.09:530][971]LogInit: FAudioDevice initialized.
[2017.02.28-18.48.09:577][971]LogWorld: Game class is 'FirstPersonGameMode_C'
[2017.02.28-18.48.09:592][971]LogWorld: Bringing World /Game/Maps/UEDPIE_0_BurningHouse3.BurningHouse3 up for play (max tick rate 60) at 2017.02.28-18.48.09
[2017.02.28-18.48.09:593][971]LogWorld: Bringing up level for play took: 0.015610
[2017.02.28-18.48.09:594][971]LogGameMode:Display: Match State Changed from EnteringMap to WaitingToStart
[2017.02.28-18.48.09:594][971]LogGameState: Match State Changed from EnteringMap to WaitingToStart
[2017.02.28-18.48.09:594][971]LogGameMode:Display: Match State Changed from WaitingToStart to InProgress
[2017.02.28-18.48.09:644][971]LogGameState: Match State Changed from WaitingToStart to InProgress
[2017.02.28-18.48.09:650][971]PIE: Info Play in editor start time for /Game/Maps/UEDPIE_0_BurningHouse3 1.046
[2017.02.28-18.48.09:651][971]LogBlueprintUserMessages: Late PlayInEditor Detection: Level '/Game/Maps/BurningHouse3.BurningHouse3:PersistentLevel' has LevelScriptBlueprint '/Game/Maps/BurningHouse3.BurningHouse3:PersistentLevel.BurningHouse3' with GeneratedClass '/Game/Maps/BurningHouse3.BurningHouse3_C' with ClassGeneratedBy '/Game/Maps/BurningHouse3.BurningHouse3:PersistentLevel.BurningHouse3'
[2017.02.28-18.48.17:737][170]LogBlueprintUserMessages: Early EndPlayMap Detection: Level '/Game/Maps/BurningHouse3.BurningHouse3:PersistentLevel' has LevelScriptBlueprint '/Game/Maps/BurningHouse3.BurningHouse3:PersistentLevel.BurningHouse3' with GeneratedClass '/Game/Maps/BurningHouse3.BurningHouse3_C' with ClassGeneratedBy '/Game/Maps/BurningHouse3.BurningHouse3:PersistentLevel.BurningHouse3'
[2017.02.28-18.48.17:831][170]LogBlueprintUserMessages: Late EndPlayMap Detection: Level '/Game/Maps/BurningHouse3.BurningHouse3:PersistentLevel' has LevelScriptBlueprint '/Game/Maps/BurningHouse3.BurningHouse3:PersistentLevel.BurningHouse3' with GeneratedClass '/Game/Maps/BurningHouse3.BurningHouse3_C' with ClassGeneratedBy '/Game/Maps/BurningHouse3.BurningHouse3:PersistentLevel.BurningHouse3'
[2017.02.28-18.48.30:713][441]LogAIModule: Creating AISystem for world BurningHouse2
[2017.02.28-18.48.30:868][441]Cmd: MAP LOAD FILE="../../../../../../Users/Courtney/Desktop/Scripting2/BurningHouse2/Content/BurningHouse2.umap" TEMPLATE=0 SHOWPROGRESS=1 FEATURELEVEL=3
[2017.02.28-18.48.30:868][441]LightingResults: New page: Lighting Build
[2017.02.28-18.48.30:870][441]LoadErrors: New page: Loading map: BurningHouse2.umap
[2017.02.28-18.48.30:875][441]MapCheck: New page: Map Check
[2017.02.28-18.48.30:875][441]LightingResults: New page: Lighting Build
[2017.02.28-18.48.31:017][441]LogEditorServer: Finished looking for orphan Actors (0.000 secs)
[2017.02.28-18.48.31:122][441]Cmd: MAP CHECKDEP NOCLEARLOG
[2017.02.28-18.48.31:386][441]MapCheck: Info Map check complete: 0 Error(s), 0 Warning(s), took 263.184ms to complete.
[2017.02.28-18.48.31:388][441]LogFileHelpers: Loading map 'BurningHouse2' took 0.521
[2017.02.28-18.48.34:511][517]LogBlueprintUserMessages: Early PlayInEditor Detection: Level '/Game/BurningHouse2.BurningHouse2:PersistentLevel' has LevelScriptBlueprint '/Game/BurningHouse2.BurningHouse2:PersistentLevel.BurningHouse2' with GeneratedClass '/Game/BurningHouse2.BurningHouse2_C' with ClassGeneratedBy '/Game/BurningHouse2.BurningHouse2:PersistentLevel.BurningHouse2'
[2017.02.28-18.48.34:512][517]LogPlayLevel: PlayLevel: No blueprints needed recompiling
[2017.02.28-18.48.34:512][517]PIE: New page: PIE session: BurningHouse2 (Feb 28, 2017, 6:48:34 PM)
[2017.02.28-18.48.34:512][517]LogPlayLevel: Creating play world package: /Game/UEDPIE_0_BurningHouse2
[2017.02.28-18.48.34:572][517]LogPlayLevel: PIE: StaticDuplicateObject took: (0.059647s)
[2017.02.28-18.48.34:574][517]LogAIModule: Creating AISystem for world BurningHouse2
[2017.02.28-18.48.34:575][517]LogPlayLevel: PIE: World Init took: (0.002989s)
[2017.02.28-18.48.34:576][517]LogPlayLevel: PIE: Created PIE world by copying editor world from /Game/BurningHouse2.BurningHouse2 to /Game/UEDPIE_0_BurningHouse2.BurningHouse2 (0.063508s)
[2017.02.28-18.48.34:654][517]LogInit: XAudio2 using 'Speakers (Realtek High Definition Audio)' : 2 channels at 48 kHz using 32 bits per sample (channel mask 0x3)
[2017.02.28-18.48.34:689][517]LogInit: FAudioDevice initialized.
[2017.02.28-18.48.34:760][517]LogWorld: Game class is 'FirstPersonGameMode_C'
[2017.02.28-18.48.34:806][517]LogWorld: Bringing World /Game/UEDPIE_0_BurningHouse2.BurningHouse2 up for play (max tick rate 60) at 2017.02.28-18.48.34
[2017.02.28-18.48.34:809][517]LogWorld: Bringing up level for play took: 0.046336
[2017.02.28-18.48.34:814][517]LogGameMode:Display: Match State Changed from EnteringMap to WaitingToStart
[2017.02.28-18.48.34:814][517]LogGameState: Match State Changed from EnteringMap to WaitingToStart
[2017.02.28-18.48.34:814][517]LogGameMode:Display: Match State Changed from WaitingToStart to InProgress
[2017.02.28-18.48.34:999][517]LogGameState: Match State Changed from WaitingToStart to InProgress
[2017.02.28-18.48.35:011][517]PIE: Info Play in editor start time for /Game/UEDPIE_0_BurningHouse2 0.407
[2017.02.28-18.48.35:012][517]LogBlueprintUserMessages: Late PlayInEditor Detection: Level '/Game/BurningHouse2.BurningHouse2:PersistentLevel' has LevelScriptBlueprint '/Game/BurningHouse2.BurningHouse2:PersistentLevel.BurningHouse2' with GeneratedClass '/Game/BurningHouse2.BurningHouse2_C' with ClassGeneratedBy '/Game/BurningHouse2.BurningHouse2:PersistentLevel.BurningHouse2'
[2017.02.28-18.49.13:304][668]LogBlueprintUserMessages: Early EndPlayMap Detection: Level '/Game/BurningHouse2.BurningHouse2:PersistentLevel' has LevelScriptBlueprint '/Game/BurningHouse2.BurningHouse2:PersistentLevel.BurningHouse2' with GeneratedClass '/Game/BurningHouse2.BurningHouse2_C' with ClassGeneratedBy '/Game/BurningHouse2.BurningHouse2:PersistentLevel.BurningHouse2'
[2017.02.28-18.49.13:521][668]LogBlueprintUserMessages: Late EndPlayMap Detection: Level '/Game/BurningHouse2.BurningHouse2:PersistentLevel' has LevelScriptBlueprint '/Game/BurningHouse2.BurningHouse2:PersistentLevel.BurningHouse2' with GeneratedClass '/Game/BurningHouse2.BurningHouse2_C' with ClassGeneratedBy '/Game/BurningHouse2.BurningHouse2:PersistentLevel.BurningHouse2'
[2017.02.28-18.49.27:639][ 16]LogBlueprintUserMessages: Early PlayInEditor Detection: Level '/Game/BurningHouse2.BurningHouse2:PersistentLevel' has LevelScriptBlueprint '/Game/BurningHouse2.BurningHouse2:PersistentLevel.BurningHouse2' with GeneratedClass '/Game/BurningHouse2.BurningHouse2_C' with ClassGeneratedBy '/Game/BurningHouse2.BurningHouse2:PersistentLevel.BurningHouse2'
[2017.02.28-18.49.27:639][ 16]LogPlayLevel: PlayLevel: No blueprints needed recompiling
[2017.02.28-18.49.27:639][ 16]PIE: New page: PIE session: BurningHouse2 (Feb 28, 2017, 6:49:27 PM)
[2017.02.28-18.49.27:639][ 16]LogPlayLevel: Creating play world package: /Game/UEDPIE_0_BurningHouse2
[2017.02.28-18.49.27:735][ 16]LogPlayLevel: PIE: StaticDuplicateObject took: (0.095532s)
[2017.02.28-18.49.27:736][ 16]LogAIModule: Creating AISystem for world BurningHouse2
[2017.02.28-18.49.27:736][ 16]LogPlayLevel: PIE: World Init took: (0.001328s)
[2017.02.28-18.49.27:736][ 16]LogPlayLevel: PIE: Created PIE world by copying editor world from /Game/BurningHouse2.BurningHouse2 to /Game/UEDPIE_0_BurningHouse2.BurningHouse2 (0.097268s)
[2017.02.28-18.49.27:762][ 16]LogInit: XAudio2 using 'Speakers (Realtek High Definition Audio)' : 2 channels at 48 kHz using 32 bits per sample (channel mask 0x3)
[2017.02.28-18.49.27:775][ 16]LogInit: FAudioDevice initialized.
[2017.02.28-18.49.27:821][ 16]LogWorld: Game class is 'FirstPersonGameMode_C'
[2017.02.28-18.49.27:839][ 16]LogWorld: Bringing World /Game/UEDPIE_0_BurningHouse2.BurningHouse2 up for play (max tick rate 60) at 2017.02.28-18.49.27
[2017.02.28-18.49.27:840][ 16]LogWorld: Bringing up level for play took: 0.018999
[2017.02.28-18.49.27:843][ 16]LogGameMode:Display: Match State Changed from EnteringMap to WaitingToStart
[2017.02.28-18.49.27:843][ 16]LogGameState: Match State Changed from EnteringMap to WaitingToStart
[2017.02.28-18.49.27:843][ 16]LogGameMode:Display: Match State Changed from WaitingToStart to InProgress
[2017.02.28-18.49.27:848][ 16]LogGameState: Match State Changed from WaitingToStart to InProgress
[2017.02.28-18.49.27:854][ 16]PIE: Info Play in editor start time for /Game/UEDPIE_0_BurningHouse2 -0.751
[2017.02.28-18.49.27:854][ 16]LogBlueprintUserMessages: Late PlayInEditor Detection: Level '/Game/BurningHouse2.BurningHouse2:PersistentLevel' has LevelScriptBlueprint '/Game/BurningHouse2.BurningHouse2:PersistentLevel.BurningHouse2' with GeneratedClass '/Game/BurningHouse2.BurningHouse2_C' with ClassGeneratedBy '/Game/BurningHouse2.BurningHouse2:PersistentLevel.BurningHouse2'
[2017.02.28-18.50.22:899][848]LogBlueprintUserMessages: Early EndPlayMap Detection: Level '/Game/BurningHouse2.BurningHouse2:PersistentLevel' has LevelScriptBlueprint '/Game/BurningHouse2.BurningHouse2:PersistentLevel.BurningHouse2' with GeneratedClass '/Game/BurningHouse2.BurningHouse2_C' with ClassGeneratedBy '/Game/BurningHouse2.BurningHouse2:PersistentLevel.BurningHouse2'
[2017.02.28-18.50.23:244][848]LogBlueprintUserMessages: Late EndPlayMap Detection: Level '/Game/BurningHouse2.BurningHouse2:PersistentLevel' has LevelScriptBlueprint '/Game/BurningHouse2.BurningHouse2:PersistentLevel.BurningHouse2' with GeneratedClass '/Game/BurningHouse2.BurningHouse2_C' with ClassGeneratedBy '/Game/BurningHouse2.BurningHouse2:PersistentLevel.BurningHouse2'
[2017.02.28-19.18.51:476][659]LogBlueprintUserMessages: Early PlayInEditor Detection: Level '/Game/BurningHouse2.BurningHouse2:PersistentLevel' has LevelScriptBlueprint '/Game/BurningHouse2.BurningHouse2:PersistentLevel.BurningHouse2' with GeneratedClass '/Game/BurningHouse2.BurningHouse2_C' with ClassGeneratedBy '/Game/BurningHouse2.BurningHouse2:PersistentLevel.BurningHouse2'
[2017.02.28-19.18.51:477][659]LogPlayLevel: PlayLevel: No blueprints needed recompiling
[2017.02.28-19.18.51:477][659]PIE: New page: PIE session: BurningHouse2 (Feb 28, 2017, 7:18:51 PM)
[2017.02.28-19.18.51:478][659]LogPlayLevel: Creating play world package: /Game/UEDPIE_0_BurningHouse2
[2017.02.28-19.18.51:725][659]LogPlayLevel: PIE: StaticDuplicateObject took: (0.247730s)
[2017.02.28-19.18.51:728][659]LogAIModule: Creating AISystem for world BurningHouse2
[2017.02.28-19.18.51:729][659]LogPlayLevel: PIE: World Init took: (0.003415s)
[2017.02.28-19.18.51:730][659]LogPlayLevel: PIE: Created PIE world by copying editor world from /Game/BurningHouse2.BurningHouse2 to /Game/UEDPIE_0_BurningHouse2.BurningHouse2 (0.252197s)
[2017.02.28-19.18.51:813][659]LogInit: XAudio2 using 'Speakers (Realtek High Definition Audio)' : 2 channels at 48 kHz using 32 bits per sample (channel mask 0x3)
[2017.02.28-19.18.51:857][659]LogInit: FAudioDevice initialized.
[2017.02.28-19.18.51:932][659]LogWorld: Game class is 'FirstPersonGameMode_C'
[2017.02.28-19.18.51:974][659]LogWorld: Bringing World /Game/UEDPIE_0_BurningHouse2.BurningHouse2 up for play (max tick rate 0) at 2017.02.28-19.18.51
[2017.02.28-19.18.51:976][659]LogWorld: Bringing up level for play took: 0.041284
[2017.02.28-19.18.51:981][659]LogGameMode:Display: Match State Changed from EnteringMap to WaitingToStart
[2017.02.28-19.18.51:981][659]LogGameState: Match State Changed from EnteringMap to WaitingToStart
[2017.02.28-19.18.51:981][659]LogGameMode:Display: Match State Changed from WaitingToStart to InProgress
[2017.02.28-19.18.52:020][659]LogGameState: Match State Changed from WaitingToStart to InProgress
[2017.02.28-19.18.52:031][659]PIE: Info Play in editor start time for /Game/UEDPIE_0_BurningHouse2 1.427
[2017.02.28-19.18.52:032][659]LogBlueprintUserMessages: Late PlayInEditor Detection: Level '/Game/BurningHouse2.BurningHouse2:PersistentLevel' has LevelScriptBlueprint '/Game/BurningHouse2.BurningHouse2:PersistentLevel.BurningHouse2' with GeneratedClass '/Game/BurningHouse2.BurningHouse2_C' with ClassGeneratedBy '/Game/BurningHouse2.BurningHouse2:PersistentLevel.BurningHouse2'
[2017.02.28-19.19.25:619][646]LogBlueprintUserMessages: Early EndPlayMap Detection: Level '/Game/BurningHouse2.BurningHouse2:PersistentLevel' has LevelScriptBlueprint '/Game/BurningHouse2.BurningHouse2:PersistentLevel.BurningHouse2' with GeneratedClass '/Game/BurningHouse2.BurningHouse2_C' with ClassGeneratedBy '/Game/BurningHouse2.BurningHouse2:PersistentLevel.BurningHouse2'
[2017.02.28-19.19.25:732][646]LogBlueprintUserMessages: Late EndPlayMap Detection: Level '/Game/BurningHouse2.BurningHouse2:PersistentLevel' has LevelScriptBlueprint '/Game/BurningHouse2.BurningHouse2:PersistentLevel.BurningHouse2' with GeneratedClass '/Game/BurningHouse2.BurningHouse2_C' with ClassGeneratedBy '/Game/BurningHouse2.BurningHouse2:PersistentLevel.BurningHouse2'
[2017.02.28-19.19.30:379][730]Cmd: QUIT_EDITOR
[2017.02.28-19.19.30:852][730]LogWindowsTextInputMethodSystem:Display: IME system now deactivated.
[2017.02.28-19.19.31:048][730]LogExit: Preparing to exit.
[2017.02.28-19.19.32:140][730]LogDirectoryWatcher: A directory notification for 'C:/Users/Courtney/Desktop/Scripting2/BurningHouse2/Content/' was aborted.
[2017.02.28-19.19.32:708][730]LogExit: Editor shut down
[2017.02.28-19.19.32:714][730]LogExit: Transaction tracking system shut down
[2017.02.28-19.19.37:437][730]LogObj: Freed 0b from 0 cluster array pools.
[2017.02.28-19.19.37:439][730]LogExit: Object subsystem successfully closed.
[2017.02.28-19.19.37:722][730]LogD3D11RHI: Shutdown
[2017.02.28-19.19.37:722][730]LogD3D11RHI: CleanupD3DDevice
[2017.02.28-19.19.38:276][730]LogD3D11RHI: ~FD3D11DynamicRHI
[2017.02.28-19.19.39:006][730]LogModuleManager: Shutting down and abandoning module MovieSceneCapture (234)
[2017.02.28-19.19.39:006][730]LogModuleManager: Shutting down and abandoning module HierarchicalLODOutliner (233)
[2017.02.28-19.19.39:018][730]LogModuleManager: Shutting down and abandoning module CrashTracker (232)
[2017.02.28-19.19.39:018][730]LogModuleManager: Shutting down and abandoning module SceneOutliner (231)
[2017.02.28-19.19.39:018][730]LogModuleManager: Shutting down and abandoning module WidgetCarousel (230)
[2017.02.28-19.19.39:018][730]LogModuleManager: Shutting down and abandoning module AddContentDialog (229)
[2017.02.28-19.19.39:022][730]LogDirectoryWatcher: A directory notification for 'C:/Program Files (x86)/Epic Games/4.13/FeaturePacks/' was aborted.
[2017.02.28-19.19.39:045][730]LogModuleManager: Shutting down and abandoning module GameplayTags (228)
[2017.02.28-19.19.39:046][730]LogModuleManager: Shutting down and abandoning module EditorWidgets (227)
[2017.02.28-19.19.39:046][730]LogModuleManager: Shutting down and abandoning module CollectionManager (226)
[2017.02.28-19.19.39:046][730]LogDirectoryWatcher: A directory notification for 'C:/Users/Courtney/Desktop/Scripting2/BurningHouse2/Content/Collections/' was aborted.
[2017.02.28-19.19.39:046][730]LogDirectoryWatcher: A directory notification for 'C:/Users/Courtney/Desktop/Scripting2/BurningHouse2/Content/Developers/Courtney/Collections/' was aborted.
[2017.02.28-19.19.39:046][730]LogDirectoryWatcher: A directory notification for 'C:/Users/Courtney/Desktop/Scripting2/BurningHouse2/Saved/Collections/' was aborted.
[2017.02.28-19.19.39:047][730]LogModuleManager: Shutting down and abandoning module StatsViewer (225)
[2017.02.28-19.19.39:133][730]LogModuleManager: Shutting down and abandoning module FoliageEdit (224)
[2017.02.28-19.19.39:134][730]LogModuleManager: Shutting down and abandoning module LandscapeEditor (223)
[2017.02.28-19.19.39:228][730]LogModuleManager: Shutting down and abandoning module SceneDepthPickerMode (222)
[2017.02.28-19.19.39:228][730]LogModuleManager: Shutting down and abandoning module ActorPickerMode (221)
[2017.02.28-19.19.39:228][730]LogModuleManager: Shutting down and abandoning module GeometryMode (220)
[2017.02.28-19.19.39:228][730]LogModuleManager: Shutting down and abandoning module TextureAlignMode (219)
[2017.02.28-19.19.39:228][730]LogModuleManager: Shutting down and abandoning module BspMode (218)
[2017.02.28-19.19.39:229][730]LogModuleManager: Shutting down and abandoning module HardwareSurvey (217)
[2017.02.28-19.19.39:229][730]LogModuleManager: Shutting down and abandoning module SequenceRecorderSections (216)
[2017.02.28-19.19.39:229][730]LogModuleManager: Shutting down and abandoning module SequenceRecorder (215)
[2017.02.28-19.19.39:243][730]LogModuleManager: Shutting down and abandoning module AutomationWorker (214)
[2017.02.28-19.19.39:243][730]LogModuleManager: Shutting down and abandoning module MatineeToLevelSequence (213)
[2017.02.28-19.19.39:243][730]LogModuleManager: Shutting down and abandoning module PlacementMode (212)
[2017.02.28-19.19.39:264][730]LogModuleManager: Shutting down and abandoning module LevelSequenceEditor (211)
[2017.02.28-19.19.39:455][730]LogModuleManager: Shutting down and abandoning module WmfMediaFactory (210)
[2017.02.28-19.19.39:455][730]LogModuleManager: Shutting down and abandoning module WmfMediaEditor (209)
[2017.02.28-19.19.39:455][730]LogModuleManager: Shutting down and abandoning module AvfMediaFactory (208)
[2017.02.28-19.19.39:455][730]LogModuleManager: Shutting down and abandoning module AvfMediaEditor (207)
[2017.02.28-19.19.39:455][730]LogModuleManager: Shutting down and abandoning module Media (206)
[2017.02.28-19.19.39:455][730]LogModuleManager: Shutting down and abandoning module AndroidMediaFactory (205)
[2017.02.28-19.19.39:455][730]LogModuleManager: Shutting down and abandoning module AndroidMediaEditor (204)
[2017.02.28-19.19.39:456][730]LogModuleManager: Shutting down and abandoning module CharacterAI (203)
[2017.02.28-19.19.39:456][730]LogModuleManager: Shutting down and abandoning module SmartSnapping (202)
[2017.02.28-19.19.39:456][730]LogModuleManager: Shutting down and abandoning module SessionServices (201)
[2017.02.28-19.19.39:456][730]LogModuleManager: Shutting down and abandoning module ViewportSnapping (200)
[2017.02.28-19.19.39:456][730]LogModuleManager: Shutting down and abandoning module ViewportInteraction (199)
[2017.02.28-19.19.39:456][730]LogModuleManager: Shutting down and abandoning module LogVisualizer (198)
[2017.02.28-19.19.39:462][730]LogModuleManager: Shutting down and abandoning module GameProjectGeneration (197)
[2017.02.28-19.19.39:522][730]LogModuleManager: Shutting down and abandoning module IntroTutorials (196)
[2017.02.28-19.19.39:563][730]LogModuleManager: Shutting down and abandoning module EditorLiveStreaming (195)
[2017.02.28-19.19.39:564][730]LogModuleManager: Shutting down and abandoning module IOSPlatformEditor (194)
[2017.02.28-19.19.39:564][730]LogModuleManager: Shu