Log file open, 03/03/17 08:46:42
LogInit:Display: Running engine for game: BurningHouse
LogPlatformFile: Not using cached read wrapper
LogInit:Display: RandInit(-1771450597) SRandInit(-1771450597).
LogTaskGraph: Started task graph with 5 named threads and 6 total threads with 1 sets of task threads.
LogStats: Stats thread started at 0.182279
LogPluginManager: Loaded Plugin Paper2D, From C:/Program Files (x86)/Epic Games/4.13/Engine/Plugins/2D/Paper2D/Paper2D.uplugin
LogPluginManager: Loaded Plugin LightPropagationVolume, From C:/Program Files (x86)/Epic Games/4.13/Engine/Plugins/Blendables/LightPropagationVolume/LightPropagationVolume.uplugin
LogPluginManager: Loaded Plugin BlankPlugin, From C:/Program Files (x86)/Epic Games/4.13/Engine/Plugins/Developer/BlankPlugin/BlankPlugin.uplugin
LogPluginManager: Loaded Plugin CodeLiteSourceCodeAccess, From C:/Program Files (x86)/Epic Games/4.13/Engine/Plugins/Developer/CodeLiteSourceCodeAccess/CodeLiteSourceCodeAccess.uplugin
LogPluginManager: Loaded Plugin GitSourceControl, From C:/Program Files (x86)/Epic Games/4.13/Engine/Plugins/Developer/GitSourceControl/GitSourceControl.uplugin
LogPluginManager: Loaded Plugin KDevelopSourceCodeAccess, From C:/Program Files (x86)/Epic Games/4.13/Engine/Plugins/Developer/KDevelopSourceCodeAccess/KDevelopSourceCodeAccess.uplugin
LogPluginManager: Loaded Plugin NullSourceCodeAccess, From C:/Program Files (x86)/Epic Games/4.13/Engine/Plugins/Developer/NullSourceCodeAccess/NullSourceCodeAccess.uplugin
LogPluginManager: Loaded Plugin OneSkyLocalizationService, From C:/Program Files (x86)/Epic Games/4.13/Engine/Plugins/Developer/OneSkyLocalizationService/OneSkyLocalizationService.uplugin
LogPluginManager: Loaded Plugin PerforceSourceControl, From C:/Program Files (x86)/Epic Games/4.13/Engine/Plugins/Developer/PerforceSourceControl/PerforceSourceControl.uplugin
LogPluginManager: Loaded Plugin SubversionSourceControl, From C:/Program Files (x86)/Epic Games/4.13/Engine/Plugins/Developer/SubversionSourceControl/SubversionSourceControl.uplugin
LogPluginManager: Loaded Plugin UObjectPlugin, From C:/Program Files (x86)/Epic Games/4.13/Engine/Plugins/Developer/UObjectPlugin/UObjectPlugin.uplugin
LogPluginManager: Loaded Plugin VisualStudioSourceCodeAccess, From C:/Program Files (x86)/Epic Games/4.13/Engine/Plugins/Developer/VisualStudioSourceCodeAccess/VisualStudioSourceCodeAccess.uplugin
LogPluginManager: Loaded Plugin XCodeSourceCodeAccess, From C:/Program Files (x86)/Epic Games/4.13/Engine/Plugins/Developer/XCodeSourceCodeAccess/XCodeSourceCodeAccess.uplugin
LogPluginManager: Loaded Plugin EpicSurvey, From C:/Program Files (x86)/Epic Games/4.13/Engine/Plugins/Editor/EpicSurvey/EpicSurvey.uplugin
LogPluginManager: Loaded Plugin MacGraphicsSwitching, From C:/Program Files (x86)/Epic Games/4.13/Engine/Plugins/Editor/MacGraphicsSwitching/MacGraphicsSwitching.uplugin
LogPluginManager: Loaded Plugin MobileLauncherProfileWizard, From C:/Program Files (x86)/Epic Games/4.13/Engine/Plugins/Editor/MobileLauncherProfileWizard/MobileLauncherProfileWizard.uplugin
LogPluginManager: Loaded Plugin PluginBrowser, From C:/Program Files (x86)/Epic Games/4.13/Engine/Plugins/Editor/PluginBrowser/PluginBrowser.uplugin
LogPluginManager: Loaded Plugin SpeedTreeImporter, From C:/Program Files (x86)/Epic Games/4.13/Engine/Plugins/Editor/SpeedTreeImporter/SpeedTreeImporter.uplugin
LogPluginManager: Loaded Plugin SuperSearchEditor, From C:/Program Files (x86)/Epic Games/4.13/Engine/Plugins/Editor/SuperSearchEditor/SuperSearchEditor.uplugin
LogPluginManager: Loaded Plugin AlembicImporter, From C:/Program Files (x86)/Epic Games/4.13/Engine/Plugins/Experimental/AlembicImporter/AlembicImporter.uplugin
LogPluginManager: Loaded Plugin BlueprintStats, From C:/Program Files (x86)/Epic Games/4.13/Engine/Plugins/Experimental/BlueprintStats/BlueprintStats.uplugin
LogPluginManager: Loaded Plugin CharacterAI, From C:/Program Files (x86)/Epic Games/4.13/Engine/Plugins/Experimental/CharacterAI/CharacterAI.uplugin
LogPluginManager: Loaded Plugin CodeEditor, From C:/Program Files (x86)/Epic Games/4.13/Engine/Plugins/Experimental/CodeEditor/CodeEditor.uplugin
LogPluginManager: Loaded Plugin CodeView, From C:/Program Files (x86)/Epic Games/4.13/Engine/Plugins/Experimental/CodeView/CodeView.uplugin
LogPluginManager: Loaded Plugin HTML5Networking, From C:/Program Files (x86)/Epic Games/4.13/Engine/Plugins/Experimental/HTML5Networking/HTML5Networking.uplugin
LogPluginManager: Loaded Plugin LiveEditor, From C:/Program Files (x86)/Epic Games/4.13/Engine/Plugins/Experimental/LiveEditor/LiveEditor.uplugin
LogPluginManager: Loaded Plugin OSVR, From C:/Program Files (x86)/Epic Games/4.13/Engine/Plugins/Experimental/OSVR/OSVR.uplugin
LogPluginManager: Loaded Plugin Phya, From C:/Program Files (x86)/Epic Games/4.13/Engine/Plugins/Experimental/Phya/Phya.uplugin
LogPluginManager: Loaded Plugin SignificanceManager, From C:/Program Files (x86)/Epic Games/4.13/Engine/Plugins/Experimental/SignificanceManager/SignificanceManager.uplugin
LogPluginManager: Loaded Plugin SimpleHMD, From C:/Program Files (x86)/Epic Games/4.13/Engine/Plugins/Experimental/SimpleHMD/SimpleHMD.uplugin
LogPluginManager: Loaded Plugin StereoPanorama, From C:/Program Files (x86)/Epic Games/4.13/Engine/Plugins/Experimental/StereoPanorama/StereoPanorama.uplugin
LogPluginManager: Loaded Plugin StructBox, From C:/Program Files (x86)/Epic Games/4.13/Engine/Plugins/Experimental/StructBox/StructBox.uplugin
LogPluginManager: Loaded Plugin AndroidMedia, From C:/Program Files (x86)/Epic Games/4.13/Engine/Plugins/Media/AndroidMedia/AndroidMedia.uplugin
LogPluginManager: Loaded Plugin AvfMedia, From C:/Program Files (x86)/Epic Games/4.13/Engine/Plugins/Media/AvfMedia/AvfMedia.uplugin
LogPluginManager: Loaded Plugin MediaPlayerEditor, From C:/Program Files (x86)/Epic Games/4.13/Engine/Plugins/Media/MediaPlayerEditor/MediaPlayerEditor.uplugin
LogPluginManager: Loaded Plugin WmfMedia, From C:/Program Files (x86)/Epic Games/4.13/Engine/Plugins/Media/WmfMedia/WmfMedia.uplugin
LogPluginManager: Loaded Plugin MessagingDebugger, From C:/Program Files (x86)/Epic Games/4.13/Engine/Plugins/Messaging/MessagingDebugger/MessagingDebugger.uplugin
LogPluginManager: Loaded Plugin TcpMessaging, From C:/Program Files (x86)/Epic Games/4.13/Engine/Plugins/Messaging/TcpMessaging/TcpMessaging.uplugin
LogPluginManager: Loaded Plugin UdpMessaging, From C:/Program Files (x86)/Epic Games/4.13/Engine/Plugins/Messaging/UdpMessaging/UdpMessaging.uplugin
LogPluginManager: Loaded Plugin LevelSequenceEditor, From C:/Program Files (x86)/Epic Games/4.13/Engine/Plugins/MovieScene/LevelSequenceEditor/LevelSequenceEditor.uplugin
LogPluginManager: Loaded Plugin MatineeToLevelSequence, From C:/Program Files (x86)/Epic Games/4.13/Engine/Plugins/MovieScene/MatineeToLevelSequence/MatineeToLevelSequence.uplugin
LogPluginManager: Loaded Plugin NetcodeUnitTest, From C:/Program Files (x86)/Epic Games/4.13/Engine/Plugins/NetcodeUnitTest/NetcodeUnitTest/NetcodeUnitTest.uplugin
LogPluginManager: Loaded Plugin NUTUnrealEngine4, From C:/Program Files (x86)/Epic Games/4.13/Engine/Plugins/NetcodeUnitTest/NUTUnrealEngine4/NUTUnrealEngine4.uplugin
LogPluginManager: Loaded Plugin OnlineSubsystemGooglePlay, From C:/Program Files (x86)/Epic Games/4.13/Engine/Plugins/Online/Android/OnlineSubsystemGooglePlay/OnlineSubsystemGooglePlay.uplugin
LogPluginManager: Loaded Plugin OnlineSubsystemIOS, From C:/Program Files (x86)/Epic Games/4.13/Engine/Plugins/Online/IOS/OnlineSubsystemIOS/OnlineSubsystemIOS.uplugin
LogPluginManager: Loaded Plugin OnlineFramework, From C:/Program Files (x86)/Epic Games/4.13/Engine/Plugins/Online/OnlineFramework/OnlineFramework.uplugin
LogPluginManager: Loaded Plugin OnlineSubsystem, From C:/Program Files (x86)/Epic Games/4.13/Engine/Plugins/Online/OnlineSubsystem/OnlineSubsystem.uplugin
LogPluginManager: Loaded Plugin OnlineSubsystemAmazon, From C:/Program Files (x86)/Epic Games/4.13/Engine/Plugins/Online/OnlineSubsystemAmazon/OnlineSubsystemAmazon.uplugin
LogPluginManager: Loaded Plugin OnlineSubsystemFacebook, From C:/Program Files (x86)/Epic Games/4.13/Engine/Plugins/Online/OnlineSubsystemFacebook/OnlineSubsystemFacebook.uplugin
LogPluginManager: Loaded Plugin OnlineSubsystemNull, From C:/Program Files (x86)/Epic Games/4.13/Engine/Plugins/Online/OnlineSubsystemNull/OnlineSubsystemNull.uplugin
LogPluginManager: Loaded Plugin OnlineSubsystemOculus, From C:/Program Files (x86)/Epic Games/4.13/Engine/Plugins/Online/OnlineSubsystemOculus/OnlineSubsystemOculus.uplugin
LogPluginManager: Loaded Plugin OnlineSubsystemSteam, From C:/Program Files (x86)/Epic Games/4.13/Engine/Plugins/Online/OnlineSubsystemSteam/OnlineSubsystemSteam.uplugin
LogPluginManager: Loaded Plugin OnlineSubsystemUtils, From C:/Program Files (x86)/Epic Games/4.13/Engine/Plugins/Online/OnlineSubsystemUtils/OnlineSubsystemUtils.uplugin
LogPluginManager: Loaded Plugin IOSTapJoy, From C:/Program Files (x86)/Epic Games/4.13/Engine/Plugins/Runtime/Advertising/IOSTapJoy/IOSTapJoy.uplugin
LogPluginManager: Loaded Plugin AnalyticsBlueprintLibrary, From C:/Program Files (x86)/Epic Games/4.13/Engine/Plugins/Runtime/Analytics/AnalyticsBlueprintLibrary/AnalyticsBlueprintLibrary.uplugin
LogPluginManager: Loaded Plugin AnalyticsMulticast, From C:/Program Files (x86)/Epic Games/4.13/Engine/Plugins/Runtime/Analytics/AnalyticsMulticast/AnalyticsMulticast.uplugin
LogPluginManager: Loaded Plugin Apsalar, From C:/Program Files (x86)/Epic Games/4.13/Engine/Plugins/Runtime/Analytics/Apsalar/Apsalar.uplugin
LogPluginManager: Loaded Plugin FileLogging, From C:/Program Files (x86)/Epic Games/4.13/Engine/Plugins/Runtime/Analytics/FileLogging/FileLogging.uplugin
LogPluginManager: Loaded Plugin Flurry, From C:/Program Files (x86)/Epic Games/4.13/Engine/Plugins/Runtime/Analytics/Flurry/Flurry.uplugin
LogPluginManager: Loaded Plugin AndroidDeviceProfileSelector, From C:/Program Files (x86)/Epic Games/4.13/Engine/Plugins/Runtime/AndroidDeviceProfileSelector/AndroidDeviceProfileSelector.uplugin
LogPluginManager: Loaded Plugin AndroidMoviePlayer, From C:/Program Files (x86)/Epic Games/4.13/Engine/Plugins/Runtime/AndroidMoviePlayer/AndroidMoviePlayer.uplugin
LogPluginManager: Loaded Plugin AppleMoviePlayer, From C:/Program Files (x86)/Epic Games/4.13/Engine/Plugins/Runtime/AppleMoviePlayer/AppleMoviePlayer.uplugin
LogPluginManager: Loaded Plugin ArchVisCharacter, From C:/Program Files (x86)/Epic Games/4.13/Engine/Plugins/Runtime/ArchVisCharacter/ArchVisCharacter.uplugin
LogPluginManager: Loaded Plugin CableComponent, From C:/Program Files (x86)/Epic Games/4.13/Engine/Plugins/Runtime/CableComponent/CableComponent.uplugin
LogPluginManager: Loaded Plugin CustomMeshComponent, From C:/Program Files (x86)/Epic Games/4.13/Engine/Plugins/Runtime/CustomMeshComponent/CustomMeshComponent.uplugin
LogPluginManager: Loaded Plugin ExampleDeviceProfileSelector, From C:/Program Files (x86)/Epic Games/4.13/Engine/Plugins/Runtime/ExampleDeviceProfileSelector/ExampleDeviceProfileSelector.uplugin
LogPluginManager: Loaded Plugin GearVR, From C:/Program Files (x86)/Epic Games/4.13/Engine/Plugins/Runtime/GearVR/GearVR.uplugin
LogPluginManager: Loaded Plugin GoogleVRController, From C:/Program Files (x86)/Epic Games/4.13/Engine/Plugins/Runtime/GoogleVR/GoogleVRController/GoogleVRController.uplugin
LogPluginManager: Loaded Plugin GoogleVRHMD, From C:/Program Files (x86)/Epic Games/4.13/Engine/Plugins/Runtime/GoogleVR/GoogleVRHMD/GoogleVRHMD.uplugin
LogPluginManager: Loaded Plugin IOSDeviceProfileSelector, From C:/Program Files (x86)/Epic Games/4.13/Engine/Plugins/Runtime/IOSDeviceProfileSelector/IOSDeviceProfileSelector.uplugin
LogPluginManager: Loaded Plugin LeapMotion, From C:/Program Files (x86)/Epic Games/4.13/Engine/Plugins/Runtime/LeapMotion/LeapMotion.uplugin
LogPluginManager: Loaded Plugin LinuxDeviceProfileSelector, From C:/Program Files (x86)/Epic Games/4.13/Engine/Plugins/Runtime/LinuxDeviceProfileSelector/LinuxDeviceProfileSelector.uplugin
LogPluginManager: Loaded Plugin LiveEditorListenServer, From C:/Program Files (x86)/Epic Games/4.13/Engine/Plugins/Runtime/LiveEditorListenServer/LiveEditorListenServer.uplugin
LogPluginManager: Loaded Plugin OculusAudio, From C:/Program Files (x86)/Epic Games/4.13/Engine/Plugins/Runtime/OculusAudio/OculusAudio.uplugin
LogPluginManager: Loaded Plugin OculusInput, From C:/Program Files (x86)/Epic Games/4.13/Engine/Plugins/Runtime/OculusInput/OculusInput.uplugin
LogPluginManager: Loaded Plugin OculusLibrary, From C:/Program Files (x86)/Epic Games/4.13/Engine/Plugins/Runtime/OculusLibrary/OculusLibrary.uplugin
LogPluginManager: Loaded Plugin OculusRift, From C:/Program Files (x86)/Epic Games/4.13/Engine/Plugins/Runtime/OculusRift/OculusRift.uplugin
LogPluginManager: Loaded Plugin Oodle, From C:/Program Files (x86)/Epic Games/4.13/Engine/Plugins/Runtime/PacketHandlers/CompressionComponents/Oodle/Oodle.uplugin
LogPluginManager: Loaded Plugin ProceduralMeshComponent, From C:/Program Files (x86)/Epic Games/4.13/Engine/Plugins/Runtime/ProceduralMeshComponent/ProceduralMeshComponent.uplugin
LogPluginManager: Loaded Plugin SoundMod, From C:/Program Files (x86)/Epic Games/4.13/Engine/Plugins/Runtime/SoundMod/SoundMod.uplugin
LogPluginManager: Loaded Plugin SoundVisualizations, From C:/Program Files (x86)/Epic Games/4.13/Engine/Plugins/Runtime/SoundVisualizations/SoundVisualizations.uplugin
LogPluginManager: Loaded Plugin SteamController, From C:/Program Files (x86)/Epic Games/4.13/Engine/Plugins/Runtime/Steam/SteamController/SteamController.uplugin
LogPluginManager: Loaded Plugin SteamVR, From C:/Program Files (x86)/Epic Games/4.13/Engine/Plugins/Runtime/Steam/SteamVR/SteamVR.uplugin
LogPluginManager: Loaded Plugin WebBrowserWidget, From C:/Program Files (x86)/Epic Games/4.13/Engine/Plugins/Runtime/WebBrowserWidget/WebBrowserWidget.uplugin
LogPluginManager: Loaded Plugin WindowsDeviceProfileSelector, From C:/Program Files (x86)/Epic Games/4.13/Engine/Plugins/Runtime/WindowsDeviceProfileSelector/WindowsDeviceProfileSelector.uplugin
LogPluginManager: Loaded Plugin WindowsMoviePlayer, From C:/Program Files (x86)/Epic Games/4.13/Engine/Plugins/Runtime/WindowsMoviePlayer/WindowsMoviePlayer.uplugin
LogPluginManager: Loaded Plugin ScriptPlugin, From C:/Program Files (x86)/Epic Games/4.13/Engine/Plugins/ScriptPlugin/ScriptPlugin.uplugin
LogPluginManager: Loaded Plugin SlateRemote, From C:/Program Files (x86)/Epic Games/4.13/Engine/Plugins/Slate/SlateRemote/SlateRemote.uplugin
LogInit: Using libcurl 7.47.1
LogInit:  - built for x86_64-pc-win32
LogInit:  - supports SSL with WinSSL
LogInit:  - other features:
LogInit:      CURL_VERSION_SSL
LogInit:      CURL_VERSION_IPV6
LogInit:      CURL_VERSION_ASYNCHDNS
LogInit:      CURL_VERSION_LARGEFILE
LogInit:      CURL_VERSION_IDN
LogInit:  CurlRequestOptions (configurable via config and command line):
LogInit:  - bVerifyPeer = false  - Libcurl will NOT verify peer certificate
LogInit:  - bUseHttpProxy = false  - Libcurl will NOT use HTTP proxy
LogInit:  - bDontReuseConnections = false  - Libcurl will reuse connections
LogInit:  - CertBundlePath = nullptr  - Libcurl will use whatever was configured at build time.
LogInit: Build: ++UE4+Release-4.13-CL-3142249
LogInit: Engine Version: 4.13.1-3142249+++UE4+Release-4.13
LogInit: Compatible Engine Version: 4.13.0-3106830+++UE4+Release-4.13
LogInit: Net CL: 3142249
LogDevObjectVersion: Number of dev versions registered: 13
LogDevObjectVersion:   Dev-Blueprints (B0D832E4-1F89-4F0D-ACCF-7EB736FD4AA2): 5
LogDevObjectVersion:   Dev-Build (E1C64328-A22C-4D53-A36C-8E866417BD8C): 0
LogDevObjectVersion:   Dev-Core (375EC13C-06E4-48FB-B500-84F0262A717E): 1
LogDevObjectVersion:   Dev-Editor (E4B068ED-F494-42E9-A231-DA0B2E46BB41): 6
LogDevObjectVersion:   Dev-Framework (CFFC743F-43B0-4480-9391-14DF171D2073): 12
LogDevObjectVersion:   Dev-Mobile (B02B49B5-BB20-44E9-A304-32B752E40360): 0
LogDevObjectVersion:   Dev-Networking (A4E4105C-59A1-49B5-A7C5-40C4547EDFEE): 0
LogDevObjectVersion:   Dev-Online (39C831C9-5AE6-47DC-9A44-9C173E1C8E7C): 0
LogDevObjectVersion:   Dev-Physics (78F01B33-EBEA-4F98-B9B4-84EACCB95AA2): 0
LogDevObjectVersion:   Dev-Platform (6631380F-2D4D-43E0-8009-CF276956A95A): 0
LogDevObjectVersion:   Dev-Rendering (12F88B9F-8875-4AFC-A67C-D90C383ABD29): 4
LogDevObjectVersion:   Dev-Sequencer (7B5AE74C-D270-4C10-A958-57980B212A5A): 0
LogDevObjectVersion:   Dev-VR (D7296918-1DD6-4BDD-9DE2-64A83CC13884): 0
LogInit: Compiled (64-bit): Sep 28 2016 02:12:12
LogInit: Compiled with Visual C++: 19.00.23026.00
LogInit: Build Configuration: Development
LogInit: Branch Name: ++UE4+Release-4.13
LogInit: Command line:  
LogInit: Base directory: C:/Program Files (x86)/Epic Games/4.13/Engine/Binaries/Win64/
LogInit: Installed Engine Build: 1
LogInit: Presizing for max 8388607 objects, including 0 objects not considered by GC, pre-allocating 0 bytes for permanent pool.
LogInit: Object subsystem initialized
[2017.03.03-08.46.43:996][  0]LogInit: Selected Device Profile: [Windows]
[2017.03.03-08.46.43:996][  0]LogInit: Applying CVar settings loaded from the selected device profile: [Windows]
[2017.03.03-08.46.44:269][  0]LogInit: Computer: COURTNEY-PC
[2017.03.03-08.46.44:269][  0]LogInit: User: Courtney
[2017.03.03-08.46.44:269][  0]LogInit: CPU Page size=65536, Cores=2
[2017.03.03-08.46.44:269][  0]LogInit: High frequency timer resolution =2.143475 MHz
[2017.03.03-08.46.44:284][  0]LogMemory: Memory total: Physical=3.9GB (4GB approx)
[2017.03.03-08.46.44:290][  0]LogMemory: Platform Memory Stats for Windows
[2017.03.03-08.46.44:290][  0]LogMemory: Process Physical Memory: 255.66 MB used, 255.66 MB peak
[2017.03.03-08.46.44:290][  0]LogMemory: Process Virtual Memory: 259.68 MB used, 259.68 MB peak
[2017.03.03-08.46.44:290][  0]LogMemory: Physical Memory: 1678.13 MB used, 4014.94 MB total
[2017.03.03-08.46.44:290][  0]LogMemory: Virtual Memory: 621.36 MB used, 134217728.00 MB total
[2017.03.03-08.46.45:652][  0]LogTextLocalizationManager: No specific translations for ('en-US') exist, so ('en') translations will be used.
[2017.03.03-08.46.52:067][  0]LogD3D11RHI: D3D11 adapters:
[2017.03.03-08.46.52:077][  0]LogD3D11RHI:    0. 'Intel(R) HD Graphics 5500' (Feature Level 11_0)
[2017.03.03-08.46.52:077][  0]LogD3D11RHI:       128/0/2007 MB DedicatedVideo/DedicatedSystem/SharedSystem, Outputs:1, VendorId:0x8086
[2017.03.03-08.46.52:079][  0]LogD3D11RHI:    1. 'Microsoft Basic Render Driver' (Feature Level 11_0)
[2017.03.03-08.46.52:079][  0]LogD3D11RHI:       0/0/2007 MB DedicatedVideo/DedicatedSystem/SharedSystem, Outputs:0, VendorId:0x1414
[2017.03.03-08.46.52:079][  0]LogD3D11RHI: Chosen D3D11 Adapter: 0
[2017.03.03-08.46.52:084][  0]LogD3D11RHI: Creating new Direct3DDevice
[2017.03.03-08.46.52:084][  0]LogD3D11RHI:     GPU DeviceId: 0x1616 (for the marketing name, search the web for "GPU Device Id")
[2017.03.03-08.46.52:084][  0]LogWindows: EnumDisplayDevices:
[2017.03.03-08.46.52:084][  0]LogWindows:    0. 'Intel(R) HD Graphics 5500' (P:1 D:1)
[2017.03.03-08.46.52:085][  0]LogWindows:    1. 'Intel(R) HD Graphics 5500' (P:0 D:0)
[2017.03.03-08.46.52:085][  0]LogWindows:    2. 'Intel(R) HD Graphics 5500' (P:0 D:0)
[2017.03.03-08.46.52:085][  0]LogWindows: DebugString: FoundDriverCount:3 
[2017.03.03-08.46.52:085][  0]LogD3D11RHI:     Adapter Name: Intel(R) HD Graphics 5500
[2017.03.03-08.46.52:085][  0]LogD3D11RHI:   Driver Version: 20.19.15.4531 (internal:20.19.15.4531, unified:20.19.15.4531)
[2017.03.03-08.46.52:085][  0]LogD3D11RHI:      Driver Date: 9-29-2016
[2017.03.03-08.46.52:085][  0]LogRHI: Texture pool is 792 MB (70% of 1131 MB)
[2017.03.03-08.46.52:103][  0]LogD3D11RHI: Async texture creation enabled
[2017.03.03-08.46.52:675][  0]LogD3D11RHI: GPU Timing Frequency: 12.500000 (Debug: 2 0)
[2017.03.03-08.46.52:889][  0]LogShaderCompilers: Guid format shader working directory is -16 characters bigger than the processId version (../../../../../../Users/Courtney/Desktop/Scripting2/BurningHouse2/Intermediate/Shaders/WorkingDirectory/7996/).
[2017.03.03-08.46.52:889][  0]LogShaderCompilers: Cleaned the shader compiler working directory 'C:/Users/Courtney/AppData/Local/Temp/UnrealShaderWorkingDir/30C3FCC64E4F364E5A274AA8498B840A/'.
[2017.03.03-08.46.52:912][  0]LogShaderCompilers:Display: Using Local Shader Compiler.
[2017.03.03-08.47.02:878][  0]LogTemp:Display: Loaded TP AllDesktopTargetPlatform
[2017.03.03-08.47.02:888][  0]LogTemp:Display: Loaded TP WindowsClientTargetPlatform
[2017.03.03-08.47.02:898][  0]LogTemp:Display: Loaded TP WindowsNoEditorTargetPlatform
[2017.03.03-08.47.02:907][  0]LogTemp:Display: Loaded TP WindowsServerTargetPlatform
[2017.03.03-08.47.02:916][  0]LogTemp:Display: Loaded TP WindowsTargetPlatform
[2017.03.03-08.47.03:009][  0]LogTemp:Display: Loaded TP AndroidTargetPlatform
[2017.03.03-08.47.03:038][  0]LogTemp:Display: Loaded TP Android_ASTCTargetPlatform
[2017.03.03-08.47.03:055][  0]LogTemp:Display: Loaded TP Android_ATCTargetPlatform
[2017.03.03-08.47.03:103][  0]LogTemp:Display: Loaded TP Android_DXTTargetPlatform
[2017.03.03-08.47.03:136][  0]LogTemp:Display: Loaded TP Android_ETC1TargetPlatform
[2017.03.03-08.47.03:207][  0]LogTemp:Display: Loaded TP Android_ETC2TargetPlatform
[2017.03.03-08.47.03:299][  0]LogTemp:Display: Loaded TP Android_MultiTargetPlatform
[2017.03.03-08.47.03:299][  0]LogTemp:Display: Loaded TP Android_PVRTCTargetPlatform
[2017.03.03-08.47.03:300][  0]LogTemp:Display: Loaded TP HTML5TargetPlatform
[2017.03.03-08.47.03:440][  0]LogTemp:Display: Loaded TP IOSTargetPlatform
[2017.03.03-08.47.03:448][  0]LogTemp:Display: Loaded TP TVOSTargetPlatform
[2017.03.03-08.47.03:456][  0]LogTemp:Display: Loaded TP LinuxClientTargetPlatform
[2017.03.03-08.47.03:463][  0]LogTemp:Display: Loaded TP LinuxNoEditorTargetPlatform
[2017.03.03-08.47.03:471][  0]LogTemp:Display: Loaded TP LinuxServerTargetPlatform
[2017.03.03-08.47.03:496][  0]LogTemp:Display: Loaded TP LinuxTargetPlatform
[2017.03.03-08.47.03:506][  0]LogTargetPlatformManager:Display: Building Assets For Windows
[2017.03.03-08.47.04:868][  0]LogDerivedDataCache:Display: Max Cache Size: 512 MB
[2017.03.03-08.47.05:745][  0]LogDerivedDataCache: Loaded boot cache 0.86s 62MB C:/Users/Courtney/AppData/Local/UnrealEngine/4.13/DerivedDataCache/Boot.ddc.
[2017.03.03-08.47.05:745][  0]LogDerivedDataCache:Display: Loaded Boot cache: C:/Users/Courtney/AppData/Local/UnrealEngine/4.13/DerivedDataCache/Boot.ddc
[2017.03.03-08.47.05:745][  0]LogDerivedDataCache: FDerivedDataBackendGraph:  Pak pak cache file ../../../../../../Users/Courtney/Desktop/Scripting2/BurningHouse2/DerivedDataCache/DDC.ddp not found, will not use a pak cache.
[2017.03.03-08.47.05:745][  0]LogDerivedDataCache: Unable to find inner node Pak for hierarchical cache Hierarchy.
[2017.03.03-08.47.05:745][  0]LogDerivedDataCache: FDerivedDataBackendGraph:  CompressedPak pak cache file ../../../../../../Users/Courtney/Desktop/Scripting2/BurningHouse2/DerivedDataCache/Compressed.ddp not found, will not use a pak cache.
[2017.03.03-08.47.05:745][  0]LogDerivedDataCache: Unable to find inner node CompressedPak for hierarchical cache Hierarchy.
[2017.03.03-08.47.05:849][  0]LogDerivedDataCache:Display: Pak cache opened for reading ../../../Engine/DerivedDataCache/Compressed.ddp.
[2017.03.03-08.47.05:882][  0]LogDerivedDataCache: Using Local data cache path C:/Users/Courtney/AppData/Local/UnrealEngine/Common/DerivedDataCache: Writable
[2017.03.03-08.47.19:840][  0]LogInit: Selected Device Profile: [Windows]
[2017.03.03-08.47.20:440][  0]LogContentStreaming: Texture pool size is 0.00 MB
[2017.03.03-08.47.21:435][  0]LogMeshUtilities: No automatic mesh reduction module available
[2017.03.03-08.47.21:435][  0]LogMeshUtilities: No automatic mesh merging module available
[2017.03.03-08.47.21:435][  0]LogMeshUtilities: No distributed automatic mesh merging module available
[2017.03.03-08.47.25:576][  0]LogMaterial: Uniform references updated for custom material expression Custom.
[2017.03.03-08.47.34:477][  0]LogNetVersion: GetLocalNetworkVersion: CL: 3106830, ProjectName: burninghouse, ProjectVersion: , EngineNetworkVersion: 1, GameNetworkVersion: 0, NetworkChecksum: 1693464120
[2017.03.03-08.47.34:829][  0]LogAssetRegistry: FAssetRegistry took 0.0508 seconds to start up
[2017.03.03-08.47.35:220][  0]LogPackageLocalizationCache: Processed 3 localized package path(s) for 2 prioritized culture(s) in 0.288577 seconds
[2017.03.03-08.47.35:234][  0]LogUObjectArray: 29778 objects as part of root set at end of initial load.
[2017.03.03-08.47.35:234][  0]LogUObjectAllocator: 6125456 out of 0 bytes used by permanent object pool.
[2017.03.03-08.47.35:234][  0]LogUObjectArray: CloseDisregardForGC: 0/0 objects in disregard for GC pool
[2017.03.03-08.47.35:294][  0]LogInit: WinSock: version 1.1 (2.2), MaxSocks=32767, MaxUdp=65467
[2017.03.03-08.47.43:360][  0]LogSlate: SlateFontCache - WITH_FREETYPE: 1, WITH_HARFBUZZ: 1
[2017.03.03-08.47.43:360][  0]LogSlate: SlateFontCache - WITH_FREETYPE: 1, WITH_HARFBUZZ: 1
[2017.03.03-08.48.08:676][  0]LogTcpMessaging: Initializing TcpMessaging bridge
[2017.03.03-08.48.08:806][  0]LogUdpMessaging: Initializing bridge on interface 0.0.0.0:0 to multicast group 230.0.0.1:6666.
[2017.03.03-08.48.12:103][  0]SourceControl: Info Source control is disabled
[2017.03.03-08.48.12:121][  0]SourceControl: Info Source control is disabled
[2017.03.03-08.48.12:363][  0]SourceControl: Info Source control is disabled
[2017.03.03-08.48.12:440][  0]SourceControl: Info Source control is disabled
[2017.03.03-08.48.15:478][  0]LogEngine: Initializing Engine...
[2017.03.03-08.48.15:481][  0]LogHMD: Failed to initialize OpenVR with code 110
[2017.03.03-08.48.17:899][  0]LogAIModule: Creating AISystem for world Untitled
[2017.03.03-08.48.18:249][  0]LogInit: XAudio2 using 'Speakers (Realtek High Definition Audio)' : 2 channels at 48 kHz using 32 bits per sample (channel mask 0x3)
[2017.03.03-08.48.18:545][  0]LogInit: FAudioDevice initialized.
[2017.03.03-08.48.18:656][  0]LogDerivedDataCache: Saved boot cache 0.11s 62MB C:/Users/Courtney/AppData/Local/UnrealEngine/4.13/DerivedDataCache/Boot.ddc.
[2017.03.03-08.48.18:686][  0]LogInit: Texture streaming: Enabled
[2017.03.03-08.48.20:296][  0]LogInit: Transaction tracking system initialized
[2017.03.03-08.48.23:019][  0]BlueprintLog: New page: Editor Load
[2017.03.03-08.48.26:217][  0]LocalizationService: Info Localization service is disabled
[2017.03.03-08.48.28:767][  0]LogConsoleResponse:Display: 
[2017.03.03-08.48.34:878][  0]LogFileCache: Scanning file cache for directory 'C:/Users/Courtney/Desktop/Scripting2/BurningHouse2/Content/' took 0.09s
[2017.03.03-08.48.34:879][  0]LogCook:Display: Max memory allowance for cook 16384mb min free memory 0mb
[2017.03.03-08.48.34:879][  0]LogCook:Display: Mobile HDR setting 1
[2017.03.03-08.48.38:872][  0]SourceControl: Info Source control is disabled
[2017.03.03-08.48.38:933][  0]Cmd: MAP LOAD FILE="../../../../../../Users/Courtney/Desktop/Scripting2/BurningHouse2/Content/FirstPersonBP/Maps/FirstPersonExampleMap.umap" TEMPLATE=0 SHOWPROGRESS=1 FEATURELEVEL=3
[2017.03.03-08.48.39:043][  0]LightingResults: New page: Lighting Build
[2017.03.03-08.48.39:342][  0]MapCheck: New page: Map Check
[2017.03.03-08.48.39:342][  0]LightingResults: New page: Lighting Build
[2017.03.03-08.48.52:258][  0]LogAIModule: Creating AISystem for world FirstPersonExampleMap
[2017.03.03-08.48.54:569][  0]LogEditorServer: Finished looking for orphan Actors (0.000 secs)
[2017.03.03-08.48.54:694][  0]Cmd: MAP CHECKDEP NOCLEARLOG
[2017.03.03-08.48.54:976][  0]MapCheck: Info Map check complete: 0 Error(s), 0 Warning(s), took 237.404ms to complete.
[2017.03.03-08.48.54:976][  0]LogFileHelpers: Loading map 'FirstPersonExampleMap' took 16.059
[2017.03.03-08.48.58:158][  0]LogCollectionManager: Loaded 0 collections in 0.006517 seconds
[2017.03.03-08.48.58:786][  0]LogFileCache: Scanning file cache for directory 'C:/Users/Courtney/Desktop/Scripting2/BurningHouse2/Saved/Collections/' took 0.01s
[2017.03.03-08.48.58:786][  0]LogFileCache: Scanning file cache for directory 'C:/Users/Courtney/Desktop/Scripting2/BurningHouse2/Content/Developers/Courtney/Collections/' took 0.01s
[2017.03.03-08.48.58:786][  0]LogFileCache: Scanning file cache for directory 'C:/Users/Courtney/Desktop/Scripting2/BurningHouse2/Content/Collections/' took 0.01s
[2017.03.03-08.48.58:786][  0]LogCollectionManager: Rebuilt the GUID cache for 0 collections in 0.000009 seconds
[2017.03.03-08.48.58:984][  0]LogContentBrowser: Native class hierarchy populated in 0.1271 seconds. Added 2141 classes and 415 folders.
[2017.03.03-08.48.59:138][  0]LogStats: UGameplayTagsManager::ConstructGameplayTagTree: Construct from data asset -  0.000 s
[2017.03.03-08.48.59:149][  0]LogStats: UGameplayTagsManager::ConstructGameplayTagTree: GameplayTagTreeChangedEvent.Broadcast -  0.011 s
[2017.03.03-08.48.59:153][  0]LogContentBrowser: Native class hierarchy updated for 'GameplayTags' in 0.0018 seconds. Added 12 classes and 0 folders.
[2017.03.03-08.48.59:220][  0]LogContentBrowser: Native class hierarchy updated for 'WidgetCarousel' in 0.0014 seconds. Added 0 classes and 0 folders.
[2017.03.03-08.49.02:375][  0]LogContentBrowser: Native class hierarchy updated for 'AddContentDialog' in 0.0017 seconds. Added 0 classes and 0 folders.
[2017.03.03-08.49.02:455][  0]LogContentBrowser: Native class hierarchy updated for 'SceneOutliner' in 0.0016 seconds. Added 1 classes and 2 folders.
[2017.03.03-08.49.03:006][  0]LogCrashTracker: Crashtracker disabled due to settings.
[2017.03.03-08.49.03:245][  0]LogUObjectGlobals:Warning: Failed to find object 'Class None.'
[2017.03.03-08.49.03:477][  0]LogContentBrowser: Native class hierarchy updated for 'HierarchicalLODOutliner' in 0.0017 seconds. Added 1 classes and 2 folders.
[2017.03.03-08.49.03:478][  0]LogLoad: (Engine Initialization) Total time: 146.52 seconds
[2017.03.03-08.49.03:478][  0]LogLoad: (Engine Initialization) Total Blueprint compile time: 3.35 seconds
[2017.03.03-08.49.03:478][  0]LogExternalProfiler: Found external profiler: VSPerf
[2017.03.03-08.49.03:478][  0]LogExternalProfiler: Using external profiler: VSPerf
[2017.03.03-08.49.03:860][  0]LogOcInput: OculusInput pre-init called
[2017.03.03-08.49.04:151][  0]LogContentStreaming: Texture pool size now 400 MB
[2017.03.03-08.49.05:794][  0]LogRenderer: Reallocating scene render targets to support 956x392 (Frame:2).
[2017.03.03-08.49.07:613][  1]LogHttp:Warning: 0000020D8AB78700: request failed, libcurl error: 6 (Couldn't resolve host name)
[2017.03.03-08.49.07:613][  1]LogHttp:Warning: 0000020D8AB78700: libcurl info message cache 8 (Could not resolve host: cdn.unrealengine.com)
[2017.03.03-08.49.07:613][  1]LogHttp:Warning: 0000020D8AB78700: libcurl info message cache 9 (Closing connection 0)
[2017.03.03-08.49.07:931][  2]LogHttp:Warning: 0000020D8B394D00: request failed, libcurl error: 6 (Couldn't resolve host name)
[2017.03.03-08.49.07:931][  2]LogHttp:Warning: 0000020D8B394D00: libcurl info message cache 8 (Could not resolve host: cdn.unrealengine.com)
[2017.03.03-08.49.07:931][  2]LogHttp:Warning: 0000020D8B394D00: libcurl info message cache 9 (Closing connection 1)
[2017.03.03-08.49.08:182][  3]LogHttp:Warning: 0000020D8B261600: request failed, libcurl error: 6 (Couldn't resolve host name)
[2017.03.03-08.49.08:182][  3]LogHttp:Warning: 0000020D8B261600: libcurl info message cache 8 (Could not resolve host: cdn.unrealengine.com)
[2017.03.03-08.49.08:182][  3]LogHttp:Warning: 0000020D8B261600: libcurl info message cache 9 (Closing connection 2)
[2017.03.03-08.49.09:258][  8]LogAssetRegistry: Asset discovery search completed in 94.4527 seconds
[2017.03.03-08.49.09:395][  8]LogCollectionManager: Rebuilt the object cache for 0 collections in 0.000001 seconds (found 0 objects)
[2017.03.03-08.49.09:406][  8]LogCollectionManager: Fixed up redirectors for 0 collections in 0.147046 seconds (updated 0 objects)
[2017.03.03-08.49.48:358][978]LogAIModule: Creating AISystem for world BurningHouse2
[2017.03.03-08.49.48:809][978]Cmd: MAP LOAD FILE="../../../../../../Users/Courtney/Desktop/Scripting2/BurningHouse2/Content/BurningHouse2.umap" TEMPLATE=0 SHOWPROGRESS=1 FEATURELEVEL=3
[2017.03.03-08.49.48:811][978]LightingResults: New page: Lighting Build
[2017.03.03-08.49.48:813][978]LoadErrors: New page: Loading map: BurningHouse2.umap
[2017.03.03-08.49.48:829][978]MapCheck: New page: Map Check
[2017.03.03-08.49.48:829][978]LightingResults: New page: Lighting Build
[2017.03.03-08.49.49:050][978]LogEditorServer: Finished looking for orphan Actors (0.000 secs)
[2017.03.03-08.49.49:146][978]Cmd: MAP CHECKDEP NOCLEARLOG
[2017.03.03-08.49.49:403][978]MapCheck: Info Map check complete: 0 Error(s), 0 Warning(s), took 256.453ms to complete.
[2017.03.03-08.49.49:405][978]LogFileHelpers: Loading map 'BurningHouse2' took 0.597
[2017.03.03-08.50.06:046][249]LogContentBrowser: Native class hierarchy updated for 'BlueprintGraph' in 0.0034 seconds. Added 112 classes and 0 folders.
[2017.03.03-08.50.11:953][251]LogHttp:Warning: 0000020DC38DBB80: request failed, libcurl error: 6 (Couldn't resolve host name)
[2017.03.03-08.50.11:954][251]LogHttp:Warning: 0000020DC38DBB80: libcurl info message cache 8 (Could not resolve host: datarouter.ol.epicgames.com)
[2017.03.03-08.50.11:954][251]LogHttp:Warning: 0000020DC38DBB80: libcurl info message cache 9 (Closing connection 3)
[2017.03.03-08.53.15:123][272]Cmd: OBJ SAVEPACKAGE PACKAGE="/Game/FirstPersonBP/Blueprints/Door" FILE="../../../../../../Users/Courtney/Desktop/Scripting2/BurningHouse2/Content/FirstPersonBP/Blueprints/Door.uasset" SILENT=true
[2017.03.03-08.53.15:582][272]LogSavePackage: Save=148.72ms
[2017.03.03-08.53.15:582][272]LogSavePackage: Moving '../../../../../../Users/Courtney/Desktop/Scripting2/BurningHouse2/Saved/Door0775632C4FB7C40FA25CF0B451EE0BF9.tmp' to '../../../../../../Users/Courtney/Desktop/Scripting2/BurningHouse2/Content/FirstPersonBP/Blueprints/Door.uasset'
[2017.03.03-08.53.15:621][272]LogSavePackage:Display: Finished SavePackage ../../../../../../Users/Courtney/Desktop/Scripting2/BurningHouse2/Content/FirstPersonBP/Blueprints/Door.uasset
[2017.03.03-08.55.03:892][549]LogHttp:Warning: 0000020E1162EB00: request failed, libcurl error: 6 (Couldn't resolve host name)
[2017.03.03-08.55.03:892][549]LogHttp:Warning: 0000020E1162EB00: libcurl info message cache 8 (Could not resolve host: datarouter.ol.epicgames.com)
[2017.03.03-08.55.03:893][549]LogHttp:Warning: 0000020E1162EB00: libcurl info message cache 9 (Closing connection 4)
[2017.03.03-08.56.53:922][714]LogActorComponent: UnregisterComponent: (/Engine/Transient.EditorFloorComp) Not registered. Aborting.
[2017.03.03-08.56.55:871][757]LogActorComponent: UnregisterComponent: (/Engine/Transient.EditorFloorComp) Not registered. Aborting.
[2017.03.03-08.56.57:806][795]LogActorComponent: UnregisterComponent: (/Engine/Transient.EditorFloorComp) Not registered. Aborting.
[2017.03.03-08.57.03:161][893]LogHttp:Warning: 0000020DC1EF0880: request failed, libcurl error: 6 (Couldn't resolve host name)
[2017.03.03-08.57.03:162][893]LogHttp:Warning: 0000020DC1EF0880: libcurl info message cache 8 (Could not resolve host: datarouter.ol.epicgames.com)
[2017.03.03-08.57.03:162][893]LogHttp:Warning: 0000020DC1EF0880: libcurl info message cache 9 (Closing connection 5)
[2017.03.03-08.58.11:095][975]LogHttp:Warning: 0000020E1923C700: request failed, libcurl error: 6 (Couldn't resolve host name)
[2017.03.03-08.58.11:095][975]LogHttp:Warning: 0000020E1923C700: libcurl info message cache 8 (Could not resolve host: datarouter.ol.epicgames.com)
[2017.03.03-08.58.11:095][975]LogHttp:Warning: 0000020E1923C700: libcurl info message cache 9 (Closing connection 6)
[2017.03.03-09.00.03:867][544]LogHttp:Warning: 0000020E1C49CB80: request failed, libcurl error: 6 (Couldn't resolve host name)
[2017.03.03-09.00.03:867][544]LogHttp:Warning: 0000020E1C49CB80: libcurl info message cache 8 (Could not resolve host: datarouter.ol.epicgames.com)
[2017.03.03-09.00.03:867][544]LogHttp:Warning: 0000020E1C49CB80: libcurl info message cache 9 (Closing connection 7)
[2017.03.03-09.00.10:854][586]LogSavePackage: Save=4283.34ms
[2017.03.03-09.00.10:854][586]LogSavePackage: Moving '../../../../../../Users/Courtney/Desktop/Scripting2/BurningHouse2/Saved/BurningHouse2_Auto13D63BB3444A5CD1D3F345CA05325F24C.tmp' to '../../../../../../Users/Courtney/Desktop/Scripting2/BurningHouse2/Saved/Autosaves/Game/BurningHouse2_Auto1.umap'
[2017.03.03-09.00.10:881][586]LogSavePackage:Display: Finished SavePackage ../../../../../../Users/Courtney/Desktop/Scripting2/BurningHouse2/Saved/Autosaves/Game/BurningHouse2_Auto1.umap
[2017.03.03-09.00.10:888][586]LogFileHelpers: Editor autosave (incl. sublevels) for '/Game/BurningHouse2' took 6.033
[2017.03.03-09.00.10:888][586]LogFileHelpers: Editor autosave (incl. sublevels) for all levels took 6.033
[2017.03.03-09.00.10:913][586]OBJ SavePackage: Generating thumbnails for [1] asset(s) in package [/Game/FirstPersonBP/Blueprints/Door2] ([1] browsable assets)...
[2017.03.03-09.00.11:080][586]OBJ SavePackage:     Rendered thumbnail for [Blueprint /Game/FirstPersonBP/Blueprints/Door2.Door2]
[2017.03.03-09.00.11:080][586]OBJ SavePackage: Finished generating thumbnails for package [/Game/FirstPersonBP/Blueprints/Door2]
[2017.03.03-09.00.11:252][586]LogSavePackage: Save=113.25ms
[2017.03.03-09.00.11:252][586]LogSavePackage: Moving '../../../../../../Users/Courtney/Desktop/Scripting2/BurningHouse2/Saved/Door2_Auto1556699E146A79608D06A0F9B9112F32D.tmp' to '../../../../../../Users/Courtney/Desktop/Scripting2/BurningHouse2/Saved/Autosaves/Game/FirstPersonBP/Blueprints/Door2_Auto1.uasset'
[2017.03.03-09.00.11:257][586]LogSavePackage:Display: Finished SavePackage ../../../../../../Users/Courtney/Desktop/Scripting2/BurningHouse2/Saved/Autosaves/Game/FirstPersonBP/Blueprints/Door2_Auto1.uasset
[2017.03.03-09.00.11:258][586]LogFileHelpers: Auto-saving content packages took 0.359
[2017.03.03-09.01.17:205][472]Cmd: OBJ SAVEPACKAGE PACKAGE="/Game/BurningHouse2" FILE="../../../../../../Users/Courtney/Desktop/Scripting2/BurningHouse2/Content/BurningHouse2.umap" SILENT=true AUTOSAVING=false KEEPDIRTY=false
[2017.03.03-09.01.20:599][472]LogSavePackage: Save=3252.93ms
[2017.03.03-09.01.20:599][472]LogSavePackage: Moving '../../../../../../Users/Courtney/Desktop/Scripting2/BurningHouse2/Saved/BurningHouse2134B9DC4429EE033398C92A3BC15C486.tmp' to '../../../../../../Users/Courtney/Desktop/Scripting2/BurningHouse2/Content/BurningHouse2.umap'
[2017.03.03-09.01.20:621][472]LogSavePackage:Display: Finished SavePackage ../../../../../../Users/Courtney/Desktop/Scripting2/BurningHouse2/Content/BurningHouse2.umap
[2017.03.03-09.01.20:718][472]LogFileHelpers: Saving map 'BurningHouse2' took 3.772
[2017.03.03-09.01.20:724][472]Cmd: OBJ SAVEPACKAGE PACKAGE="/Game/FirstPersonBP/Blueprints/Door2" FILE="../../../../../../Users/Courtney/Desktop/Scripting2/BurningHouse2/Content/FirstPersonBP/Blueprints/Door2.uasset" SILENT=true
[2017.03.03-09.01.20:833][472]LogSavePackage: Save=60.95ms
[2017.03.03-09.01.20:833][472]LogSavePackage: Moving '../../../../../../Users/Courtney/Desktop/Scripting2/BurningHouse2/Saved/Door201EDEE84440AD6E865463297E2EB5E62.tmp' to '../../../../../../Users/Courtney/Desktop/Scripting2/BurningHouse2/Content/FirstPersonBP/Blueprints/Door2.uasset'
[2017.03.03-09.01.20:854][472]LogSavePackage:Display: Finished SavePackage ../../../../../../Users/Courtney/Desktop/Scripting2/BurningHouse2/Content/FirstPersonBP/Blueprints/Door2.uasset
[2017.03.03-09.02.16:833][504]LogHttp:Warning: 0000020E3C719480: request failed, libcurl error: 6 (Couldn't resolve host name)
[2017.03.03-09.02.16:833][504]LogHttp:Warning: 0000020E3C719480: libcurl info message cache 8 (Could not resolve host: datarouter.ol.epicgames.com)
[2017.03.03-09.02.16:833][504]LogHttp:Warning: 0000020E3C719480: libcurl info message cache 9 (Closing connection 8)
[2017.03.03-09.05.03:881][298]LogHttp:Warning: 0000020E1AD00580: request failed, libcurl error: 6 (Couldn't resolve host name)
[2017.03.03-09.05.03:881][298]LogHttp:Warning: 0000020E1AD00580: libcurl info message cache 8 (Could not resolve host: datarouter.ol.epicgames.com)
[2017.03.03-09.05.03:882][298]LogHttp:Warning: 0000020E1AD00580: libcurl info message cache 9 (Closing connection 9)
[2017.03.03-09.06.33:155][438]Cmd: OBJ SAVEPACKAGE PACKAGE="/Game/FirstPersonBP/Blueprints/HUD" FILE="../../../../../../Users/Courtney/Desktop/Scripting2/BurningHouse2/Content/FirstPersonBP/Blueprints/HUD.uasset" SILENT=true
[2017.03.03-09.06.33:352][438]LogSavePackage: Save=146.89ms
[2017.03.03-09.06.33:354][438]LogSavePackage: Moving '../../../../../../Users/Courtney/Desktop/Scripting2/BurningHouse2/Saved/HUD78AE7B104724195AAAB2EBB2CBAFCE10.tmp' to '../../../../../../Users/Courtney/Desktop/Scripting2/BurningHouse2/Content/FirstPersonBP/Blueprints/HUD.uasset'
[2017.03.03-09.06.33:368][438]LogSavePackage:Display: Finished SavePackage ../../../../../../Users/Courtney/Desktop/Scripting2/BurningHouse2/Content/FirstPersonBP/Blueprints/HUD.uasset
[2017.03.03-09.06.49:911][890]Cmd: QUIT_EDITOR
[2017.03.03-09.06.50:444][890]LogWindowsTextInputMethodSystem:Display: IME system now deactivated.
[2017.03.03-09.06.50:626][890]LogExit: Preparing to exit.
[2017.03.03-09.06.52:235][890]LogDirectoryWatcher: A directory notification for 'C:/Users/Courtney/Desktop/Scripting2/BurningHouse2/Content/' was aborted.
[2017.03.03-09.06.52:870][890]LogExit: Editor shut down
[2017.03.03-09.06.52:875][890]LogExit: Transaction tracking system shut down
[2017.03.03-09.06.55:159][890]LogObj: Freed 0b from 0 cluster array pools.
[2017.03.03-09.06.55:161][890]LogExit: Object subsystem successfully closed.
[2017.03.03-09.06.55:444][890]LogD3D11RHI: Shutdown
[2017.03.03-09.06.55:444][890]LogD3D11RHI: CleanupD3DDevice
[2017.03.03-09.06.56:007][890]LogD3D11RHI: ~FD3D11DynamicRHI
[2017.03.03-09.06.56:915][890]LogModuleManager: Shutting down and abandoning module SequencerWidgets (236)
[2017.03.03-09.06.56:915][890]LogModuleManager: Shutting down and abandoning module BlueprintGraph (235)
[2017.03.03-09.06.56:915][890]LogModuleManager: Shutting down and abandoning module BlueprintProfiler (234)
[2017.03.03-09.06.56:951][890]LogModuleManager: Shutting down and abandoning module HierarchicalLODOutliner (233)
[2017.03.03-09.06.56:960][890]LogModuleManager: Shutting down and abandoning module CrashTracker (232)
[2017.03.03-09.06.56:960][890]LogModuleManager: Shutting down and abandoning module SceneOutliner (231)
[2017.03.03-09.06.56:960][890]LogModuleManager: Shutting down and abandoning module WidgetCarousel (230)
[2017.03.03-09.06.56:960][890]LogModuleManager: Shutting down and abandoning module AddContentDialog (229)
[2017.03.03-09.06.56:964][890]LogDirectoryWatcher: A directory notification for 'C:/Program Files (x86)/Epic Games/4.13/FeaturePacks/' was aborted.
[2017.03.03-09.06.56:986][890]LogModuleManager: Shutting down and abandoning module GameplayTags (228)
[2017.03.03-09.06.56:986][890]LogModuleManager: Shutting down and abandoning module EditorWidgets (227)
[2017.03.03-09.06.56:986][890]LogModuleManager: Shutting down and abandoning module CollectionManager (226)
[2017.03.03-09.06.56:987][890]LogDirectoryWatcher: A directory notification for 'C:/Users/Courtney/Desktop/Scripting2/BurningHouse2/Content/Collections/' was aborted.
[2017.03.03-09.06.56:987][890]LogDirectoryWatcher: A directory notification for 'C:/Users/Courtney/Desktop/Scripting2/BurningHouse2/Content/Developers/Courtney/Collections/' was aborted.
[2017.03.03-09.06.56:987][890]LogDirectoryWatcher: A directory notification for 'C:/Users/Courtney/Desktop/Scripting2/BurningHouse2/Saved/Collections/' was aborted.
[2017.03.03-09.06.56:987][890]LogModuleManager: Shutting down and abandoning module StatsViewer (225)
[2017.03.03-09.06.56:998][890]LogModuleManager: Shutting down and abandoning module FoliageEdit (224)
[2017.03.03-09.06.57:017][890]LogModuleManager: Shutting down and abandoning module LandscapeEditor (223)
[2017.03.03-09.06.57:040][890]LogModuleManager: Shutting down and abandoning module SceneDepthPickerMode (222)
[2017.03.03-09.06.57:040][890]LogModuleManager: Shutting down and abandoning module ActorPickerMode (221)
[2017.03.03-09.06.57:040][890]LogModuleManager: Shutting down and abandoning module GeometryMode (220)
[2017.03.03-09.06.57:040][890]LogModuleManager: Shutting down and abandoning module TextureAlignMode (219)
[2017.03.03-09.06.57:040][890]LogModuleManager: Shutting down and abandoning module BspMode (218)
[2017.03.03-09.06.57:044][890]LogModuleManager: Shutting down and abandoning module HardwareSurvey (217)
[2017.03.03-09.06.57:044][890]LogModuleManager: Shutting down and abandoning module SequenceRecorderSections (216)
[2017.03.03-09.06.57:044][890]LogModuleManager: Shutting down and abandoning module SequenceRecorder (215)
[2017.03.03-09.06.57:066][890]LogModuleManager: Shutting down and abandoning module AutomationWorker (214)
[2017.03.03-09.06.57:085][890]LogModuleManager: Shutting down and abandoning module MatineeToLevelSequence (213)
[2017.03.03-09.06.57:085][890]LogModuleManager: Shutting down and abandoning module PlacementMode (212)
[2017.03.03-09.06.57:105][890]LogModuleManager: Shutting down and abandoning module LevelSequenceEditor (211)
[2017.03.03-09.06.57:164][890]LogModuleManager: Shutting down and abandoning module WmfMediaFactory (210)
[2017.03.03-09.06.57:164][890]LogModuleManager: Shutting down and abandoning module WmfMediaEditor (209)
[2017.03.03-09.06.57:164][890]LogModuleManager: Shutting down and abandoning module AvfMediaFactory (208)
[2017.03.03-09.06.57:164][890]LogModuleManager: Shutting down and abandoning module AvfMediaEditor (207)
[2017.03.03-09.06.57:164][890]LogModuleManager: Shutting down and abandoning module Media (206)
[2017.03.03-09.06.57:164][890]LogModuleManager: Shutting down and abandoning module AndroidMediaFactory (205)
[2017.03.03-09.06.57:164][890]LogModuleManager: Shutting down and abandoning module AndroidMediaEditor (204)
[2017.03.03-09.06.57:164][890]LogModuleManager: Shutting down and abandoning module CharacterAI (203)
[2017.03.03-09.06.57:164][890]LogModuleManager: Shutting down and abandoning module SmartSnapping (202)
[2017.03.03-09.06.57:164][890]LogModuleManager: Shutting down and abandoning module SessionServices (201)
[2017.03.03-09.06.57:164][890]LogModuleManager: Shutting down and abandoning module ViewportSnapping (200)
[2017.03.03-09.06.57:164][890]LogModuleManager: Shutting down and abandoning module ViewportInteraction (199)
[2017.03.03-09.06.57:164][890]LogModuleManager: Shutting down and abandoning module LogVisualizer (198)
[2017.03.03-09.06.57:179][890]LogModuleManager: Shutting down and abandoning module GameProjectGeneration (197)
[2017.03.03-09.06.57:198][890]LogModuleManager: Shutting down and abandoning module IntroTutorials (196)
[2017.03.03-09.06.57:211][890]LogModuleManager: Shutting down and abandoning module EditorLiveStreaming (195)
[2017.03.03-09.06.57:211][890]LogModuleManager: Shutting down and abandoning module IOSPlatformEditor (194)
[2017.03.03-09.06.57:219][890]LogModuleManager: Shutting down and abandoning module HTML5PlatformEditor (193)
[2017.03.03-09.06.57:219][890]LogModuleManager: Shutting down and abandoning module AndroidDeviceDetection (192)
[2017.03.03-09.06.57:528][890]LogModuleManager: Shutting down and abandoning module AndroidPlatformEditor (191)
[2017.03.03-09.06.57:543][890]LogModuleManager: Shutting down and abandoning module IOSRuntimeSettings (190)
[2017.03.03-09.06.57:543][890]LogModuleManager: Shutting down and abandoning module AndroidRuntimeSettings (189)
[2017.03.03-09.06.57:543][890]LogModuleManager: Shutting down and abandoning module NiagaraEditor (188)
[2017.03.03-09.06.57:573][890]LogModuleManager: Shutting down and abandoning module MergeActors (187)
[2017.03.03-09.06.57:582][890]LogModuleManager: Shutting down and abandoning module SizeMap (186)
[2017.03.03-09.06.57:590][890]LogModuleManager: Shutting down and abandoning module TreeMap (185)
[2017.03.03-09.06.57:598][890]LogModuleManager: Shutting down and abandoning module ReferenceViewer (184)
[2017.03.03-09.06.57:598][890]LogModuleManager: Shutting down and abandoning module LocalizationService (183)
[2017.03.03-09.06.57:607][890]LogModuleManager: Shutting down and abandoning module LocalizationDashboard (182)
[2017.03.03-09.06.57:627][890]LogModuleManager: Shutting down and abandoning module HardwareTargeting (181)
[2017.03.03-09.06.57:641][890]LogModuleManager: Shutting down and abandoning module DeviceProfileEditor (180)
[2017.03.03-09.06.57:659][890]LogModuleManager: Shutting down and abandoning module UndoHistory (179)
[2017.03.03-09.06.57:674][890]LogModuleManager: Shutting down and abandoning module UserFeedback (178)
[2017.03.03-09.06.57:674][890]LogModuleManager: Shutting down and abandoning module XmlParser (177)
[2017.03.03-09.06.57:674][890]LogModuleManager: Shutting down and abandoning module Blutility (176)
[2017.03.03-09.06.57:686][890]LogModuleManager: Shutting down and abandoning module ProjectTargetPlatformEditor (175)
[2017.03.03-09.06.57:697][890]LogModuleManager: Shutting down and abandoning module ProjectSettingsViewer (174)
[2017.03.03-09.06.57:697][890]LogModuleManager: Shutting down and abandoning module InputBindingEditor (173)
[2017.03.03-09.06.57:726][890]LogModuleManager: Shutting down and abandoning module EditorSettingsViewer (172)
[2017.03.03-09.06.57:727][890]LogModuleManager: Shutting down and abandoning module SettingsEditor (171)
[2017.03.03-09.06.57:742][890]LogModuleManager: Shutting down and abandoning module ProjectLauncher (170)
[2017.03.03-09.06.57:777][890]LogModuleManager: Shutting down and abandoning module SessionFrontend (169)
[2017.03.03-09.06.57:792][890]LogModuleManager: Shutting down and abandoning module ProfilerClient (168)
[2017.03.03-09.06.57:803][890]LogModuleManager: Shutting down and abandoning module TargetDeviceServices (167)
[2017.03.03-09.06.57:804][890]LogModuleManager: Shutting down and abandoning module DeviceManager (166)
[2017.03.03-09.06.57:864][890]LogModuleManager: Shutting down and abandoning module AutomationController (165)
[2017.03.03-09.06.57:877][890]LogModuleManager: Shutting down and abandoning module AutomationWindow (164)
[2017.03.03-09.06.57:903][890]LogModuleManager: Shutting down and abandoning module Layers (163)
[2017.03.03-09.06.57:919][890]LogModuleManager: Shutting down and abandoning module ComponentVisualizers (162)
[2017.03.03-09.06.57:919][890]LogModuleManager: Shutting down and abandoning module DetailCustomizations (161)
[2017.03.03-09.06.57:929][890]LogModuleManager: Shutting down and abandoning module PackagesDialog (160)
[2017.03.03-09.06.57:929][890]LogModuleManager: Shutting down and abandoning module AnimGraph (159)
[2017.03.03-09.06.57:929][890]LogModuleManager: Shutting down and abandoning module Persona (158)
[2017.03.03-09.06.57:979][890]LogModuleManager: Shutting down and abandoning module Kismet (157)
[2017.03.03-09.06.58:003][890]LogModuleManager: Shutting down and abandoning module GraphEditor (156)
[2017.03.03-09.06.58:003][890]LogModuleManager: Shutting down and abandoning module ClassViewer (155)
[2017.03.03-09.06.58:012][890]LogModuleManager: Shutting down and abandoning module Toolbox (154)
[2017.03.03-09.06.58:027][890]LogModuleManager: Shutting down and abandoning module ModuleUI (153)
[2017.03.03-09.06.58:037][890]LogModuleManager: Shutting down and abandoning module MovieSceneTools (152)
[2017.03.03-09.06.58:063][890]LogModuleManager: Shutting down and abandoning module OutputLog (151)
[2017.03.03-09.06.58:074][890]LogModuleManager: Shutting down and abandoning module GammaUI (150)
[2017.03.03-09.06.58:087][890]LogModuleManager: Shutting down and abandoning module Documentation (149)
[2017.03.03-09.06.58:087][890]LogModuleManager: Shutting down and abandoning module Niagara (148)
[2017.03.03-09.06.58:095][890]LogModuleManager: Shutting down and abandoning module StreamingPauseRendering (147)
[2017.03.03-09.06.58:095][890]LogModuleManager: Shutting down and abandoning module AnalyticsET (146)
[2017.03.03-09.06.58:095][890]LogModuleManager: Shutting down and abandoning module PortalServices (145)
[2017.03.03-09.06.58:095][890]LogModuleManager: Shutting down and abandoning module PortalRpc (144)
[2017.03.03-09.06.58:095][890]LogModuleManager: Shutting down and abandoning module MessagingRpc (143)
[2017.03.03-09.06.58:095][890]LogModuleManager: Shutting down and abandoning module GameplayDebugger (142)
[2017.03.03-09.06.58:104][890]LogModuleManager: Shutting down and abandoning module AITestSuite (141)
[2017.03.03-09.06.58:109][890]LogModuleManager: Shutting down and abandoning module AIModule (140)
[2017.03.03-09.06.58:109][890]LogModuleManager: Shutting down and abandoning module ProfilerService (139)
[2017.03.03-09.06.58:316][890]LogModuleManager: Shutting down and abandoning module TaskGraph (138)
[2017.03.03-09.06.58:325][890]LogModuleManager: Shutting down and abandoning module SlateRemote (137)
[2017.03.03-09.06.58:325][890]LogModuleManager: Shutting down and abandoning module SteamVRController (136)
[2017.03.03-09.06.58:325][890]LogModuleManager: Shutting down and abandoning module SteamVR (135)
[2017.03.03-09.06.58:325][890]LogModuleManager: Shutting down and abandoning module ProceduralMeshComponentEditor (134)
[2017.03.03-09.06.58:335][890]LogModuleManager: Shutting down and abandoning module ProceduralMeshComponent (133)
[2017.03.03-09.06.58:338][890]LogModuleManager: Shutting down and abandoning module OculusLibrary (132)
[2017.03.03-09.06.58:338][890]LogModuleManager: Shutting down and abandoning module OculusInput (131)
[2017.03.03-09.06.58:338][890]LogModuleManager: Shutting down and abandoning module CustomMeshComponent (130)
[2017.03.03-09.06.58:338][890]LogModuleManager: Shutting down and abandoning module CableComponent (129)
[2017.03.03-09.06.58:338][890]LogModuleManager: Shutting down and abandoning module ArchVisCharacter (128)
[2017.03.03-09.06.58:338][890]LogModuleManager: Shutting down and abandoning module MediaPlayerEditor (126)
[2017.03.03-09.06.58:362][890]LogModuleManager: Shutting down and abandoning module HTML5Networking (125)
[2017.03.03-09.06.58:362][890]LogModuleManager: Shutting down and abandoning module GeometryCacheEd (124)
[2017.03.03-09.06.58:362][890]LogModuleManager: Shutting down and abandoning module GeometryCache (123)
[2017.03.03-09.06.58:362][890]LogModuleManager: Shutting down and abandoning module AlembicLibrary (122)
[2017.03.03-09.06.58:362][890]LogModuleManager: Shutting down and abandoning module AlembicImporter (121)
[2017.03.03-09.06.58:376][890]LogModuleManager: Shutting down and abandoning module SuperSearch (120)
[2017.03.03-09.06.58:376][890]LogModuleManager: Shutting down and abandoning module SuperSearchEditor (119)
[2017.03.03-09.06.58:376][890]LogModuleManager: Shutting down and abandoning module SpeedTreeImporter (118)
[2017.03.03-09.06.58:376][890]LogModuleManager: Shutting down and abandoning module PluginBrowser (117)
[2017.03.03-09.06.58:392][890]LogModuleManager: Shutting down and abandoning module MobileLauncherProfileWizard (116)
[2017.03.03-09.06.58:419][890]LogModuleManager: Shutting down and abandoning module EpicSurvey (115)
[2017.03.03-09.06.58:433][890]LogModuleManager: Shutting down and abandoning module DesktopPlatform (114)
[2017.03.03-09.06.58:450][890]LogModuleManager: Shutting down and abandoning module VisualStudioSourceCodeAccess (113)
[2017.03.03-09.06.58:461][890]LogModuleManager: Shutting down and abandoning module UObjectPlugin (112)
[2017.03.03-09.06.58:461][890]LogModuleManager: Shutting down and abandoning module SubversionSourceControl (111)
[2017.03.03-09.06.58:471][890]LogModuleManager: Shutting down and abandoning module PerforceSourceControl (110)
[2017.03.03-09.06.58:489][890]LogModuleManager: Shutting down and abandoning module SourceControl (109)
[2017.03.03-09.06.58:500][890]LogModuleManager: Shutting down and abandoning module GitSourceControl (108)
[2017.03.03-09.06.58:514][890]LogModuleManager: Shutting down and abandoning module LightPropagationVolumeEditor (107)
[2017.03.03-09.06.58:514][890]LogModuleManager: Shutting down and abandoning module PaperTiledImporter (106)
[2017.03.03-09.06.58:526][890]LogModuleManager: Shutting down and abandoning module PaperSpriteSheetImporter (105)
[2017.03.03-09.06.58:526][890]LogModuleManager: Shutting down and abandoning module MeshPaint (104)
[2017.03.03-09.06.58:526][890]LogModuleManager: Shutting down and abandoning module FbxAutomationBuilderModule (103)
[2017.03.03-09.06.58:534][890]LogModuleManager: Shutting down and abandoning module PixelInspectorModule (102)
[2017.03.03-09.06.58:546][890]LogModuleManager: Shutting down and abandoning module HotReload (101)
[2017.03.03-09.06.58:555][890]LogModuleManager: Shutting down and abandoning module MainFrame (100)
[2017.03.03-09.06.58:556][890]LogModuleManager: Shutting down and abandoning module LevelEditor (99)
[2017.03.03-09.06.58:561][890]LogModuleManager: Shutting down and abandoning module ContentBrowser (98)
[2017.03.03-09.06.58:566][890]LogModuleManager: Shutting down and abandoning module Paper2DEditor (97)
[2017.03.03-09.06.58:592][890]LogModuleManager: Shutting down and abandoning module UdpMessaging (96)
[2017.03.03-09.06.58:693][890]LogModuleManager: Shutting down and abandoning module TcpMessaging (95)
[2017.03.03-09.06.58:802][890]LogModuleManager: Shutting down and abandoning module LightPropagationVolumeRuntime (94)
[2017.03.03-09.06.58:802][890]LogModuleManager: Shutting down and abandoning module Paper2D (93)
[2017.03.03-09.06.58:811][890]LogModuleManager: Shutting down and abandoning module WindowsMoviePlayer (92)
[2017.03.03-09.06.58:825][890]LogModuleManager: Shutting down and abandoning module WmfMedia (91)
[2017.03.03-09.06.58:839][890]LogModuleManager: Shutting down and abandoning module MediaAssets (90)
[2017.03.03-09.06.58:839][890]LogModuleManager: Shutting down and abandoning module GameLiveStreaming (89)
[2017.03.03-09.06.58:839][890]LogModuleManager: Shutting down and abandoning module GameplayTagsEditor (88)
[2017.03.03-09.06.58:845][890]LogModuleManager: Shutting down and abandoning module VREditor (87)
[2017.03.03-09.06.58:845][890]LogModuleManager: Shutting down and abandoning module GameplayTasksEditor (86)
[2017.03.03-09.06.58:845][890]LogModuleManager: Shutting down and abandoning module PropertyEditor (85)
[2017.03.03-09.06.58:846][890]LogModuleManager: Shutting down and abandoning module BehaviorTreeEditor (84)
[2017.03.03-09.06.58:879][890]LogModuleManager: Shutting down and abandoning module FunctionalTesting (83)
[2017.03.03-09.06.58:879][890]LogModuleManager: Shutting down and abandoning module CollisionAnalyzer (82)
[2017.03.03-09.06.58:894][890]LogModuleManager: Shutting down and abandoning module Sequencer (81)
[2017.03.03-09.06.58:897][890]LogModuleManager: Shutting down and abandoning module WorkspaceMenuStructure (80)
[2017.03.03-09.06.58:897][890]LogModuleManager: Shutting down and abandoning module MessageLog (79)
[2017.03.03-09.06.58:897][890]LogModuleManager: Shutting down and abandoning module AssetTools (78)
[2017.03.03-09.06.58:921][890]LogModuleManager: Shutting down and abandoning module UMGEditor (77)
[2017.03.03-09.06.58:921][890]LogModuleManager: Shutting down and abandoning module UMG (76)
[2017.03.03-09.06.58:921][890]LogModuleManager: Shutting down and abandoning module SlateReflector (75)
[2017.03.03-09.06.58:986][890]LogModuleManager: Shutting down and abandoning module Slate (74)
[2017.03.03-09.06.58:986][890]LogModuleManager: Shutting down and abandoning module EditorStyle (73)
[2017.03.03-09.06.58:996][890]LogModuleManager: Shutting down and abandoning module SourceCodeAccess (72)
[2017.03.03-09.06.58:996][890]LogModuleManager: Shutting down and abandoning module HeadMountedDisplay (71)
[2017.03.03-09.06.58:996][890]LogModuleManager: Shutting down and abandoning module XAudio2 (70)
[2017.03.03-09.06.58:996][890]LogModuleManager: Shutting down and abandoning module Networking (68)
[2017.03.03-09.06.58:996][890]LogModuleManager: Shutting down and abandoning module Core (67)
[2017.03.03-09.06.58:996][890]LogModuleManager: Shutting down and abandoning module DirectoryWatcher (66)
[2017.03.03-09.06.58:997][890]LogDirectoryWatcher: A directory notification for '../../../Engine/Content/' was aborted.
[2017.03.03-09.06.58:999][890]LogDirectoryWatcher: A directory notification for '../../../../../../Users/Courtney/Desktop/Scripting2/BurningHouse2/Content/' was aborted.
[2017.03.03-09.06.59:002][890]LogDirectoryWatcher: A directory notification for '../../../Engine/Plugins/2D/Paper2D/Content/' was aborted.
[2017.03.03-09.06.59:016][890]LogModuleManager: Shutting down and abandoning module AssetRegistry (65)
[2017.03.03-09.06.59:438][890]LogModuleManager: Shutting down and abandoning module KismetCompiler (64)
[2017.03.03-09.06.59:438][890]LogModuleManager: Shutting down and abandoning module PhysXFormats (63)
[2017.03.03-09.06.59:438][890]LogModuleManager: Shutting down and abandoning module MeshUtilities (62)
[2017.03.03-09.06.59:452][890]LogModuleManager: Shutting down and abandoning module DerivedDataCache (61)
[2017.03.03-09.06.59:484][890]LogDerivedDataCache: Shutdown
[2017.03.03-09.06.59:484][890]LogModuleManager: Shutting down and abandoning module VulkanShaderFormat (60)
[2017.03.03-09.06.59:498][890]LogModuleManager: Shutting down and abandoning module ShaderFormatOpenGL (59)
[2017.03.03-09.06.59:515][890]LogModuleManager: Shutting down and abandoning module ShaderFormatD3D (58)
[2017.03.03-09.06.59:515][890]LogModuleManager: Shutting down and abandoning module MetalShaderFormat (57)
[2017.03.03-09.06.59:524][890]LogModuleManager: Shutting down and abandoning module TextureFormatUncompressed (56)
[2017.03.03-09.06.59:524][890]LogModuleManager: Shutting down and abandoning module TextureFormatPVR (55)
[2017.03.03-09.06.59:524][890]LogModuleManager: Shutting down and abandoning module TextureFormatDXT (54)
[2017.03.03-09.06.59:524][890]LogModuleManager: Shutting down and abandoning module TextureFormatIntelISPCTexComp (53)
[2017.03.03-09.06.59:553][890]LogModuleManager: Shutting down and abandoning module ImageWrapper (52)
[2017.03.03-09.06.59:553][890]LogModuleManager: Shutting down and abandoning module TextureFormatASTC (51)
[2017.03.03-09.06.59:553][890]LogModuleManager: Shutting down and abandoning module TextureFormatAndroid (50)
[2017.03.03-09.06.59:553][890]LogModuleManager: Shutting down and abandoning module AudioFormatOpus (49)
[2017.03.03-09.06.59:567][890]LogModuleManager: Shutting down and abandoning module AudioFormatOgg (48)
[2017.03.03-09.06.59:567][890]LogModuleManager: Shutting down and abandoning module AudioFormatADPCM (47)
[2017.03.03-09.06.59:567][890]LogModuleManager: Shutting down and abandoning module LinuxTargetPlatform (46)
[2017.03.03-09.06.59:567][890]LogModuleManager: Shutting down and abandoning module LinuxServerTargetPlatform (45)
[2017.03.03-09.06.59:567][890]LogModuleManager: Shutting down and abandoning module LinuxNoEditorTargetPlatform (44)
[2017.03.03-09.06.59:567][890]LogModuleManager: Shutting down and abandoning module LinuxClientTargetPlatform (43)
[2017.03.03-09.06.59:568][890]LogModuleManager: Shutting down and abandoning module TVOSTargetPlatform (42)
[2017.03.03-09.06.59:568][890]LogModuleManager: Shutting down and abandoning module Messaging (41)
[2017.03.03-09.06.59:568][890]LogModuleManager: Shutting down and abandoning module IOSTargetPlatform (40)
[2017.03.03-09.06.59:568][890]LogModuleManager: Shutting down and abandoning module HTML5TargetPlatform (39)
[2017.03.03-09.06.59:568][890]LogModuleManager: Shutting down and abandoning module Android_PVRTCTargetPlatform (38)
[2017.03.03-09.06.59:568][890]LogModuleManager: Shutting down and abandoning module Android_MultiTargetPlatform (37)
[2017.03.03-09.06.59:568][890]LogModuleManager: Shutting down and abandoning module Android_ETC2TargetPlatform (36)
[2017.03.03-09.06.59:568][890]LogModuleManager: Shutting down and abandoning module Android_ETC1TargetPlatform (35)
[2017.03.03-09.06.59:568][890]LogModuleManager: Shutting down and abandoning module Android_DXTTargetPlatform (34)
[2017.03.03-09.06.59:568][890]LogModuleManager: Shutting down and abandoning module Android_ATCTargetPlatform (33)
[2017.03.03-09.06.59:568][890]LogModuleManager: Shutting down and abandoning module Android_ASTCTargetPlatform (32)
[2017.03.03-09.06.59:568][890]LogModuleManager: Shutting down and abandoning module AndroidTargetPlatform (31)
[2017.03.03-09.06.59:568][890]LogModuleManager: Shutting down and abandoning module WindowsTargetPlatform (30)
[2017.03.03-09.06.59:568][890]LogModuleManager: Shutting down and abandoning module WindowsServerTargetPlatform (29)
[2017.03.03-09.06.59:568][890]LogModuleManager: Shutting down and abandoning module WindowsNoEditorTargetPlatform (28)
[2017.03.03-09.06.59:569][890]LogModuleManager: Shutting down and abandoning module WindowsClientTargetPlatform (27)
[2017.03.03-09.06.59:569][890]LogModuleManager: Shutting down and abandoning module AllDesktopTargetPlatform (26)
[2017.03.03-09.06.59:569][890]LogModuleManager: Shutting down and abandoning module TargetPlatform (25)
[2017.03.03-09.06.59:569][890]LogModuleManager: Shutting down and abandoning module InputCore (24)
[2017.03.03-09.06.59:569][890]LogModuleManager: Shutting down and abandoning module Settings (23)
[2017.03.03-09.06.59:569][890]LogModuleManager: Shutting down and abandoning module OculusRift (22)
[2017.03.03-09.06.59:581][890]LogModuleManager: Shutting down and abandoning module GearVR (21)
[2017.03.03-09.06.59:581][890]LogModuleManager: Shutting down and abandoning module ExampleDeviceProfileSelector (20)
[2017.03.03-09.06.59:581][890]LogModuleManager: Shutting down and abandoning module OnlineBlueprintSupport (19)
[2017.03.03-09.06.59:581][890]LogModuleManager: Shutting down and abandoning module OnlineSubsystem (17)
[2017.03.03-09.06.59:597][890]LogOnline:Display: Unloading online subsystem: NULL
[2017.03.03-09.06.59:611][890]LogModuleManager: Shutting down and abandoning module HTTP (16)
[2017.03.03-09.06.59:611][890]LogHttp:Display: Http module shutting down, but needs to wait on 1 outstanding Http requests:
[2017.03.03-09.06.59:622][890]LogHttp:Display: 	verb=[POST] url=[https://datarouter.ol.epicgames.com/datarouter/api/v1/public/data?SessionID=%7B1DBC0221-4005-D438-09E5-36B3159314DA%7D&AppID=UEEditor.Rocket.Release&AppVersion=4.13.1-3142249%2B%2B%2BUE4%2BRelease-4.13&UserID=dff5b95a431ff5c26f920cb41bee2175%7C166e41001fac4a708bb52e1c73568bad%7Ce433c376-a933-456a-82a2-8f292ce3be44&AppEnvironment=datacollector-binary&UploadType=eteventstream] status=Processing
[2017.03.03-09.06.59:622][890]LogHttp:Warning: 0000020E1DA71780: request failed, libcurl error: 6 (Couldn't resolve host name)
[2017.03.03-09.06.59:622][890]LogHttp:Warning: 0000020E1DA71780: libcurl info message cache 8 (Could not resolve host: datarouter.ol.epicgames.com)
[2017.03.03-09.06.59:622][890]LogHttp:Warning: 0000020E1DA71780: libcurl info message cache 9 (Closing connection 10)
[2017.03.03-09.06.59:652][890]LogModuleManager: Shutting down and abandoning module XMPP (15)
[2017.03.03-09.06.59:679][890]LogModuleManager: Shutting down and abandoning module TextureCompressor (14)
[2017.03.03-09.06.59:695][890]LogModuleManager: Shutting down and abandoning module ShaderCore (13)
[2017.03.03-09.06.59:695][890]LogModuleManager: Shutting down and abandoning module Landscape (12)
[2017.03.03-09.06.59:695][890]LogModuleManager: Shutting down and abandoning module SlateRHIRenderer (11)
[2017.03.03-09.06.59:736][890]LogModuleManager: Shutting down and abandoning module OpenGLDrv (10)
[2017.03.03-09.06.59:757][890]LogModuleManager: Shutting down and abandoning module D3D11RHI (9)
[2017.03.03-09.06.59:757][890]LogModuleManager: Shutting down and abandoning module AnimGraphRuntime (8)
[2017.03.03-09.06.59:757][890]LogModuleManager: Shutting down and abandoning module Renderer (7)
[2017.03.03-09.06.59:757][890]LogModuleManager: Shutting down and abandoning module Engine (6)
[2017.03.03-09.06.59:757][890]LogModuleManager: Shutting down and abandoning module CoreUObject (5)
[2017.03.03-09.06.59:757][890]LogModuleManager: Shutting down and abandoning module NetworkFile (4)
[2017.03.03-09.06.59:767][890]LogModuleManager: Shutting down and abandoning module StreamingFile (3)
[2017.03.03-09.06.59:767][890]LogModuleManager: Shutting down and abandoning module SandboxFile (2)
[2017.03.03-09.06.59:777][890]LogModuleManager: Shutting down and abandoning module PakFile (1)
[2017.03.03-09.06.59:805][890]LogExit: Exiting.
[2017.03.03-09.06.59:859][890]Log file closed, 03/03/17 09:06:59
