Log file open, 03/02/17 20:13:08
LogInit:Display: Running engine for game: BurningHouse
LogPlatformFile: Not using cached read wrapper
LogInit:Display: RandInit(87643800) SRandInit(87643800).
LogTaskGraph: Started task graph with 5 named threads and 6 total threads with 1 sets of task threads.
LogStats: Stats thread started at 0.236509
LogPluginManager: Loaded Plugin Paper2D, From C:/Program Files (x86)/Epic Games/4.13/Engine/Plugins/2D/Paper2D/Paper2D.uplugin
LogPluginManager: Loaded Plugin LightPropagationVolume, From C:/Program Files (x86)/Epic Games/4.13/Engine/Plugins/Blendables/LightPropagationVolume/LightPropagationVolume.uplugin
LogPluginManager: Loaded Plugin BlankPlugin, From C:/Program Files (x86)/Epic Games/4.13/Engine/Plugins/Developer/BlankPlugin/BlankPlugin.uplugin
LogPluginManager: Loaded Plugin CodeLiteSourceCodeAccess, From C:/Program Files (x86)/Epic Games/4.13/Engine/Plugins/Developer/CodeLiteSourceCodeAccess/CodeLiteSourceCodeAccess.uplugin
LogPluginManager: Loaded Plugin GitSourceControl, From C:/Program Files (x86)/Epic Games/4.13/Engine/Plugins/Developer/GitSourceControl/GitSourceControl.uplugin
LogPluginManager: Loaded Plugin KDevelopSourceCodeAccess, From C:/Program Files (x86)/Epic Games/4.13/Engine/Plugins/Developer/KDevelopSourceCodeAccess/KDevelopSourceCodeAccess.uplugin
LogPluginManager: Loaded Plugin NullSourceCodeAccess, From C:/Program Files (x86)/Epic Games/4.13/Engine/Plugins/Developer/NullSourceCodeAccess/NullSourceCodeAccess.uplugin
LogPluginManager: Loaded Plugin OneSkyLocalizationService, From C:/Program Files (x86)/Epic Games/4.13/Engine/Plugins/Developer/OneSkyLocalizationService/OneSkyLocalizationService.uplugin
LogPluginManager: Loaded Plugin PerforceSourceControl, From C:/Program Files (x86)/Epic Games/4.13/Engine/Plugins/Developer/PerforceSourceControl/PerforceSourceControl.uplugin
LogPluginManager: Loaded Plugin SubversionSourceControl, From C:/Program Files (x86)/Epic Games/4.13/Engine/Plugins/Developer/SubversionSourceControl/SubversionSourceControl.uplugin
LogPluginManager: Loaded Plugin UObjectPlugin, From C:/Program Files (x86)/Epic Games/4.13/Engine/Plugins/Developer/UObjectPlugin/UObjectPlugin.uplugin
LogPluginManager: Loaded Plugin VisualStudioSourceCodeAccess, From C:/Program Files (x86)/Epic Games/4.13/Engine/Plugins/Developer/VisualStudioSourceCodeAccess/VisualStudioSourceCodeAccess.uplugin
LogPluginManager: Loaded Plugin XCodeSourceCodeAccess, From C:/Program Files (x86)/Epic Games/4.13/Engine/Plugins/Developer/XCodeSourceCodeAccess/XCodeSourceCodeAccess.uplugin
LogPluginManager: Loaded Plugin EpicSurvey, From C:/Program Files (x86)/Epic Games/4.13/Engine/Plugins/Editor/EpicSurvey/EpicSurvey.uplugin
LogPluginManager: Loaded Plugin MacGraphicsSwitching, From C:/Program Files (x86)/Epic Games/4.13/Engine/Plugins/Editor/MacGraphicsSwitching/MacGraphicsSwitching.uplugin
LogPluginManager: Loaded Plugin MobileLauncherProfileWizard, From C:/Program Files (x86)/Epic Games/4.13/Engine/Plugins/Editor/MobileLauncherProfileWizard/MobileLauncherProfileWizard.uplugin
LogPluginManager: Loaded Plugin PluginBrowser, From C:/Program Files (x86)/Epic Games/4.13/Engine/Plugins/Editor/PluginBrowser/PluginBrowser.uplugin
LogPluginManager: Loaded Plugin SpeedTreeImporter, From C:/Program Files (x86)/Epic Games/4.13/Engine/Plugins/Editor/SpeedTreeImporter/SpeedTreeImporter.uplugin
LogPluginManager: Loaded Plugin SuperSearchEditor, From C:/Program Files (x86)/Epic Games/4.13/Engine/Plugins/Editor/SuperSearchEditor/SuperSearchEditor.uplugin
LogPluginManager: Loaded Plugin AlembicImporter, From C:/Program Files (x86)/Epic Games/4.13/Engine/Plugins/Experimental/AlembicImporter/AlembicImporter.uplugin
LogPluginManager: Loaded Plugin BlueprintStats, From C:/Program Files (x86)/Epic Games/4.13/Engine/Plugins/Experimental/BlueprintStats/BlueprintStats.uplugin
LogPluginManager: Loaded Plugin CharacterAI, From C:/Program Files (x86)/Epic Games/4.13/Engine/Plugins/Experimental/CharacterAI/CharacterAI.uplugin
LogPluginManager: Loaded Plugin CodeEditor, From C:/Program Files (x86)/Epic Games/4.13/Engine/Plugins/Experimental/CodeEditor/CodeEditor.uplugin
LogPluginManager: Loaded Plugin CodeView, From C:/Program Files (x86)/Epic Games/4.13/Engine/Plugins/Experimental/CodeView/CodeView.uplugin
LogPluginManager: Loaded Plugin HTML5Networking, From C:/Program Files (x86)/Epic Games/4.13/Engine/Plugins/Experimental/HTML5Networking/HTML5Networking.uplugin
LogPluginManager: Loaded Plugin LiveEditor, From C:/Program Files (x86)/Epic Games/4.13/Engine/Plugins/Experimental/LiveEditor/LiveEditor.uplugin
LogPluginManager: Loaded Plugin OSVR, From C:/Program Files (x86)/Epic Games/4.13/Engine/Plugins/Experimental/OSVR/OSVR.uplugin
LogPluginManager: Loaded Plugin Phya, From C:/Program Files (x86)/Epic Games/4.13/Engine/Plugins/Experimental/Phya/Phya.uplugin
LogPluginManager: Loaded Plugin SignificanceManager, From C:/Program Files (x86)/Epic Games/4.13/Engine/Plugins/Experimental/SignificanceManager/SignificanceManager.uplugin
LogPluginManager: Loaded Plugin SimpleHMD, From C:/Program Files (x86)/Epic Games/4.13/Engine/Plugins/Experimental/SimpleHMD/SimpleHMD.uplugin
LogPluginManager: Loaded Plugin StereoPanorama, From C:/Program Files (x86)/Epic Games/4.13/Engine/Plugins/Experimental/StereoPanorama/StereoPanorama.uplugin
LogPluginManager: Loaded Plugin StructBox, From C:/Program Files (x86)/Epic Games/4.13/Engine/Plugins/Experimental/StructBox/StructBox.uplugin
LogPluginManager: Loaded Plugin AndroidMedia, From C:/Program Files (x86)/Epic Games/4.13/Engine/Plugins/Media/AndroidMedia/AndroidMedia.uplugin
LogPluginManager: Loaded Plugin AvfMedia, From C:/Program Files (x86)/Epic Games/4.13/Engine/Plugins/Media/AvfMedia/AvfMedia.uplugin
LogPluginManager: Loaded Plugin MediaPlayerEditor, From C:/Program Files (x86)/Epic Games/4.13/Engine/Plugins/Media/MediaPlayerEditor/MediaPlayerEditor.uplugin
LogPluginManager: Loaded Plugin WmfMedia, From C:/Program Files (x86)/Epic Games/4.13/Engine/Plugins/Media/WmfMedia/WmfMedia.uplugin
LogPluginManager: Loaded Plugin MessagingDebugger, From C:/Program Files (x86)/Epic Games/4.13/Engine/Plugins/Messaging/MessagingDebugger/MessagingDebugger.uplugin
LogPluginManager: Loaded Plugin TcpMessaging, From C:/Program Files (x86)/Epic Games/4.13/Engine/Plugins/Messaging/TcpMessaging/TcpMessaging.uplugin
LogPluginManager: Loaded Plugin UdpMessaging, From C:/Program Files (x86)/Epic Games/4.13/Engine/Plugins/Messaging/UdpMessaging/UdpMessaging.uplugin
LogPluginManager: Loaded Plugin LevelSequenceEditor, From C:/Program Files (x86)/Epic Games/4.13/Engine/Plugins/MovieScene/LevelSequenceEditor/LevelSequenceEditor.uplugin
LogPluginManager: Loaded Plugin MatineeToLevelSequence, From C:/Program Files (x86)/Epic Games/4.13/Engine/Plugins/MovieScene/MatineeToLevelSequence/MatineeToLevelSequence.uplugin
LogPluginManager: Loaded Plugin NetcodeUnitTest, From C:/Program Files (x86)/Epic Games/4.13/Engine/Plugins/NetcodeUnitTest/NetcodeUnitTest/NetcodeUnitTest.uplugin
LogPluginManager: Loaded Plugin NUTUnrealEngine4, From C:/Program Files (x86)/Epic Games/4.13/Engine/Plugins/NetcodeUnitTest/NUTUnrealEngine4/NUTUnrealEngine4.uplugin
LogPluginManager: Loaded Plugin OnlineSubsystemGooglePlay, From C:/Program Files (x86)/Epic Games/4.13/Engine/Plugins/Online/Android/OnlineSubsystemGooglePlay/OnlineSubsystemGooglePlay.uplugin
LogPluginManager: Loaded Plugin OnlineSubsystemIOS, From C:/Program Files (x86)/Epic Games/4.13/Engine/Plugins/Online/IOS/OnlineSubsystemIOS/OnlineSubsystemIOS.uplugin
LogPluginManager: Loaded Plugin OnlineFramework, From C:/Program Files (x86)/Epic Games/4.13/Engine/Plugins/Online/OnlineFramework/OnlineFramework.uplugin
LogPluginManager: Loaded Plugin OnlineSubsystem, From C:/Program Files (x86)/Epic Games/4.13/Engine/Plugins/Online/OnlineSubsystem/OnlineSubsystem.uplugin
LogPluginManager: Loaded Plugin OnlineSubsystemAmazon, From C:/Program Files (x86)/Epic Games/4.13/Engine/Plugins/Online/OnlineSubsystemAmazon/OnlineSubsystemAmazon.uplugin
LogPluginManager: Loaded Plugin OnlineSubsystemFacebook, From C:/Program Files (x86)/Epic Games/4.13/Engine/Plugins/Online/OnlineSubsystemFacebook/OnlineSubsystemFacebook.uplugin
LogPluginManager: Loaded Plugin OnlineSubsystemNull, From C:/Program Files (x86)/Epic Games/4.13/Engine/Plugins/Online/OnlineSubsystemNull/OnlineSubsystemNull.uplugin
LogPluginManager: Loaded Plugin OnlineSubsystemOculus, From C:/Program Files (x86)/Epic Games/4.13/Engine/Plugins/Online/OnlineSubsystemOculus/OnlineSubsystemOculus.uplugin
LogPluginManager: Loaded Plugin OnlineSubsystemSteam, From C:/Program Files (x86)/Epic Games/4.13/Engine/Plugins/Online/OnlineSubsystemSteam/OnlineSubsystemSteam.uplugin
LogPluginManager: Loaded Plugin OnlineSubsystemUtils, From C:/Program Files (x86)/Epic Games/4.13/Engine/Plugins/Online/OnlineSubsystemUtils/OnlineSubsystemUtils.uplugin
LogPluginManager: Loaded Plugin IOSTapJoy, From C:/Program Files (x86)/Epic Games/4.13/Engine/Plugins/Runtime/Advertising/IOSTapJoy/IOSTapJoy.uplugin
LogPluginManager: Loaded Plugin AnalyticsBlueprintLibrary, From C:/Program Files (x86)/Epic Games/4.13/Engine/Plugins/Runtime/Analytics/AnalyticsBlueprintLibrary/AnalyticsBlueprintLibrary.uplugin
LogPluginManager: Loaded Plugin AnalyticsMulticast, From C:/Program Files (x86)/Epic Games/4.13/Engine/Plugins/Runtime/Analytics/AnalyticsMulticast/AnalyticsMulticast.uplugin
LogPluginManager: Loaded Plugin Apsalar, From C:/Program Files (x86)/Epic Games/4.13/Engine/Plugins/Runtime/Analytics/Apsalar/Apsalar.uplugin
LogPluginManager: Loaded Plugin FileLogging, From C:/Program Files (x86)/Epic Games/4.13/Engine/Plugins/Runtime/Analytics/FileLogging/FileLogging.uplugin
LogPluginManager: Loaded Plugin Flurry, From C:/Program Files (x86)/Epic Games/4.13/Engine/Plugins/Runtime/Analytics/Flurry/Flurry.uplugin
LogPluginManager: Loaded Plugin AndroidDeviceProfileSelector, From C:/Program Files (x86)/Epic Games/4.13/Engine/Plugins/Runtime/AndroidDeviceProfileSelector/AndroidDeviceProfileSelector.uplugin
LogPluginManager: Loaded Plugin AndroidMoviePlayer, From C:/Program Files (x86)/Epic Games/4.13/Engine/Plugins/Runtime/AndroidMoviePlayer/AndroidMoviePlayer.uplugin
LogPluginManager: Loaded Plugin AppleMoviePlayer, From C:/Program Files (x86)/Epic Games/4.13/Engine/Plugins/Runtime/AppleMoviePlayer/AppleMoviePlayer.uplugin
LogPluginManager: Loaded Plugin ArchVisCharacter, From C:/Program Files (x86)/Epic Games/4.13/Engine/Plugins/Runtime/ArchVisCharacter/ArchVisCharacter.uplugin
LogPluginManager: Loaded Plugin CableComponent, From C:/Program Files (x86)/Epic Games/4.13/Engine/Plugins/Runtime/CableComponent/CableComponent.uplugin
LogPluginManager: Loaded Plugin CustomMeshComponent, From C:/Program Files (x86)/Epic Games/4.13/Engine/Plugins/Runtime/CustomMeshComponent/CustomMeshComponent.uplugin
LogPluginManager: Loaded Plugin ExampleDeviceProfileSelector, From C:/Program Files (x86)/Epic Games/4.13/Engine/Plugins/Runtime/ExampleDeviceProfileSelector/ExampleDeviceProfileSelector.uplugin
LogPluginManager: Loaded Plugin GearVR, From C:/Program Files (x86)/Epic Games/4.13/Engine/Plugins/Runtime/GearVR/GearVR.uplugin
LogPluginManager: Loaded Plugin GoogleVRController, From C:/Program Files (x86)/Epic Games/4.13/Engine/Plugins/Runtime/GoogleVR/GoogleVRController/GoogleVRController.uplugin
LogPluginManager: Loaded Plugin GoogleVRHMD, From C:/Program Files (x86)/Epic Games/4.13/Engine/Plugins/Runtime/GoogleVR/GoogleVRHMD/GoogleVRHMD.uplugin
LogPluginManager: Loaded Plugin IOSDeviceProfileSelector, From C:/Program Files (x86)/Epic Games/4.13/Engine/Plugins/Runtime/IOSDeviceProfileSelector/IOSDeviceProfileSelector.uplugin
LogPluginManager: Loaded Plugin LeapMotion, From C:/Program Files (x86)/Epic Games/4.13/Engine/Plugins/Runtime/LeapMotion/LeapMotion.uplugin
LogPluginManager: Loaded Plugin LinuxDeviceProfileSelector, From C:/Program Files (x86)/Epic Games/4.13/Engine/Plugins/Runtime/LinuxDeviceProfileSelector/LinuxDeviceProfileSelector.uplugin
LogPluginManager: Loaded Plugin LiveEditorListenServer, From C:/Program Files (x86)/Epic Games/4.13/Engine/Plugins/Runtime/LiveEditorListenServer/LiveEditorListenServer.uplugin
LogPluginManager: Loaded Plugin OculusAudio, From C:/Program Files (x86)/Epic Games/4.13/Engine/Plugins/Runtime/OculusAudio/OculusAudio.uplugin
LogPluginManager: Loaded Plugin OculusInput, From C:/Program Files (x86)/Epic Games/4.13/Engine/Plugins/Runtime/OculusInput/OculusInput.uplugin
LogPluginManager: Loaded Plugin OculusLibrary, From C:/Program Files (x86)/Epic Games/4.13/Engine/Plugins/Runtime/OculusLibrary/OculusLibrary.uplugin
LogPluginManager: Loaded Plugin OculusRift, From C:/Program Files (x86)/Epic Games/4.13/Engine/Plugins/Runtime/OculusRift/OculusRift.uplugin
LogPluginManager: Loaded Plugin Oodle, From C:/Program Files (x86)/Epic Games/4.13/Engine/Plugins/Runtime/PacketHandlers/CompressionComponents/Oodle/Oodle.uplugin
LogPluginManager: Loaded Plugin ProceduralMeshComponent, From C:/Program Files (x86)/Epic Games/4.13/Engine/Plugins/Runtime/ProceduralMeshComponent/ProceduralMeshComponent.uplugin
LogPluginManager: Loaded Plugin SoundMod, From C:/Program Files (x86)/Epic Games/4.13/Engine/Plugins/Runtime/SoundMod/SoundMod.uplugin
LogPluginManager: Loaded Plugin SoundVisualizations, From C:/Program Files (x86)/Epic Games/4.13/Engine/Plugins/Runtime/SoundVisualizations/SoundVisualizations.uplugin
LogPluginManager: Loaded Plugin SteamController, From C:/Program Files (x86)/Epic Games/4.13/Engine/Plugins/Runtime/Steam/SteamController/SteamController.uplugin
LogPluginManager: Loaded Plugin SteamVR, From C:/Program Files (x86)/Epic Games/4.13/Engine/Plugins/Runtime/Steam/SteamVR/SteamVR.uplugin
LogPluginManager: Loaded Plugin WebBrowserWidget, From C:/Program Files (x86)/Epic Games/4.13/Engine/Plugins/Runtime/WebBrowserWidget/WebBrowserWidget.uplugin
LogPluginManager: Loaded Plugin WindowsDeviceProfileSelector, From C:/Program Files (x86)/Epic Games/4.13/Engine/Plugins/Runtime/WindowsDeviceProfileSelector/WindowsDeviceProfileSelector.uplugin
LogPluginManager: Loaded Plugin WindowsMoviePlayer, From C:/Program Files (x86)/Epic Games/4.13/Engine/Plugins/Runtime/WindowsMoviePlayer/WindowsMoviePlayer.uplugin
LogPluginManager: Loaded Plugin ScriptPlugin, From C:/Program Files (x86)/Epic Games/4.13/Engine/Plugins/ScriptPlugin/ScriptPlugin.uplugin
LogPluginManager: Loaded Plugin SlateRemote, From C:/Program Files (x86)/Epic Games/4.13/Engine/Plugins/Slate/SlateRemote/SlateRemote.uplugin
LogInit: Using libcurl 7.47.1
LogInit:  - built for x86_64-pc-win32
LogInit:  - supports SSL with WinSSL
LogInit:  - other features:
LogInit:      CURL_VERSION_SSL
LogInit:      CURL_VERSION_IPV6
LogInit:      CURL_VERSION_ASYNCHDNS
LogInit:      CURL_VERSION_LARGEFILE
LogInit:      CURL_VERSION_IDN
LogInit:  CurlRequestOptions (configurable via config and command line):
LogInit:  - bVerifyPeer = false  - Libcurl will NOT verify peer certificate
LogInit:  - bUseHttpProxy = false  - Libcurl will NOT use HTTP proxy
LogInit:  - bDontReuseConnections = false  - Libcurl will reuse connections
LogInit:  - CertBundlePath = nullptr  - Libcurl will use whatever was configured at build time.
LogInit: Build: ++UE4+Release-4.13-CL-3142249
LogInit: Engine Version: 4.13.1-3142249+++UE4+Release-4.13
LogInit: Compatible Engine Version: 4.13.0-3106830+++UE4+Release-4.13
LogInit: Net CL: 3142249
LogDevObjectVersion: Number of dev versions registered: 13
LogDevObjectVersion:   Dev-Blueprints (B0D832E4-1F89-4F0D-ACCF-7EB736FD4AA2): 5
LogDevObjectVersion:   Dev-Build (E1C64328-A22C-4D53-A36C-8E866417BD8C): 0
LogDevObjectVersion:   Dev-Core (375EC13C-06E4-48FB-B500-84F0262A717E): 1
LogDevObjectVersion:   Dev-Editor (E4B068ED-F494-42E9-A231-DA0B2E46BB41): 6
LogDevObjectVersion:   Dev-Framework (CFFC743F-43B0-4480-9391-14DF171D2073): 12
LogDevObjectVersion:   Dev-Mobile (B02B49B5-BB20-44E9-A304-32B752E40360): 0
LogDevObjectVersion:   Dev-Networking (A4E4105C-59A1-49B5-A7C5-40C4547EDFEE): 0
LogDevObjectVersion:   Dev-Online (39C831C9-5AE6-47DC-9A44-9C173E1C8E7C): 0
LogDevObjectVersion:   Dev-Physics (78F01B33-EBEA-4F98-B9B4-84EACCB95AA2): 0
LogDevObjectVersion:   Dev-Platform (6631380F-2D4D-43E0-8009-CF276956A95A): 0
LogDevObjectVersion:   Dev-Rendering (12F88B9F-8875-4AFC-A67C-D90C383ABD29): 4
LogDevObjectVersion:   Dev-Sequencer (7B5AE74C-D270-4C10-A958-57980B212A5A): 0
LogDevObjectVersion:   Dev-VR (D7296918-1DD6-4BDD-9DE2-64A83CC13884): 0
LogInit: Compiled (64-bit): Sep 28 2016 02:12:12
LogInit: Compiled with Visual C++: 19.00.23026.00
LogInit: Build Configuration: Development
LogInit: Branch Name: ++UE4+Release-4.13
LogInit: Command line:  
LogInit: Base directory: C:/Program Files (x86)/Epic Games/4.13/Engine/Binaries/Win64/
LogInit: Installed Engine Build: 1
LogInit: Presizing for max 8388607 objects, including 0 objects not considered by GC, pre-allocating 0 bytes for permanent pool.
LogInit: Object subsystem initialized
[2017.03.02-20.13.10:389][  0]LogInit: Selected Device Profile: [Windows]
[2017.03.02-20.13.10:389][  0]LogInit: Applying CVar settings loaded from the selected device profile: [Windows]
[2017.03.02-20.13.10:674][  0]LogInit: Computer: COURTNEY-PC
[2017.03.02-20.13.10:674][  0]LogInit: User: Courtney
[2017.03.02-20.13.10:674][  0]LogInit: CPU Page size=65536, Cores=2
[2017.03.02-20.13.10:674][  0]LogInit: High frequency timer resolution =2.143475 MHz
[2017.03.02-20.13.10:689][  0]LogMemory: Memory total: Physical=3.9GB (4GB approx)
[2017.03.02-20.13.10:695][  0]LogMemory: Platform Memory Stats for Windows
[2017.03.02-20.13.10:695][  0]LogMemory: Process Physical Memory: 255.65 MB used, 255.65 MB peak
[2017.03.02-20.13.10:695][  0]LogMemory: Process Virtual Memory: 259.64 MB used, 259.64 MB peak
[2017.03.02-20.13.10:695][  0]LogMemory: Physical Memory: 1845.37 MB used, 4014.94 MB total
[2017.03.02-20.13.10:695][  0]LogMemory: Virtual Memory: 621.36 MB used, 134217728.00 MB total
[2017.03.02-20.13.12:489][  0]LogTextLocalizationManager: No specific translations for ('en-US') exist, so ('en') translations will be used.
[2017.03.02-20.13.18:305][  0]LogD3D11RHI: D3D11 adapters:
[2017.03.02-20.13.18:315][  0]LogD3D11RHI:    0. 'Intel(R) HD Graphics 5500' (Feature Level 11_0)
[2017.03.02-20.13.18:315][  0]LogD3D11RHI:       128/0/2007 MB DedicatedVideo/DedicatedSystem/SharedSystem, Outputs:1, VendorId:0x8086
[2017.03.02-20.13.18:317][  0]LogD3D11RHI:    1. 'Microsoft Basic Render Driver' (Feature Level 11_0)
[2017.03.02-20.13.18:317][  0]LogD3D11RHI:       0/0/2007 MB DedicatedVideo/DedicatedSystem/SharedSystem, Outputs:0, VendorId:0x1414
[2017.03.02-20.13.18:317][  0]LogD3D11RHI: Chosen D3D11 Adapter: 0
[2017.03.02-20.13.18:322][  0]LogD3D11RHI: Creating new Direct3DDevice
[2017.03.02-20.13.18:322][  0]LogD3D11RHI:     GPU DeviceId: 0x1616 (for the marketing name, search the web for "GPU Device Id")
[2017.03.02-20.13.18:322][  0]LogWindows: EnumDisplayDevices:
[2017.03.02-20.13.18:322][  0]LogWindows:    0. 'Intel(R) HD Graphics 5500' (P:1 D:1)
[2017.03.02-20.13.18:322][  0]LogWindows:    1. 'Intel(R) HD Graphics 5500' (P:0 D:0)
[2017.03.02-20.13.18:323][  0]LogWindows:    2. 'Intel(R) HD Graphics 5500' (P:0 D:0)
[2017.03.02-20.13.18:323][  0]LogWindows: DebugString: FoundDriverCount:3 
[2017.03.02-20.13.18:323][  0]LogD3D11RHI:     Adapter Name: Intel(R) HD Graphics 5500
[2017.03.02-20.13.18:323][  0]LogD3D11RHI:   Driver Version: 20.19.15.4531 (internal:20.19.15.4531, unified:20.19.15.4531)
[2017.03.02-20.13.18:323][  0]LogD3D11RHI:      Driver Date: 9-29-2016
[2017.03.02-20.13.18:323][  0]LogRHI: Texture pool is 792 MB (70% of 1131 MB)
[2017.03.02-20.13.18:341][  0]LogD3D11RHI: Async texture creation enabled
[2017.03.02-20.13.19:047][  0]LogD3D11RHI: GPU Timing Frequency: 12.500000 (Debug: 2 0)
[2017.03.02-20.13.19:260][  0]LogShaderCompilers: Guid format shader working directory is -15 characters bigger than the processId version (../../../../../../Users/Courtney/Desktop/Scripting2/BurningHouse2/Intermediate/Shaders/WorkingDirectory/532/).
[2017.03.02-20.13.19:261][  0]LogShaderCompilers: Cleaned the shader compiler working directory 'C:/Users/Courtney/AppData/Local/Temp/UnrealShaderWorkingDir/194694384935F010195758AEBFA400A9/'.
[2017.03.02-20.13.19:284][  0]LogShaderCompilers:Display: Using Local Shader Compiler.
[2017.03.02-20.13.28:487][  0]LogTemp:Display: Loaded TP AllDesktopTargetPlatform
[2017.03.02-20.13.28:496][  0]LogTemp:Display: Loaded TP WindowsClientTargetPlatform
[2017.03.02-20.13.28:506][  0]LogTemp:Display: Loaded TP WindowsNoEditorTargetPlatform
[2017.03.02-20.13.28:517][  0]LogTemp:Display: Loaded TP WindowsServerTargetPlatform
[2017.03.02-20.13.28:526][  0]LogTemp:Display: Loaded TP WindowsTargetPlatform
[2017.03.02-20.13.28:580][  0]LogTemp:Display: Loaded TP AndroidTargetPlatform
[2017.03.02-20.13.28:609][  0]LogTemp:Display: Loaded TP Android_ASTCTargetPlatform
[2017.03.02-20.13.28:626][  0]LogTemp:Display: Loaded TP Android_ATCTargetPlatform
[2017.03.02-20.13.28:645][  0]LogTemp:Display: Loaded TP Android_DXTTargetPlatform
[2017.03.02-20.13.28:677][  0]LogTemp:Display: Loaded TP Android_ETC1TargetPlatform
[2017.03.02-20.13.28:692][  0]LogTemp:Display: Loaded TP Android_ETC2TargetPlatform
[2017.03.02-20.13.28:750][  0]LogTemp:Display: Loaded TP Android_MultiTargetPlatform
[2017.03.02-20.13.28:750][  0]LogTemp:Display: Loaded TP Android_PVRTCTargetPlatform
[2017.03.02-20.13.28:751][  0]LogTemp:Display: Loaded TP HTML5TargetPlatform
[2017.03.02-20.13.28:872][  0]LogTemp:Display: Loaded TP IOSTargetPlatform
[2017.03.02-20.13.28:880][  0]LogTemp:Display: Loaded TP TVOSTargetPlatform
[2017.03.02-20.13.28:887][  0]LogTemp:Display: Loaded TP LinuxClientTargetPlatform
[2017.03.02-20.13.28:897][  0]LogTemp:Display: Loaded TP LinuxNoEditorTargetPlatform
[2017.03.02-20.13.28:905][  0]LogTemp:Display: Loaded TP LinuxServerTargetPlatform
[2017.03.02-20.13.28:925][  0]LogTemp:Display: Loaded TP LinuxTargetPlatform
[2017.03.02-20.13.28:934][  0]LogTargetPlatformManager:Display: Building Assets For Windows
[2017.03.02-20.13.30:305][  0]LogDerivedDataCache:Display: Max Cache Size: 512 MB
[2017.03.02-20.13.31:243][  0]LogDerivedDataCache: Loaded boot cache 0.92s 62MB C:/Users/Courtney/AppData/Local/UnrealEngine/4.13/DerivedDataCache/Boot.ddc.
[2017.03.02-20.13.31:244][  0]LogDerivedDataCache:Display: Loaded Boot cache: C:/Users/Courtney/AppData/Local/UnrealEngine/4.13/DerivedDataCache/Boot.ddc
[2017.03.02-20.13.31:244][  0]LogDerivedDataCache: FDerivedDataBackendGraph:  Pak pak cache file ../../../../../../Users/Courtney/Desktop/Scripting2/BurningHouse2/DerivedDataCache/DDC.ddp not found, will not use a pak cache.
[2017.03.02-20.13.31:244][  0]LogDerivedDataCache: Unable to find inner node Pak for hierarchical cache Hierarchy.
[2017.03.02-20.13.31:244][  0]LogDerivedDataCache: FDerivedDataBackendGraph:  CompressedPak pak cache file ../../../../../../Users/Courtney/Desktop/Scripting2/BurningHouse2/DerivedDataCache/Compressed.ddp not found, will not use a pak cache.
[2017.03.02-20.13.31:244][  0]LogDerivedDataCache: Unable to find inner node CompressedPak for hierarchical cache Hierarchy.
[2017.03.02-20.13.31:321][  0]LogDerivedDataCache:Display: Pak cache opened for reading ../../../Engine/DerivedDataCache/Compressed.ddp.
[2017.03.02-20.13.31:358][  0]LogDerivedDataCache: Using Local data cache path C:/Users/Courtney/AppData/Local/UnrealEngine/Common/DerivedDataCache: Writable
[2017.03.02-20.13.50:705][  0]LogInit: Selected Device Profile: [Windows]
[2017.03.02-20.13.51:182][  0]LogContentStreaming: Texture pool size is 0.00 MB
[2017.03.02-20.13.52:102][  0]LogMeshUtilities: No automatic mesh reduction module available
[2017.03.02-20.13.52:102][  0]LogMeshUtilities: No automatic mesh merging module available
[2017.03.02-20.13.52:102][  0]LogMeshUtilities: No distributed automatic mesh merging module available
[2017.03.02-20.13.54:721][  0]LogMaterial: Uniform references updated for custom material expression Custom.
[2017.03.02-20.14.03:023][  0]LogNetVersion: GetLocalNetworkVersion: CL: 3106830, ProjectName: burninghouse, ProjectVersion: , EngineNetworkVersion: 1, GameNetworkVersion: 0, NetworkChecksum: 1693464120
[2017.03.02-20.14.03:352][  0]LogAssetRegistry: FAssetRegistry took 0.0501 seconds to start up
[2017.03.02-20.14.03:638][  0]LogPackageLocalizationCache: Processed 3 localized package path(s) for 2 prioritized culture(s) in 0.216472 seconds
[2017.03.02-20.14.03:652][  0]LogUObjectArray: 29778 objects as part of root set at end of initial load.
[2017.03.02-20.14.03:652][  0]LogUObjectAllocator: 6125448 out of 0 bytes used by permanent object pool.
[2017.03.02-20.14.03:652][  0]LogUObjectArray: CloseDisregardForGC: 0/0 objects in disregard for GC pool
[2017.03.02-20.14.03:691][  0]LogInit: WinSock: version 1.1 (2.2), MaxSocks=32767, MaxUdp=65467
[2017.03.02-20.14.12:204][  0]LogSlate: SlateFontCache - WITH_FREETYPE: 1, WITH_HARFBUZZ: 1
[2017.03.02-20.14.12:204][  0]LogSlate: SlateFontCache - WITH_FREETYPE: 1, WITH_HARFBUZZ: 1
[2017.03.02-20.14.38:418][  0]LogTcpMessaging: Initializing TcpMessaging bridge
[2017.03.02-20.14.38:507][  0]LogUdpMessaging: Initializing bridge on interface 0.0.0.0:0 to multicast group 230.0.0.1:6666.
[2017.03.02-20.14.41:726][  0]SourceControl: Info Source control is disabled
[2017.03.02-20.14.41:743][  0]SourceControl: Info Source control is disabled
[2017.03.02-20.14.41:847][  0]SourceControl: Info Source control is disabled
[2017.03.02-20.14.41:925][  0]SourceControl: Info Source control is disabled
[2017.03.02-20.14.44:967][  0]LogEngine: Initializing Engine...
[2017.03.02-20.14.44:970][  0]LogHMD: Failed to initialize OpenVR with code 110
[2017.03.02-20.14.47:078][  0]LogAIModule: Creating AISystem for world Untitled
[2017.03.02-20.14.47:427][  0]LogInit: XAudio2 using 'Speakers (Realtek High Definition Audio)' : 2 channels at 48 kHz using 32 bits per sample (channel mask 0x3)
[2017.03.02-20.14.47:535][  0]LogInit: FAudioDevice initialized.
[2017.03.02-20.14.47:651][  0]LogDerivedDataCache: Saved boot cache 0.12s 62MB C:/Users/Courtney/AppData/Local/UnrealEngine/4.13/DerivedDataCache/Boot.ddc.
[2017.03.02-20.14.47:683][  0]LogInit: Texture streaming: Enabled
[2017.03.02-20.14.51:217][  0]LogInit: Transaction tracking system initialized
[2017.03.02-20.14.53:274][  0]BlueprintLog: New page: Editor Load
[2017.03.02-20.14.56:560][  0]LocalizationService: Info Localization service is disabled
[2017.03.02-20.14.59:118][  0]LogConsoleResponse:Display: 
[2017.03.02-20.15.05:466][  0]LogFileCache: Scanning file cache for directory 'C:/Users/Courtney/Desktop/Scripting2/BurningHouse2/Content/' took 0.03s
[2017.03.02-20.15.05:466][  0]LogCook:Display: Max memory allowance for cook 16384mb min free memory 0mb
[2017.03.02-20.15.05:466][  0]LogCook:Display: Mobile HDR setting 1
[2017.03.02-20.15.09:959][  0]SourceControl: Info Source control is disabled
[2017.03.02-20.15.10:020][  0]Cmd: MAP LOAD FILE="../../../../../../Users/Courtney/Desktop/Scripting2/BurningHouse2/Content/FirstPersonBP/Maps/FirstPersonExampleMap.umap" TEMPLATE=0 SHOWPROGRESS=1 FEATURELEVEL=3
[2017.03.02-20.15.10:130][  0]LightingResults: New page: Lighting Build
[2017.03.02-20.15.10:518][  0]MapCheck: New page: Map Check
[2017.03.02-20.15.10:518][  0]LightingResults: New page: Lighting Build
[2017.03.02-20.15.22:844][  0]LogAIModule: Creating AISystem for world FirstPersonExampleMap
[2017.03.02-20.15.25:087][  0]LogEditorServer: Finished looking for orphan Actors (0.000 secs)
[2017.03.02-20.15.25:203][  0]Cmd: MAP CHECKDEP NOCLEARLOG
[2017.03.02-20.15.25:486][  0]MapCheck: Info Map check complete: 0 Error(s), 0 Warning(s), took 249.089ms to complete.
[2017.03.02-20.15.25:486][  0]LogFileHelpers: Loading map 'FirstPersonExampleMap' took 15.471
[2017.03.02-20.15.28:585][  0]LogCollectionManager: Loaded 0 collections in 0.006213 seconds
[2017.03.02-20.15.29:034][  0]LogFileCache: Scanning file cache for directory 'C:/Users/Courtney/Desktop/Scripting2/BurningHouse2/Saved/Collections/' took 0.01s
[2017.03.02-20.15.29:034][  0]LogFileCache: Scanning file cache for directory 'C:/Users/Courtney/Desktop/Scripting2/BurningHouse2/Content/Developers/Courtney/Collections/' took 0.01s
[2017.03.02-20.15.29:034][  0]LogFileCache: Scanning file cache for directory 'C:/Users/Courtney/Desktop/Scripting2/BurningHouse2/Content/Collections/' took 0.01s
[2017.03.02-20.15.29:034][  0]LogCollectionManager: Rebuilt the GUID cache for 0 collections in 0.000009 seconds
[2017.03.02-20.15.29:138][  0]LogContentBrowser: Native class hierarchy populated in 0.0595 seconds. Added 2141 classes and 415 folders.
[2017.03.02-20.15.29:215][  0]LogStats: UGameplayTagsManager::ConstructGameplayTagTree: Construct from data asset -  0.000 s
[2017.03.02-20.15.29:217][  0]LogStats: UGameplayTagsManager::ConstructGameplayTagTree: GameplayTagTreeChangedEvent.Broadcast -  0.002 s
[2017.03.02-20.15.29:230][  0]LogContentBrowser: Native class hierarchy updated for 'GameplayTags' in 0.0018 seconds. Added 12 classes and 0 folders.
[2017.03.02-20.15.29:286][  0]LogContentBrowser: Native class hierarchy updated for 'WidgetCarousel' in 0.0017 seconds. Added 0 classes and 0 folders.
[2017.03.02-20.15.32:019][  0]LogContentBrowser: Native class hierarchy updated for 'AddContentDialog' in 0.0016 seconds. Added 0 classes and 0 folders.
[2017.03.02-20.15.32:099][  0]LogContentBrowser: Native class hierarchy updated for 'SceneOutliner' in 0.0018 seconds. Added 1 classes and 2 folders.
[2017.03.02-20.15.32:739][  0]LogCrashTracker: Crashtracker disabled due to settings.
[2017.03.02-20.15.33:000][  0]LogUObjectGlobals:Warning: Failed to find object 'Class None.'
[2017.03.02-20.15.33:199][  0]LogContentBrowser: Native class hierarchy updated for 'HierarchicalLODOutliner' in 0.0017 seconds. Added 1 classes and 2 folders.
[2017.03.02-20.15.33:200][  0]LogLoad: (Engine Initialization) Total time: 149.95 seconds
[2017.03.02-20.15.33:200][  0]LogLoad: (Engine Initialization) Total Blueprint compile time: 2.69 seconds
[2017.03.02-20.15.33:200][  0]LogExternalProfiler: Found external profiler: VSPerf
[2017.03.02-20.15.33:201][  0]LogExternalProfiler: Using external profiler: VSPerf
[2017.03.02-20.15.33:222][  0]LogOcInput: OculusInput pre-init called
[2017.03.02-20.15.33:532][  0]LogContentStreaming: Texture pool size now 400 MB
[2017.03.02-20.15.35:113][  0]LogRenderer: Reallocating scene render targets to support 956x392 (Frame:2).
[2017.03.02-20.15.39:154][  8]LogAssetRegistry: Asset discovery search completed in 95.8250 seconds
[2017.03.02-20.15.39:172][  8]LogCollectionManager: Rebuilt the object cache for 0 collections in 0.000003 seconds (found 0 objects)
[2017.03.02-20.15.39:178][  8]LogCollectionManager: Fixed up redirectors for 0 collections in 0.024152 seconds (updated 0 objects)
[2017.03.02-20.15.50:136][253]LogContentBrowser: Native class hierarchy updated for 'BlueprintGraph' in 0.0054 seconds. Added 112 classes and 0 folders.
[2017.03.02-20.16.07:106][253]LogLinker:Warning: Can't resolve asset name
[2017.03.02-20.17.02:334][891]LogAIModule: Creating AISystem for world BurningHouse2
[2017.03.02-20.17.03:335][891]Cmd: MAP LOAD FILE="../../../../../../Users/Courtney/Desktop/Scripting2/BurningHouse2/Content/BurningHouse2.umap" TEMPLATE=0 SHOWPROGRESS=1 FEATURELEVEL=3
[2017.03.02-20.17.03:337][891]LightingResults: New page: Lighting Build
[2017.03.02-20.17.03:340][891]LoadErrors: New page: Loading map: BurningHouse2.umap
[2017.03.02-20.17.03:353][891]MapCheck: New page: Map Check
[2017.03.02-20.17.03:353][891]LightingResults: New page: Lighting Build
[2017.03.02-20.17.03:769][891]LogEditorServer: Finished looking for orphan Actors (0.000 secs)
[2017.03.02-20.17.03:888][891]Cmd: MAP CHECKDEP NOCLEARLOG
[2017.03.02-20.17.04:169][891]MapCheck: Info Map check complete: 0 Error(s), 0 Warning(s), took 281.178ms to complete.
[2017.03.02-20.17.04:172][891]LogFileHelpers: Loading map 'BurningHouse2' took 0.849
[2017.03.02-20.22.59:793][822]LogBlueprintUserMessages: Early PlayInEditor Detection: Level '/Game/BurningHouse2.BurningHouse2:PersistentLevel' has LevelScriptBlueprint '/Game/BurningHouse2.BurningHouse2:PersistentLevel.BurningHouse2' with GeneratedClass '/Game/BurningHouse2.BurningHouse2_C' with ClassGeneratedBy '/Game/BurningHouse2.BurningHouse2:PersistentLevel.BurningHouse2'
[2017.03.02-20.22.59:860][822]LogPlayLevel: PlayLevel: No blueprints needed recompiling
[2017.03.02-20.23.00:020][822]PIE: New page: PIE session: BurningHouse2 (Mar 2, 2017, 8:22:59 PM)
[2017.03.02-20.23.00:069][822]LogPlayLevel: Creating play world package: /Game/UEDPIE_0_BurningHouse2
[2017.03.02-20.23.00:449][822]LogPlayLevel: PIE: StaticDuplicateObject took: (0.380104s)
[2017.03.02-20.23.00:452][822]LogAIModule: Creating AISystem for world BurningHouse2
[2017.03.02-20.23.00:466][822]LogPlayLevel: PIE: World Init took: (0.016687s)
[2017.03.02-20.23.00:493][822]LogPlayLevel: PIE: Created PIE world by copying editor world from /Game/BurningHouse2.BurningHouse2 to /Game/UEDPIE_0_BurningHouse2.BurningHouse2 (0.423821s)
[2017.03.02-20.23.00:658][822]LogInit: XAudio2 using 'Speakers (Realtek High Definition Audio)' : 2 channels at 48 kHz using 32 bits per sample (channel mask 0x3)
[2017.03.02-20.23.00:718][822]LogInit: FAudioDevice initialized.
[2017.03.02-20.23.01:105][822]LogWorld: Game class is 'FirstPersonGameMode_C'
[2017.03.02-20.23.01:188][822]LogWorld: Bringing World /Game/UEDPIE_0_BurningHouse2.BurningHouse2 up for play (max tick rate 60) at 2017.03.02-20.23.01
[2017.03.02-20.23.01:338][822]LogWorld: Bringing up level for play took: 0.153764
[2017.03.02-20.23.02:442][822]LogContentBrowser: Native class hierarchy updated for 'MovieSceneCapture' in 0.0046 seconds. Added 11 classes and 0 folders.
[2017.03.02-20.23.02:455][822]LogGameMode:Display: Match State Changed from EnteringMap to WaitingToStart
[2017.03.02-20.23.02:474][822]LogGameState: Match State Changed from EnteringMap to WaitingToStart
[2017.03.02-20.23.02:474][822]LogGameMode:Display: Match State Changed from WaitingToStart to InProgress
[2017.03.02-20.23.03:029][822]LogGameState: Match State Changed from WaitingToStart to InProgress
[2017.03.02-20.23.03:068][822]PIE: Info Play in editor start time for /Game/UEDPIE_0_BurningHouse2 3.096
[2017.03.02-20.23.03:069][822]LogBlueprintUserMessages: Late PlayInEditor Detection: Level '/Game/BurningHouse2.BurningHouse2:PersistentLevel' has LevelScriptBlueprint '/Game/BurningHouse2.BurningHouse2:PersistentLevel.BurningHouse2' with GeneratedClass '/Game/BurningHouse2.BurningHouse2_C' with ClassGeneratedBy '/Game/BurningHouse2.BurningHouse2:PersistentLevel.BurningHouse2'
[2017.03.02-20.23.21:961][225]LogBlueprintUserMessages: Early EndPlayMap Detection: Level '/Game/BurningHouse2.BurningHouse2:PersistentLevel' has LevelScriptBlueprint '/Game/BurningHouse2.BurningHouse2:PersistentLevel.BurningHouse2' with GeneratedClass '/Game/BurningHouse2.BurningHouse2_C' with ClassGeneratedBy '/Game/BurningHouse2.BurningHouse2:PersistentLevel.BurningHouse2'
[2017.03.02-20.23.22:263][225]LogBlueprintUserMessages: Late EndPlayMap Detection: Level '/Game/BurningHouse2.BurningHouse2:PersistentLevel' has LevelScriptBlueprint '/Game/BurningHouse2.BurningHouse2:PersistentLevel.BurningHouse2' with GeneratedClass '/Game/BurningHouse2.BurningHouse2_C' with ClassGeneratedBy '/Game/BurningHouse2.BurningHouse2:PersistentLevel.BurningHouse2'
[2017.03.02-20.23.44:042][696]LogBlueprintUserMessages: Early PlayInEditor Detection: Level '/Game/BurningHouse2.BurningHouse2:PersistentLevel' has LevelScriptBlueprint '/Game/BurningHouse2.BurningHouse2:PersistentLevel.BurningHouse2' with GeneratedClass '/Game/BurningHouse2.BurningHouse2_C' with ClassGeneratedBy '/Game/BurningHouse2.BurningHouse2:PersistentLevel.BurningHouse2'
[2017.03.02-20.23.44:042][696]LogPlayLevel: PlayLevel: No blueprints needed recompiling
[2017.03.02-20.23.44:043][696]PIE: New page: PIE session: BurningHouse2 (Mar 2, 2017, 8:23:44 PM)
[2017.03.02-20.23.44:043][696]LogPlayLevel: Creating play world package: /Game/UEDPIE_0_BurningHouse2
[2017.03.02-20.23.44:202][696]LogPlayLevel: PIE: StaticDuplicateObject took: (0.159534s)
[2017.03.02-20.23.44:204][696]LogAIModule: Creating AISystem for world BurningHouse2
[2017.03.02-20.23.44:205][696]LogPlayLevel: PIE: World Init took: (0.002462s)
[2017.03.02-20.23.44:206][696]LogPlayLevel: PIE: Created PIE world by copying editor world from /Game/BurningHouse2.BurningHouse2 to /Game/UEDPIE_0_BurningHouse2.BurningHouse2 (0.163033s)
[2017.03.02-20.23.44:361][696]LogInit: XAudio2 using 'Speakers (Realtek High Definition Audio)' : 2 channels at 48 kHz using 32 bits per sample (channel mask 0x3)
[2017.03.02-20.23.44:397][696]LogInit: FAudioDevice initialized.
[2017.03.02-20.23.44:465][696]LogWorld: Game class is 'FirstPersonGameMode_C'
[2017.03.02-20.23.44:511][696]LogWorld: Bringing World /Game/UEDPIE_0_BurningHouse2.BurningHouse2 up for play (max tick rate 60) at 2017.03.02-20.23.44
[2017.03.02-20.23.44:512][696]LogWorld: Bringing up level for play took: 0.044925
[2017.03.02-20.23.44:516][696]LogGameMode:Display: Match State Changed from EnteringMap to WaitingToStart
[2017.03.02-20.23.44:516][696]LogGameState: Match State Changed from EnteringMap to WaitingToStart
[2017.03.02-20.23.44:516][696]LogGameMode:Display: Match State Changed from WaitingToStart to InProgress
[2017.03.02-20.23.44:527][696]LogGameState: Match State Changed from WaitingToStart to InProgress
[2017.03.02-20.23.44:537][696]PIE: Info Play in editor start time for /Game/UEDPIE_0_BurningHouse2 0.565
[2017.03.02-20.23.44:538][696]LogBlueprintUserMessages: Late PlayInEditor Detection: Level '/Game/BurningHouse2.BurningHouse2:PersistentLevel' has LevelScriptBlueprint '/Game/BurningHouse2.BurningHouse2:PersistentLevel.BurningHouse2' with GeneratedClass '/Game/BurningHouse2.BurningHouse2_C' with ClassGeneratedBy '/Game/BurningHouse2.BurningHouse2:PersistentLevel.BurningHouse2'
[2017.03.02-20.24.56:314][366]LogBlueprintUserMessages: Early EndPlayMap Detection: Level '/Game/BurningHouse2.BurningHouse2:PersistentLevel' has LevelScriptBlueprint '/Game/BurningHouse2.BurningHouse2:PersistentLevel.BurningHouse2' with GeneratedClass '/Game/BurningHouse2.BurningHouse2_C' with ClassGeneratedBy '/Game/BurningHouse2.BurningHouse2:PersistentLevel.BurningHouse2'
[2017.03.02-20.24.56:466][366]LogBlueprintUserMessages: Late EndPlayMap Detection: Level '/Game/BurningHouse2.BurningHouse2:PersistentLevel' has LevelScriptBlueprint '/Game/BurningHouse2.BurningHouse2:PersistentLevel.BurningHouse2' with GeneratedClass '/Game/BurningHouse2.BurningHouse2_C' with ClassGeneratedBy '/Game/BurningHouse2.BurningHouse2:PersistentLevel.BurningHouse2'
[2017.03.02-20.29.26:553][ 72]LogFileHelpers: Editor autosave (incl. sublevels) for '/Game/BurningHouse2' took 0.635
[2017.03.02-20.29.26:686][ 72]OBJ SavePackage: Generating thumbnails for [0] asset(s) in package [/Game/FirstPersonBP/Blueprints/P_Fire] ([1] browsable assets)...
[2017.03.02-20.29.26:720][ 72]OBJ SavePackage: Finished generating thumbnails for package [/Game/FirstPersonBP/Blueprints/P_Fire]
[2017.03.02-20.29.28:001][ 72]LogSavePackage: Save=352.06ms
[2017.03.02-20.29.28:001][ 72]LogSavePackage: Moving '../../../../../../Users/Courtney/Desktop/Scripting2/BurningHouse2/Saved/P_Fire_Auto1E5A6460847E2590366F1C182BD41C93F.tmp' to '../../../../../../Users/Courtney/Desktop/Scripting2/BurningHouse2/Saved/Autosaves/Game/FirstPersonBP/Blueprints/P_Fire_Auto1.uasset'
[2017.03.02-20.29.28:063][ 72]LogSavePackage:Display: Finished SavePackage ../../../../../../Users/Courtney/Desktop/Scripting2/BurningHouse2/Saved/Autosaves/Game/FirstPersonBP/Blueprints/P_Fire_Auto1.uasset
[2017.03.02-20.29.28:063][ 72]LogFileHelpers: Auto-saving content packages took 1.498
[2017.03.02-20.35.44:883][260]BlueprintLog: New page: Compile P_Fire
[2017.03.02-20.35.52:857][382]Cmd: OBJ SAVEPACKAGE PACKAGE="/Game/FirstPersonBP/Blueprints/P_Fire" FILE="../../../../../../Users/Courtney/Desktop/Scripting2/BurningHouse2/Content/FirstPersonBP/Blueprints/P_Fire.uasset" SILENT=true
[2017.03.02-20.35.53:020][382]LogSavePackage: Save=81.50ms
[2017.03.02-20.35.53:020][382]LogSavePackage: Moving '../../../../../../Users/Courtney/Desktop/Scripting2/BurningHouse2/Saved/P_FireE8DEF03344338C5C7BA2E1BF9B9EA77D.tmp' to '../../../../../../Users/Courtney/Desktop/Scripting2/BurningHouse2/Content/FirstPersonBP/Blueprints/P_Fire.uasset'
[2017.03.02-20.35.53:057][382]LogSavePackage:Display: Finished SavePackage ../../../../../../Users/Courtney/Desktop/Scripting2/BurningHouse2/Content/FirstPersonBP/Blueprints/P_Fire.uasset
[2017.03.02-20.38.49:520][203]Cmd: OBJ SAVEPACKAGE PACKAGE="/Game/FirstPersonBP/Blueprints/Gameover" FILE="../../../../../../Users/Courtney/Desktop/Scripting2/BurningHouse2/Content/FirstPersonBP/Blueprints/Gameover.uasset" SILENT=true
[2017.03.02-20.38.49:645][203]LogSavePackage: Save=46.84ms
[2017.03.02-20.38.49:645][203]LogSavePackage: Moving '../../../../../../Users/Courtney/Desktop/Scripting2/BurningHouse2/Saved/Gameover9A9F179D427B01C63DB8B897B49F51E3.tmp' to '../../../../../../Users/Courtney/Desktop/Scripting2/BurningHouse2/Content/FirstPersonBP/Blueprints/Gameover.uasset'
[2017.03.02-20.38.49:659][203]LogSavePackage:Display: Finished SavePackage ../../../../../../Users/Courtney/Desktop/Scripting2/BurningHouse2/Content/FirstPersonBP/Blueprints/Gameover.uasset
[2017.03.02-20.40.07:249][405]LogSavePackage: Save=3195.28ms
[2017.03.02-20.40.07:249][405]LogSavePackage: Moving '../../../../../../Users/Courtney/Desktop/Scripting2/BurningHouse2/Saved/BurningHouse2_Auto26E73DFCE458ADBF26B5214BC9C0E872B.tmp' to '../../../../../../Users/Courtney/Desktop/Scripting2/BurningHouse2/Saved/Autosaves/Game/BurningHouse2_Auto2.umap'
[2017.03.02-20.40.07:256][405]LogSavePackage:Display: Finished SavePackage ../../../../../../Users/Courtney/Desktop/Scripting2/BurningHouse2/Saved/Autosaves/Game/BurningHouse2_Auto2.umap
[2017.03.02-20.40.07:291][405]LogFileHelpers: Editor autosave (incl. sublevels) for '/Game/BurningHouse2' took 4.247
[2017.03.02-20.40.07:291][405]LogFileHelpers: Editor autosave (incl. sublevels) for all levels took 4.247
[2017.03.02-20.40.07:297][405]OBJ SavePackage: Generating thumbnails for [0] asset(s) in package [/Game/FirstPersonBP/Blueprints/HUD] ([1] browsable assets)...
[2017.03.02-20.40.07:297][405]OBJ SavePackage: Finished generating thumbnails for package [/Game/FirstPersonBP/Blueprints/HUD]
[2017.03.02-20.40.07:427][405]LogSavePackage: Save=73.90ms
[2017.03.02-20.40.07:427][405]LogSavePackage: Moving '../../../../../../Users/Courtney/Desktop/Scripting2/BurningHouse2/Saved/HUD_Auto25BCC072F4A0220B3CB97D5878BA56558.tmp' to '../../../../../../Users/Courtney/Desktop/Scripting2/BurningHouse2/Saved/Autosaves/Game/FirstPersonBP/Blueprints/HUD_Auto2.uasset'
[2017.03.02-20.40.07:434][405]LogSavePackage:Display: Finished SavePackage ../../../../../../Users/Courtney/Desktop/Scripting2/BurningHouse2/Saved/Autosaves/Game/FirstPersonBP/Blueprints/HUD_Auto2.uasset
[2017.03.02-20.40.07:435][405]LogFileHelpers: Auto-saving content packages took 0.140
[2017.03.02-20.53.59:559][ 74]LogFileHelpers: Editor autosave (incl. sublevels) for '/Game/BurningHouse2' took 2.327
[2017.03.02-20.53.59:566][ 74]OBJ SavePackage: Generating thumbnails for [1] asset(s) in package [/Game/FirstPersonBP/Blueprints/Collectable] ([1] browsable assets)...
[2017.03.02-20.53.59:708][ 74]OBJ SavePackage:     Rendered thumbnail for [Blueprint /Game/FirstPersonBP/Blueprints/Collectable.Collectable]
[2017.03.02-20.53.59:708][ 74]OBJ SavePackage: Finished generating thumbnails for package [/Game/FirstPersonBP/Blueprints/Collectable]
[2017.03.02-20.53.59:919][ 74]LogSavePackage: Save=146.85ms
[2017.03.02-20.53.59:919][ 74]LogSavePackage: Moving '../../../../../../Users/Courtney/Desktop/Scripting2/BurningHouse2/Saved/Collectable_Auto3EE462DEC466CE0FCF67CD7B41B080D77.tmp' to '../../../../../../Users/Courtney/Desktop/Scripting2/BurningHouse2/Saved/Autosaves/Game/FirstPersonBP/Blueprints/Collectable_Auto3.uasset'
[2017.03.02-20.53.59:941][ 74]LogSavePackage:Display: Finished SavePackage ../../../../../../Users/Courtney/Desktop/Scripting2/BurningHouse2/Saved/Autosaves/Game/FirstPersonBP/Blueprints/Collectable_Auto3.uasset
[2017.03.02-20.53.59:941][ 74]LogFileHelpers: Auto-saving content packages took 0.380
[2017.03.02-20.54.22:359][456]LogEditorViewport: Clicking on Actor (LMB): StaticMeshActor (SM_TableRound)
[2017.03.02-20.56.29:869][636]LogTexture:Display: Building textures: fire_texture (AutoDXT)
[2017.03.02-21.05.40:073][986]LogFactory: FactoryCreateFile: Texture with ReimportTextureFactory (0 0 C:\Users\Courtney\Pictures\textures\Brown-Wood-background-texture.jpg)
[2017.03.02-21.05.40:241][986]LogTexture:Display: Building textures: Brown-Wood-background-texture (BGRA8)
[2017.03.02-21.05.47:735][ 37]LogMaterial: Missing cached shader map for material Brown-Wood-background-texture_Mat, compiling. 
[2017.03.02-21.05.48:259][ 38]LogMaterial:Warning: Material /Game/FirstPersonBP/Brown-Wood-background-texture_Mat.Brown-Wood-background-texture_Mat needed to have new flag set bUsedWithStaticLighting !
[2017.03.02-21.05.48:269][ 38]LogMaterial: Missing cached shader map for material Brown-Wood-background-texture_Mat, compiling. 
[2017.03.02-21.05.48:396][ 38]LogMaterial: 0.01 seconds spent updating 1 materials, 1 interfaces, 0 instances, 0 with static permutations.
[2017.03.02-21.06.38:750][982]LogBlueprintUserMessages: Early PlayInEditor Detection: Level '/Game/BurningHouse2.BurningHouse2:PersistentLevel' has LevelScriptBlueprint '/Game/BurningHouse2.BurningHouse2:PersistentLevel.BurningHouse2' with GeneratedClass '/Game/BurningHouse2.BurningHouse2_C' with ClassGeneratedBy '/Game/BurningHouse2.BurningHouse2:PersistentLevel.BurningHouse2'
[2017.03.02-21.06.38:752][982]BlueprintLog: New page: Pre-Play auto-recompile
[2017.03.02-21.06.38:753][982]LogPlayLevel: [PlayLevel] Compiling HUD before play...
[2017.03.02-21.06.40:315][982]LogPlayLevel: PlayLevel: Blueprint regeneration took 1563 ms (1 blueprints)
[2017.03.02-21.06.40:316][982]PIE: New page: PIE session: BurningHouse2 (Mar 2, 2017, 9:06:40 PM)
[2017.03.02-21.06.40:316][982]LogPlayLevel: Creating play world package: /Game/UEDPIE_0_BurningHouse2
[2017.03.02-21.06.40:825][982]LogPlayLevel: PIE: StaticDuplicateObject took: (0.508234s)
[2017.03.02-21.06.40:831][982]LogAIModule: Creating AISystem for world BurningHouse2
[2017.03.02-21.06.40:833][982]LogPlayLevel: PIE: World Init took: (0.008085s)
[2017.03.02-21.06.40:834][982]LogPlayLevel: PIE: Created PIE world by copying editor world from /Game/BurningHouse2.BurningHouse2 to /Game/UEDPIE_0_BurningHouse2.BurningHouse2 (0.517311s)
[2017.03.02-21.06.41:011][982]LogInit: XAudio2 using 'Speakers (Realtek High Definition Audio)' : 2 channels at 48 kHz using 32 bits per sample (channel mask 0x3)
[2017.03.02-21.06.41:055][982]LogInit: FAudioDevice initialized.
[2017.03.02-21.06.41:159][982]LogWorld: Game class is 'FirstPersonGameMode_C'
[2017.03.02-21.06.41:213][982]LogWorld: Bringing World /Game/UEDPIE_0_BurningHouse2.BurningHouse2 up for play (max tick rate 60) at 2017.03.02-21.06.41
[2017.03.02-21.06.41:231][982]LogWorld: Bringing up level for play took: 0.070077
[2017.03.02-21.06.41:241][982]LogGameMode:Display: Match State Changed from EnteringMap to WaitingToStart
[2017.03.02-21.06.41:241][982]LogGameState: Match State Changed from EnteringMap to WaitingToStart
[2017.03.02-21.06.41:241][982]LogGameMode:Display: Match State Changed from WaitingToStart to InProgress
[2017.03.02-21.06.41:258][982]LogGameState: Match State Changed from WaitingToStart to InProgress
[2017.03.02-21.06.41:271][982]PIE: Info Play in editor start time for /Game/UEDPIE_0_BurningHouse2 3.299
[2017.03.02-21.06.41:272][982]LogBlueprintUserMessages: Late PlayInEditor Detection: Level '/Game/BurningHouse2.BurningHouse2:PersistentLevel' has LevelScriptBlueprint '/Game/BurningHouse2.BurningHouse2:PersistentLevel.BurningHouse2' with GeneratedClass '/Game/BurningHouse2.BurningHouse2_C' with ClassGeneratedBy '/Game/BurningHouse2.BurningHouse2:PersistentLevel.BurningHouse2'
[2017.03.02-21.07.47:654][530]LogBlueprintUserMessages: Early EndPlayMap Detection: Level '/Game/BurningHouse2.BurningHouse2:PersistentLevel' has LevelScriptBlueprint '/Game/BurningHouse2.BurningHouse2:PersistentLevel.BurningHouse2' with GeneratedClass '/Game/BurningHouse2.BurningHouse2_C' with ClassGeneratedBy '/Game/BurningHouse2.BurningHouse2:PersistentLevel.BurningHouse2'
[2017.03.02-21.07.48:137][530]LogBlueprintUserMessages: Late EndPlayMap Detection: Level '/Game/BurningHouse2.BurningHouse2:PersistentLevel' has LevelScriptBlueprint '/Game/BurningHouse2.BurningHouse2:PersistentLevel.BurningHouse2' with GeneratedClass '/Game/BurningHouse2.BurningHouse2_C' with ClassGeneratedBy '/Game/BurningHouse2.BurningHouse2:PersistentLevel.BurningHouse2'
[2017.03.02-21.09.19:952][898]LogSavePackage: Save=3108.36ms
[2017.03.02-21.09.19:952][898]LogSavePackage: Moving '../../../../../../Users/Courtney/Desktop/Scripting2/BurningHouse2/Saved/BurningHouse2_Auto4E47489EE403D83C4DFDEB2A1D06EDBD7.tmp' to '../../../../../../Users/Courtney/Desktop/Scripting2/BurningHouse2/Saved/Autosaves/Game/BurningHouse2_Auto4.umap'
[2017.03.02-21.09.20:021][898]LogSavePackage:Display: Finished SavePackage ../../../../../../Users/Courtney/Desktop/Scripting2/BurningHouse2/Saved/Autosaves/Game/BurningHouse2_Auto4.umap
[2017.03.02-21.09.20:054][898]LogFileHelpers: Editor autosave (incl. sublevels) for '/Game/BurningHouse2' took 3.666
[2017.03.02-21.09.20:054][898]LogFileHelpers: Editor autosave (incl. sublevels) for all levels took 3.666
[2017.03.02-21.09.20:061][898]OBJ SavePackage: Generating thumbnails for [0] asset(s) in package [/Game/FirstPersonBP/Blueprints/HUD] ([1] browsable assets)...
[2017.03.02-21.09.20:062][898]OBJ SavePackage: Finished generating thumbnails for package [/Game/FirstPersonBP/Blueprints/HUD]
[2017.03.02-21.09.20:258][898]LogSavePackage: Save=116.82ms
[2017.03.02-21.09.20:261][898]LogSavePackage: Moving '../../../../../../Users/Courtney/Desktop/Scripting2/BurningHouse2/Saved/HUD_Auto4F472BFEF4937B582EDF07EA75D607091.tmp' to '../../../../../../Users/Courtney/Desktop/Scripting2/BurningHouse2/Saved/Autosaves/Game/FirstPersonBP/Blueprints/HUD_Auto4.uasset'
[2017.03.02-21.09.20:314][898]LogSavePackage:Display: Finished SavePackage ../../../../../../Users/Courtney/Desktop/Scripting2/BurningHouse2/Saved/Autosaves/Game/FirstPersonBP/Blueprints/HUD_Auto4.uasset
[2017.03.02-21.09.20:317][898]OBJ SavePackage: Generating thumbnails for [1] asset(s) in package [/Game/FirstPersonBP/Brown-Wood-background-texture] ([1] browsable assets)...
[2017.03.02-21.09.20:347][898]OBJ SavePackage:     Rendered thumbnail for [Texture2D /Game/FirstPersonBP/Brown-Wood-background-texture.Brown-Wood-background-texture]
[2017.03.02-21.09.20:347][898]OBJ SavePackage: Finished generating thumbnails for package [/Game/FirstPersonBP/Brown-Wood-background-texture]
[2017.03.02-21.09.20:448][898]LogSavePackage: Save=93.68ms
[2017.03.02-21.09.20:448][898]LogSavePackage: Moving '../../../../../../Users/Courtney/Desktop/Scripting2/BurningHouse2/Saved/Brown-Wood-background-texture_Auto4559BA5D5446235ECC52DB38946AF88DD.tmp' to '../../../../../../Users/Courtney/Desktop/Scripting2/BurningHouse2/Saved/Autosaves/Game/FirstPersonBP/Brown-Wood-background-texture_Auto4.uasset'
[2017.03.02-21.09.20:453][898]LogSavePackage:Display: Finished SavePackage ../../../../../../Users/Courtney/Desktop/Scripting2/BurningHouse2/Saved/Autosaves/Game/FirstPersonBP/Brown-Wood-background-texture_Auto4.uasset
[2017.03.02-21.09.20:456][898]OBJ SavePackage: Generating thumbnails for [1] asset(s) in package [/Game/FirstPersonBP/Brown-Wood-background-texture_Mat] ([1] browsable assets)...
[2017.03.02-21.09.20:532][898]OBJ SavePackage:     Rendered thumbnail for [Material /Game/FirstPersonBP/Brown-Wood-background-texture_Mat.Brown-Wood-background-texture_Mat]
[2017.03.02-21.09.20:532][898]OBJ SavePackage: Finished generating thumbnails for package [/Game/FirstPersonBP/Brown-Wood-background-texture_Mat]
[2017.03.02-21.09.20:738][898]LogSavePackage: Save=188.69ms
[2017.03.02-21.09.20:740][898]LogSavePackage: Moving '../../../../../../Users/Courtney/Desktop/Scripting2/BurningHouse2/Saved/Brown-Wood-background-texture_Mat_Auto49E90E235401E565D2EA0B489514302F5.tmp' to '../../../../../../Users/Courtney/Desktop/Scripting2/BurningHouse2/Saved/Autosaves/Game/FirstPersonBP/Brown-Wood-background-texture_Mat_Auto4.uasset'
[2017.03.02-21.09.20:745][898]LogSavePackage:Display: Finished SavePackage ../../../../../../Users/Courtney/Desktop/Scripting2/BurningHouse2/Saved/Autosaves/Game/FirstPersonBP/Brown-Wood-background-texture_Mat_Auto4.uasset
[2017.03.02-21.09.20:745][898]LogFileHelpers: Auto-saving content packages took 0.688
[2017.03.02-21.18.25:074][231]LogMaterial: Missing cached shader map for material fire_texture_Mat, compiling. 
[2017.03.02-21.18.52:724][655]LogTexture:Display: Building textures: HQ_Wood_Texture (BGRA8)
[2017.03.02-21.20.05:163][748]LogMaterial: Missing cached shader map for material HQ_Wood_Texture_Mat, compiling. 
[2017.03.02-21.25.15:679][146]LogFactory: FactoryCreateFile: Texture with ReimportTextureFactory (0 0 C:\Users\Courtney\Pictures\textures\white ceiling texture.jpg)
[2017.03.02-21.25.15:704][146]LogTexture:Display: Building textures: white_ceiling_texture (AutoDXT)
[2017.03.02-21.25.21:111][199]LogMaterial: Missing cached shader map for material white_ceiling_texture_Mat, compiling. 
[2017.03.02-21.25.53:532][824]LogMaterial:Warning: Material /Game/FirstPersonBP/white_ceiling_texture_Mat.white_ceiling_texture_Mat needed to have new flag set bUsedWithStaticLighting !
[2017.03.02-21.25.53:542][824]LogMaterial: Missing cached shader map for material white_ceiling_texture_Mat, compiling. 
[2017.03.02-21.25.53:612][824]LogMaterial: 0.00 seconds spent updating 1 materials, 1 interfaces, 0 instances, 0 with static permutations.
[2017.03.02-21.29.51:174][852]LogFactory: FactoryCreateFile: Texture with ReimportTextureFactory (0 0 C:\Users\Courtney\Pictures\textures\kitchen brick wallpaper.jpg)
[2017.03.02-21.29.51:320][852]LogTexture:Display: Building textures: kitchen_brick_wallpaper (AutoDXT)
[2017.03.02-21.30.02:437][922]LogMaterial: Missing cached shader map for material kitchen_brick_wallpaper_Mat, compiling. 
[2017.03.02-21.30.55:823][929]Cmd: OBJ SAVEPACKAGE PACKAGE="/Game/BurningHouse2" FILE="../../../../../../Users/Courtney/Desktop/Scripting2/BurningHouse2/Content/BurningHouse2.umap" SILENT=true AUTOSAVING=false KEEPDIRTY=false
[2017.03.02-21.30.59:330][929]LogSavePackage: Save=3094.75ms
[2017.03.02-21.30.59:330][929]LogSavePackage: Moving '../../../../../../Users/Courtney/Desktop/Scripting2/BurningHouse2/Saved/BurningHouse29AEEF84B488E3C73F2F6A18BA1989D39.tmp' to '../../../../../../Users/Courtney/Desktop/Scripting2/BurningHouse2/Content/BurningHouse2.umap'
[2017.03.02-21.30.59:363][929]LogSavePackage:Display: Finished SavePackage ../../../../../../Users/Courtney/Desktop/Scripting2/BurningHouse2/Content/BurningHouse2.umap
[2017.03.02-21.40.57:123][421]LogFileHelpers: Editor autosave (incl. sublevels) for '/Game/BurningHouse2' took 0.913
[2017.03.02-21.40.57:131][421]OBJ SavePackage: Generating thumbnails for [1] asset(s) in package [/Game/FirstPersonBP/white_ceiling_texture] ([1] browsable assets)...
[2017.03.02-21.40.57:175][421]OBJ SavePackage:     Rendered thumbnail for [Texture2D /Game/FirstPersonBP/white_ceiling_texture.white_ceiling_texture]
[2017.03.02-21.40.57:175][421]OBJ SavePackage: Finished generating thumbnails for package [/Game/FirstPersonBP/white_ceiling_texture]
[2017.03.02-21.40.57:350][421]LogSavePackage: Save=165.56ms
[2017.03.02-21.40.57:352][421]LogSavePackage: Moving '../../../../../../Users/Courtney/Desktop/Scripting2/BurningHouse2/Saved/white_ceiling_texture_Auto50CD0A2C4458BF7B3C78A71AC8E058C91.tmp' to '../../../../../../Users/Courtney/Desktop/Scripting2/BurningHouse2/Saved/Autosaves/Game/FirstPersonBP/white_ceiling_texture_Auto5.uasset'
[2017.03.02-21.40.57:369][421]LogSavePackage:Display: Finished SavePackage ../../../../../../Users/Courtney/Desktop/Scripting2/BurningHouse2/Saved/Autosaves/Game/FirstPersonBP/white_ceiling_texture_Auto5.uasset
[2017.03.02-21.40.57:372][421]OBJ SavePackage: Generating thumbnails for [1] asset(s) in package [/Game/FirstPersonBP/white_ceiling_texture_Mat] ([1] browsable assets)...
[2017.03.02-21.40.57:745][421]OBJ SavePackage:     Rendered thumbnail for [Material /Game/FirstPersonBP/white_ceiling_texture_Mat.white_ceiling_texture_Mat]
[2017.03.02-21.40.57:745][421]OBJ SavePackage: Finished generating thumbnails for package [/Game/FirstPersonBP/white_ceiling_texture_Mat]
[2017.03.02-21.40.57:849][421]LogSavePackage: Save=95.68ms
[2017.03.02-21.40.57:849][421]LogSavePackage: Moving '../../../../../../Users/Courtney/Desktop/Scripting2/BurningHouse2/Saved/white_ceiling_texture_Mat_Auto5086F69D64A3A7E5351338AACD36F1C50.tmp' to '../../../../../../Users/Courtney/Desktop/Scripting2/BurningHouse2/Saved/Autosaves/Game/FirstPersonBP/white_ceiling_texture_Mat_Auto5.uasset'
[2017.03.02-21.40.57:856][421]LogSavePackage:Display: Finished SavePackage ../../../../../../Users/Courtney/Desktop/Scripting2/BurningHouse2/Saved/Autosaves/Game/FirstPersonBP/white_ceiling_texture_Mat_Auto5.uasset
[2017.03.02-21.40.57:861][421]OBJ SavePackage: Generating thumbnails for [1] asset(s) in package [/Game/FirstPersonBP/kitchen_brick_wallpaper] ([1] browsable assets)...
[2017.03.02-21.40.57:913][421]OBJ SavePackage:     Rendered thumbnail for [Texture2D /Game/FirstPersonBP/kitchen_brick_wallpaper.kitchen_brick_wallpaper]
[2017.03.02-21.40.57:913][421]OBJ SavePackage: Finished generating thumbnails for package [/Game/FirstPersonBP/kitchen_brick_wallpaper]
[2017.03.02-21.40.58:014][421]LogSavePackage: Save=94.01ms
[2017.03.02-21.40.58:014][421]LogSavePackage: Moving '../../../../../../Users/Courtney/Desktop/Scripting2/BurningHouse2/Saved/kitchen_brick_wallpaper_Auto591DABB054881795BD2FDA289FD4A937F.tmp' to '../../../../../../Users/Courtney/Desktop/Scripting2/BurningHouse2/Saved/Autosaves/Game/FirstPersonBP/kitchen_brick_wallpaper_Auto5.uasset'
[2017.03.02-21.40.58:017][421]LogSavePackage:Display: Finished SavePackage ../../../../../../Users/Courtney/Desktop/Scripting2/BurningHouse2/Saved/Autosaves/Game/FirstPersonBP/kitchen_brick_wallpaper_Auto5.uasset
[2017.03.02-21.40.58:020][421]OBJ SavePackage: Generating thumbnails for [1] asset(s) in package [/Game/FirstPersonBP/kitchen_brick_wallpaper_Mat] ([1] browsable assets)...
[2017.03.02-21.40.58:201][421]OBJ SavePackage:     Rendered thumbnail for [Material /Game/FirstPersonBP/kitchen_brick_wallpaper_Mat.kitchen_brick_wallpaper_Mat]
[2017.03.02-21.40.58:201][421]OBJ SavePackage: Finished generating thumbnails for package [/Game/FirstPersonBP/kitchen_brick_wallpaper_Mat]
[2017.03.02-21.40.58:401][421]LogSavePackage: Save=77.26ms
[2017.03.02-21.40.58:403][421]LogSavePackage: Moving '../../../../../../Users/Courtney/Desktop/Scripting2/BurningHouse2/Saved/kitchen_brick_wallpaper_Mat_Auto5B2945B264AEFD0B03433E490A1E4F81D.tmp' to '../../../../../../Users/Courtney/Desktop/Scripting2/BurningHouse2/Saved/Autosaves/Game/FirstPersonBP/kitchen_brick_wallpaper_Mat_Auto5.uasset'
[2017.03.02-21.40.58:409][421]LogSavePackage:Display: Finished SavePackage ../../../../../../Users/Courtney/Desktop/Scripting2/BurningHouse2/Saved/Autosaves/Game/FirstPersonBP/kitchen_brick_wallpaper_Mat_Auto5.uasset
[2017.03.02-21.40.58:410][421]LogFileHelpers: Auto-saving content packages took 1.284
[2017.03.02-21.59.56:903][719]LogSavePackage: Save=3214.64ms
[2017.03.02-21.59.56:903][719]LogSavePackage: Moving '../../../../../../Users/Courtney/Desktop/Scripting2/BurningHouse2/Saved/BurningHouse2_Auto6BCD9CA954530C336B40E7D8AE0114B35.tmp' to '../../../../../../Users/Courtney/Desktop/Scripting2/BurningHouse2/Saved/Autosaves/Game/BurningHouse2_Auto6.umap'
[2017.03.02-21.59.56:911][719]LogSavePackage:Display: Finished SavePackage ../../../../../../Users/Courtney/Desktop/Scripting2/BurningHouse2/Saved/Autosaves/Game/BurningHouse2_Auto6.umap
[2017.03.02-21.59.56:928][719]LogFileHelpers: Editor autosave (incl. sublevels) for '/Game/BurningHouse2' took 4.645
[2017.03.02-21.59.56:929][719]LogFileHelpers: Editor autosave (incl. sublevels) for all levels took 4.645
[2017.03.02-22.07.55:462][994]LogEditorTransaction: Undo Rename Node
[2017.03.02-22.07.57:828][ 28]LogEditorTransaction: Undo Add Node
[2017.03.02-22.10.02:087][404]LogSavePackage: Save=2905.50ms
[2017.03.02-22.10.02:087][404]LogSavePackage: Moving '../../../../../../Users/Courtney/Desktop/Scripting2/BurningHouse2/Saved/BurningHouse2_Auto7ABC8FE2D45B1F54BEB3B62BE2667F617.tmp' to '../../../../../../Users/Courtney/Desktop/Scripting2/BurningHouse2/Saved/Autosaves/Game/BurningHouse2_Auto7.umap'
[2017.03.02-22.10.02:162][404]LogSavePackage:Display: Finished SavePackage ../../../../../../Users/Courtney/Desktop/Scripting2/BurningHouse2/Saved/Autosaves/Game/BurningHouse2_Auto7.umap
[2017.03.02-22.10.02:170][404]LogFileHelpers: Editor autosave (incl. sublevels) for '/Game/BurningHouse2' took 4.962
[2017.03.02-22.10.02:170][404]LogFileHelpers: Editor autosave (incl. sublevels) for all levels took 4.962
[2017.03.02-22.10.02:176][404]OBJ SavePackage: Generating thumbnails for [1] asset(s) in package [/Game/FirstPersonBP/Blueprints/Collectable] ([1] browsable assets)...
[2017.03.02-22.10.02:240][404]OBJ SavePackage:     Rendered thumbnail for [Blueprint /Game/FirstPersonBP/Blueprints/Collectable.Collectable]
[2017.03.02-22.10.02:240][404]OBJ SavePackage: Finished generating thumbnails for package [/Game/FirstPersonBP/Blueprints/Collectable]
[2017.03.02-22.10.02:443][404]LogSavePackage: Save=107.32ms
[2017.03.02-22.10.02:443][404]LogSavePackage: Moving '../../../../../../Users/Courtney/Desktop/Scripting2/BurningHouse2/Saved/Collectable_Auto7AF6558FC4CFB902DACF8C0B41F659A56.tmp' to '../../../../../../Users/Courtney/Desktop/Scripting2/BurningHouse2/Saved/Autosaves/Game/FirstPersonBP/Blueprints/Collectable_Auto7.uasset'
[2017.03.02-22.10.02:449][404]LogSavePackage:Display: Finished SavePackage ../../../../../../Users/Courtney/Desktop/Scripting2/BurningHouse2/Saved/Autosaves/Game/FirstPersonBP/Blueprints/Collectable_Auto7.uasset
[2017.03.02-22.10.02:449][404]LogFileHelpers: Auto-saving content packages took 0.277
[2017.03.02-22.16.29:675][379]BlueprintLog: New page: Compile Collectable
[2017.03.02-22.16.38:315][636]LogActorComponent: UnregisterComponent: (/Engine/Transient.EditorFloorComp) Not registered. Aborting.
[2017.03.02-22.20.27:818][511]LogSavePackage: Save=2923.29ms
[2017.03.02-22.20.27:818][511]LogSavePackage: Moving '../../../../../../Users/Courtney/Desktop/Scripting2/BurningHouse2/Saved/BurningHouse2_Auto8323AA13F443C175991EAD2A46763209C.tmp' to '../../../../../../Users/Courtney/Desktop/Scripting2/BurningHouse2/Saved/Autosaves/Game/BurningHouse2_Auto8.umap'
[2017.03.02-22.20.27:825][511]LogSavePackage:Display: Finished SavePackage ../../../../../../Users/Courtney/Desktop/Scripting2/BurningHouse2/Saved/Autosaves/Game/BurningHouse2_Auto8.umap
[2017.03.02-22.20.27:833][511]LogFileHelpers: Editor autosave (incl. sublevels) for '/Game/BurningHouse2' took 3.720
[2017.03.02-22.20.27:833][511]LogFileHelpers: Editor autosave (incl. sublevels) for all levels took 3.720
[2017.03.02-22.20.27:840][511]OBJ SavePackage: Generating thumbnails for [1] asset(s) in package [/Game/FirstPersonBP/Blueprints/Collectable] ([1] browsable assets)...
[2017.03.02-22.20.27:902][511]OBJ SavePackage:     Rendered thumbnail for [Blueprint /Game/FirstPersonBP/Blueprints/Collectable.Collectable]
[2017.03.02-22.20.27:902][511]OBJ SavePackage: Finished generating thumbnails for package [/Game/FirstPersonBP/Blueprints/Collectable]
[2017.03.02-22.20.28:110][511]LogSavePackage: Save=155.93ms
[2017.03.02-22.20.28:110][511]LogSavePackage: Moving '../../../../../../Users/Courtney/Desktop/Scripting2/BurningHouse2/Saved/Collectable_Auto83422749A433A76C6E02277A6E9D82229.tmp' to '../../../../../../Users/Courtney/Desktop/Scripting2/BurningHouse2/Saved/Autosaves/Game/FirstPersonBP/Blueprints/Collectable_Auto8.uasset'
[2017.03.02-22.20.28:166][511]LogSavePackage:Display: Finished SavePackage ../../../../../../Users/Courtney/Desktop/Scripting2/BurningHouse2/Saved/Autosaves/Game/FirstPersonBP/Blueprints/Collectable_Auto8.uasset
[2017.03.02-22.20.28:166][511]LogFileHelpers: Auto-saving content packages took 0.329
[2017.03.02-22.31.12:378][347]LogActorComponent: UnregisterComponent: (/Engine/Transient.EditorFloorComp) Not registered. Aborting.
[2017.03.02-22.31.13:681][389]LogActorComponent: UnregisterComponent: (/Engine/Transient.EditorFloorComp) Not registered. Aborting.
[2017.03.02-22.31.14:963][429]LogActorComponent: UnregisterComponent: (/Engine/Transient.EditorFloorComp) Not registered. Aborting.
[2017.03.02-22.32.29:805][573]LogEditorViewport: Clicking on Actor (LMB): Emitter (P_Smoke2)
[2017.03.02-22.33.27:035][182]Cmd: OBJ SAVEPACKAGE PACKAGE="/Game/BurningHouse2" FILE="../../../../../../Users/Courtney/Desktop/Scripting2/BurningHouse2/Content/BurningHouse2.umap" SILENT=true AUTOSAVING=false KEEPDIRTY=false
[2017.03.02-22.33.30:387][182]LogSavePackage: Save=3112.86ms
[2017.03.02-22.33.30:387][182]LogSavePackage: Moving '../../../../../../Users/Courtney/Desktop/Scripting2/BurningHouse2/Saved/BurningHouse27D26B4D44BA3286D180FC3B6FD32B885.tmp' to '../../../../../../Users/Courtney/Desktop/Scripting2/BurningHouse2/Content/BurningHouse2.umap'
[2017.03.02-22.33.30:446][182]LogSavePackage:Display: Finished SavePackage ../../../../../../Users/Courtney/Desktop/Scripting2/BurningHouse2/Content/BurningHouse2.umap
[2017.03.02-22.33.30:671][182]LogFileHelpers: Saving map 'BurningHouse2' took 25.057
[2017.03.02-22.33.30:695][182]Cmd: OBJ SAVEPACKAGE PACKAGE="/Game/FirstPersonBP/Blueprints/HUD" FILE="../../../../../../Users/Courtney/Desktop/Scripting2/BurningHouse2/Content/FirstPersonBP/Blueprints/HUD.uasset" SILENT=true
[2017.03.02-22.33.30:862][182]LogSavePackage: Save=118.61ms
[2017.03.02-22.33.30:863][182]LogSavePackage: Moving '../../../../../../Users/Courtney/Desktop/Scripting2/BurningHouse2/Saved/HUD3ADF07684DCFEB70696A668D3E714569.tmp' to '../../../../../../Users/Courtney/Desktop/Scripting2/BurningHouse2/Content/FirstPersonBP/Blueprints/HUD.uasset'
[2017.03.02-22.33.30:892][182]LogSavePackage:Display: Finished SavePackage ../../../../../../Users/Courtney/Desktop/Scripting2/BurningHouse2/Content/FirstPersonBP/Blueprints/HUD.uasset
[2017.03.02-22.33.31:023][182]LogSavePackage: Save=70.55ms
[2017.03.02-22.33.31:023][182]LogSavePackage: Moving '../../../../../../Users/Courtney/Desktop/Scripting2/BurningHouse2/Saved/CollectableB962370C468E1153F81B4D888A2EF656.tmp' to '../../../../../../Users/Courtney/Desktop/Scripting2/BurningHouse2/Content/FirstPersonBP/Blueprints/Collectable.uasset'
[2017.03.02-22.33.31:048][182]LogSavePackage:Display: Finished SavePackage ../../../../../../Users/Courtney/Desktop/Scripting2/BurningHouse2/Content/FirstPersonBP/Blueprints/Collectable.uasset
[2017.03.02-22.33.31:237][182]LogSavePackage: Save=127.25ms
[2017.03.02-22.33.31:237][182]LogSavePackage: Moving '../../../../../../Users/Courtney/Desktop/Scripting2/BurningHouse2/Saved/white_ceiling_texture81DFC59C49B77E1D71D0C3B6F1687CFC.tmp' to '../../../../../../Users/Courtney/Desktop/Scripting2/BurningHouse2/Content/FirstPersonBP/white_ceiling_texture.uasset'
[2017.03.02-22.33.31:271][182]LogSavePackage:Display: Finished SavePackage ../../../../../../Users/Courtney/Desktop/Scripting2/BurningHouse2/Content/FirstPersonBP/white_ceiling_texture.uasset
[2017.03.02-22.33.31:835][182]LogSavePackage: Save=389.86ms
[2017.03.02-22.33.31:835][182]LogSavePackage: Moving '../../../../../../Users/Courtney/Desktop/Scripting2/BurningHouse2/Saved/Brown-Wood-background-texture57686D0241AEC87C1B31DF905ED10494.tmp' to '../../../../../../Users/Courtney/Desktop/Scripting2/BurningHouse2/Content/FirstPersonBP/Brown-Wood-background-texture.uasset'
[2017.03.02-22.33.31:988][182]LogSavePackage:Display: Finished SavePackage ../../../../../../Users/Courtney/Desktop/Scripting2/BurningHouse2/Content/FirstPersonBP/Brown-Wood-background-texture.uasset
[2017.03.02-22.33.32:187][182]LogSavePackage: Save=72.72ms
[2017.03.02-22.33.32:188][182]LogSavePackage: Moving '../../../../../../Users/Courtney/Desktop/Scripting2/BurningHouse2/Saved/Brown-Wood-background-texture_MatEAAFCD8349C58D2C5722DB9B5D13A902.tmp' to '../../../../../../Users/Courtney/Desktop/Scripting2/BurningHouse2/Content/FirstPersonBP/Brown-Wood-background-texture_Mat.uasset'
[2017.03.02-22.33.32:281][182]LogSavePackage:Display: Finished SavePackage ../../../../../../Users/Courtney/Desktop/Scripting2/BurningHouse2/Content/FirstPersonBP/Brown-Wood-background-texture_Mat.uasset
[2017.03.02-22.33.32:473][182]LogSavePackage: Save=75.58ms
[2017.03.02-22.33.32:473][182]LogSavePackage: Moving '../../../../../../Users/Courtney/Desktop/Scripting2/BurningHouse2/Saved/white_ceiling_texture_MatB709E91F4947946F8E3D05A98B3D8F52.tmp' to '../../../../../../Users/Courtney/Desktop/Scripting2/BurningHouse2/Content/FirstPersonBP/white_ceiling_texture_Mat.uasset'
[2017.03.02-22.33.32:530][182]LogSavePackage:Display: Finished SavePackage ../../../../../../Users/Courtney/Desktop/Scripting2/BurningHouse2/Content/FirstPersonBP/white_ceiling_texture_Mat.uasset
[2017.03.02-22.33.32:884][182]LogSavePackage: Save=287.82ms
[2017.03.02-22.33.32:884][182]LogSavePackage: Moving '../../../../../../Users/Courtney/Desktop/Scripting2/BurningHouse2/Saved/kitchen_brick_wallpaperD8833CD7426F4857F8E65E860176AC0E.tmp' to '../../../../../../Users/Courtney/Desktop/Scripting2/BurningHouse2/Content/FirstPersonBP/kitchen_brick_wallpaper.uasset'
[2017.03.02-22.33.32:903][182]LogSavePackage:Display: Finished SavePackage ../../../../../../Users/Courtney/Desktop/Scripting2/BurningHouse2/Content/FirstPersonBP/kitchen_brick_wallpaper.uasset
[2017.03.02-22.33.33:075][182]LogSavePackage: Save=80.81ms
[2017.03.02-22.33.33:075][182]LogSavePackage: Moving '../../../../../../Users/Courtney/Desktop/Scripting2/BurningHouse2/Saved/kitchen_brick_wallpaper_Mat28E4A1BE4AFA65D9CD2A1CAFD76E1588.tmp' to '../../../../../../Users/Courtney/Desktop/Scripting2/BurningHouse2/Content/FirstPersonBP/kitchen_brick_wallpaper_Mat.uasset'
[2017.03.02-22.33.33:095][182]LogSavePackage:Display: Finished SavePackage ../../../../../../Users/Courtney/Desktop/Scripting2/BurningHouse2/Content/FirstPersonBP/kitchen_brick_wallpaper_Mat.uasset
[2017.03.02-22.33.36:941][240]LogBlueprintUserMessages: Early PlayInEditor Detection: Level '/Game/BurningHouse2.BurningHouse2:PersistentLevel' has LevelScriptBlueprint '/Game/BurningHouse2.BurningHouse2:PersistentLevel.BurningHouse2' with GeneratedClass '/Game/BurningHouse2.BurningHouse2_C' with ClassGeneratedBy '/Game/BurningHouse2.BurningHouse2:PersistentLevel.BurningHouse2'
[2017.03.02-22.33.36:942][240]LogPlayLevel: PlayLevel: No blueprints needed recompiling
[2017.03.02-22.33.36:944][240]PIE: New page: PIE session: BurningHouse2 (Mar 2, 2017, 10:33:36 PM)
[2017.03.02-22.33.36:944][240]LogPlayLevel: Creating play world package: /Game/UEDPIE_0_BurningHouse2
[2017.03.02-22.33.37:239][240]LogPlayLevel: PIE: StaticDuplicateObject took: (0.294008s)
[2017.03.02-22.33.37:243][240]LogAIModule: Creating AISystem for world BurningHouse2
[2017.03.02-22.33.37:252][240]LogPlayLevel: PIE: World Init took: (0.012965s)
[2017.03.02-22.33.37:253][240]LogPlayLevel: PIE: Created PIE world by copying editor world from /Game/BurningHouse2.BurningHouse2 to /Game/UEDPIE_0_BurningHouse2.BurningHouse2 (0.309117s)
[2017.03.02-22.33.37:683][240]LogInit: XAudio2 using 'Speakers (Realtek High Definition Audio)' : 2 channels at 48 kHz using 32 bits per sample (channel mask 0x3)
[2017.03.02-22.33.37:729][240]LogInit: FAudioDevice initialized.
[2017.03.02-22.33.37:810][240]LogWorld: Game class is 'FirstPersonGameMode_C'
[2017.03.02-22.33.37:864][240]LogWorld: Bringing World /Game/UEDPIE_0_BurningHouse2.BurningHouse2 up for play (max tick rate 0) at 2017.03.02-22.33.37
[2017.03.02-22.33.37:866][240]LogWorld: Bringing up level for play took: 0.054339
[2017.03.02-22.33.37:872][240]LogGameMode:Display: Match State Changed from EnteringMap to WaitingToStart
[2017.03.02-22.33.37:872][240]LogGameState: Match State Changed from EnteringMap to WaitingToStart
[2017.03.02-22.33.37:872][240]LogGameMode:Display: Match State Changed from WaitingToStart to InProgress
[2017.03.02-22.33.37:886][240]LogGameState: Match State Changed from WaitingToStart to InProgress
[2017.03.02-22.33.37:898][240]PIE: Info Play in editor start time for /Game/UEDPIE_0_BurningHouse2 1.925
[2017.03.02-22.33.37:899][240]LogBlueprintUserMessages: Late PlayInEditor Detection: Level '/Game/BurningHouse2.BurningHouse2:PersistentLevel' has LevelScriptBlueprint '/Game/BurningHouse2.BurningHouse2:PersistentLevel.BurningHouse2' with GeneratedClass '/Game/BurningHouse2.BurningHouse2_C' with ClassGeneratedBy '/Game/BurningHouse2.BurningHouse2:PersistentLevel.BurningHouse2'
[2017.03.02-22.33.52:734][572]LogBlueprintUserMessages: Early EndPlayMap Detection: Level '/Game/BurningHouse2.BurningHouse2:PersistentLevel' has LevelScriptBlueprint '/Game/BurningHouse2.BurningHouse2:PersistentLevel.BurningHouse2' with GeneratedClass '/Game/BurningHouse2.BurningHouse2_C' with ClassGeneratedBy '/Game/BurningHouse2.BurningHouse2:PersistentLevel.BurningHouse2'
[2017.03.02-22.33.52:981][572]LogBlueprintUserMessages: Late EndPlayMap Detection: Level '/Game/BurningHouse2.BurningHouse2:PersistentLevel' has LevelScriptBlueprint '/Game/BurningHouse2.BurningHouse2:PersistentLevel.BurningHouse2' with GeneratedClass '/Game/BurningHouse2.BurningHouse2_C' with ClassGeneratedBy '/Game/BurningHouse2.BurningHouse2:PersistentLevel.BurningHouse2'
[2017.03.02-22.33.54:998][599]LogEditorViewport: Clicking on Actor (LMB): Emitter (P_Smoke2)
[2017.03.02-22.34.14:791][881]LogBlueprintUserMessages: Early PlayInEditor Detection: Level '/Game/BurningHouse2.BurningHouse2:PersistentLevel' has LevelScriptBlueprint '/Game/BurningHouse2.BurningHouse2:PersistentLevel.BurningHouse2' with GeneratedClass '/Game/BurningHouse2.BurningHouse2_C' with ClassGeneratedBy '/Game/BurningHouse2.BurningHouse2:PersistentLevel.BurningHouse2'
[2017.03.02-22.34.14:791][881]LogPlayLevel: PlayLevel: No blueprints needed recompiling
[2017.03.02-22.34.14:791][881]PIE: New page: PIE session: BurningHouse2 (Mar 2, 2017, 10:34:14 PM)
[2017.03.02-22.34.14:791][881]LogPlayLevel: Creating play world package: /Game/UEDPIE_0_BurningHouse2
[2017.03.02-22.34.14:854][881]LogPlayLevel: PIE: StaticDuplicateObject took: (0.062341s)
[2017.03.02-22.34.14:856][881]LogAIModule: Creating AISystem for world BurningHouse2
[2017.03.02-22.34.14:857][881]LogPlayLevel: PIE: World Init took: (0.003073s)
[2017.03.02-22.34.14:858][881]LogPlayLevel: PIE: Created PIE world by copying editor world from /Game/BurningHouse2.BurningHouse2 to /Game/UEDPIE_0_BurningHouse2.BurningHouse2 (0.066315s)
[2017.03.02-22.34.14:980][881]LogInit: XAudio2 using 'Speakers (Realtek High Definition Audio)' : 2 channels at 48 kHz using 32 bits per sample (channel mask 0x3)
[2017.03.02-22.34.15:020][881]LogInit: FAudioDevice initialized.
[2017.03.02-22.34.15:098][881]LogWorld: Game class is 'FirstPersonGameMode_C'
[2017.03.02-22.34.15:143][881]LogWorld: Bringing World /Game/UEDPIE_0_BurningHouse2.BurningHouse2 up for play (max tick rate 0) at 2017.03.02-22.34.15
[2017.03.02-22.34.15:146][881]LogWorld: Bringing up level for play took: 0.046246
[2017.03.02-22.34.15:151][881]LogGameMode:Display: Match State Changed from EnteringMap to WaitingToStart
[2017.03.02-22.34.15:152][881]LogGameState: Match State Changed from EnteringMap to WaitingToStart
[2017.03.02-22.34.15:152][881]LogGameMode:Display: Match State Changed from WaitingToStart to InProgress
[2017.03.02-22.34.15:162][881]LogGameState: Match State Changed from WaitingToStart to InProgress
[2017.03.02-22.34.15:172][881]PIE: Info Play in editor start time for /Game/UEDPIE_0_BurningHouse2 1.2
[2017.03.02-22.34.15:173][881]LogBlueprintUserMessages: Late PlayInEditor Detection: Level '/Game/BurningHouse2.BurningHouse2:PersistentLevel' has LevelScriptBlueprint '/Game/BurningHouse2.BurningHouse2:PersistentLevel.BurningHouse2' with GeneratedClass '/Game/BurningHouse2.BurningHouse2_C' with ClassGeneratedBy '/Game/BurningHouse2.BurningHouse2:PersistentLevel.BurningHouse2'
[2017.03.02-22.34.27:722][173]LogBlueprintUserMessages: Early EndPlayMap Detection: Level '/Game/BurningHouse2.BurningHouse2:PersistentLevel' has LevelScriptBlueprint '/Game/BurningHouse2.BurningHouse2:PersistentLevel.BurningHouse2' with GeneratedClass '/Game/BurningHouse2.BurningHouse2_C' with ClassGeneratedBy '/Game/BurningHouse2.BurningHouse2:PersistentLevel.BurningHouse2'
[2017.03.02-22.34.27:924][173]LogBlueprintUserMessages: Late EndPlayMap Detection: Level '/Game/BurningHouse2.BurningHouse2:PersistentLevel' has LevelScriptBlueprint '/Game/BurningHouse2.BurningHouse2:PersistentLevel.BurningHouse2' with GeneratedClass '/Game/BurningHouse2.BurningHouse2_C' with ClassGeneratedBy '/Game/BurningHouse2.BurningHouse2:PersistentLevel.BurningHouse2'
[2017.03.02-22.34.41:542][576]MapCheck: New page: Map Check
[2017.03.02-22.34.41:819][576]Cmd: MAP REBUILD ALLVISIBLE
[2017.03.02-22.34.41:843][576]LogEditorServer: Rebuildmap Clear paths rebuilt
[2017.03.02-22.34.42:870][576]LightingResults: New page: Lighting Build - Mar 2, 2017, 10:34:42 PM
[2017.03.02-22.34.46:920][576]LogSwarmInterface: [OpenConnection] Registering TCP channel ...
[2017.03.02-22.34.48:662][576]LogSwarmInterface: [OpenConnection] Connecting to agent ...
[2017.03.02-22.34.50:418][576]LogSwarmInterface: [TryOpenConnection] Testing the Agent
[2017.03.02-22.34.54:046][576]LogSwarmInterface:Error: [TryOpenConnection] Waiting for the agent to start up ...
[2017.03.02-22.34.54:282][576]LogSwarmInterface:Error: System.Net.Sockets.SocketException (0x80004005): No connection could be made because the target machine actively refused it 127.0.0.1:8008

Server stack trace: 
   at System.Net.Sockets.Socket.DoConnect(EndPoint endPointSnapshot, SocketAddress socketAddress)
   at System.Net.Sockets.Socket.Connect(EndPoint remoteEP)
   at System.Runtime.Remoting.Channels.RemoteConnection.CreateNewSocket(EndPoint ipEndPoint)
   at System.Runtime.Remoting.Channels.SocketCache.GetSocket(String machinePortAndSid, Boolean openNew)
   at System.Runtime.Remoting.Channels.Tcp.TcpClientTransportSink.SendRequestWithRetry(IMessage msg, ITransportHeaders requestHeaders, Stream requestStream)
   at System.Runtime.Remoting.Channels.Tcp.TcpClientTransportSink.AsyncProcessRequest(IClientChannelSinkStack sinkStack, IMessage msg, ITransportHeaders headers, Stream stream)
   at System.Runtime.Remoting.Channels.BinaryClientFormatterSink.AsyncProcessMessage(IMessage msg, IMessageSink replySink)

Exception rethrown at [0]: 
   at System.Runtime.Remoting.Proxies.RealProxy.HandleReturnMessage(IMessage reqMsg, IMessage retMsg)
   at System.Runtime.Remoting.Proxies.RealProxy.PrivateInvoke(MessageData& msgData, Int32 type)
   at NSwarm.IAgentInterfaceWrapper.MethodDelegate.EndInvoke(Hashtable& OutParameters, IAsyncResult result)
   at NSwarm.FSwarmInterface.TryOpenConnection(FConnectionCallback CallbackFunc, IntPtr CallbackData, ELogFlags LoggingFlags)
[2017.03.02-22.34.59:895][576]LogSwarmInterface: [TryOpenConnection] Opening Connection to Agent
[2017.03.02-22.34.59:895][576]LogSwarmInterface: [TryOpenConnection] Local Process ID is 532
[2017.03.02-22.35.09:362][576]LogStaticLightingSystem:Warning: No importance volume found, so the scene bounding box was used.  You can optimize your scene's quality and lighting build times by adding importance volumes.
[2017.03.02-22.35.09:441][576]LogStaticLightingSystem: Running Lightmass w/ ImmediateImport mode ENABLED
[2017.03.02-22.35.09:441][576]LogStaticLightingSystem: Running Lightmass w/ ImmediateProcess mode ENABLED
[2017.03.02-22.35.09:441][576]LogStaticLightingSystem: Running Lightmass w/ Sorting mode ENABLED
[2017.03.02-22.35.09:441][576]LogStaticLightingSystem: Running Lightmass w/ Mapping paddings ENABLED
[2017.03.02-22.35.09:441][576]LogStaticLightingSystem: Running Lightmass w/ Mapping debug paddings DISABLED
[2017.03.02-22.35.12:066][576]LogEditorBuildUtils: Build time 0:30
[2017.03.02-22.35.12:133][576]LogMaterial: Missing cached shader map for material FLightmassMaterialRenderer black_wood_Mat, compiling. 
[2017.03.02-22.35.12:187][576]LogMaterial: Missing cached shader map for material FLightmassMaterialRenderer black_wood_Mat, compiling. 
[2017.03.02-22.35.12:326][577]LogMaterial: Missing cached shader map for material FLightmassMaterialRenderer white_ceiling_texture_Mat, compiling. 
[2017.03.02-22.35.12:395][577]LogMaterial: Missing cached shader map for material FLightmassMaterialRenderer white_ceiling_texture_Mat, compiling. 
[2017.03.02-22.35.12:544][578]LogMaterial: Missing cached shader map for material FLightmassMaterialRenderer Brown-Wood-background-texture_Mat, compiling. 
[2017.03.02-22.35.12:666][578]LogMaterial: Missing cached shader map for material FLightmassMaterialRenderer Brown-Wood-background-texture_Mat, compiling. 
[2017.03.02-22.35.12:793][579]LogMaterial: Missing cached shader map for material FLightmassMaterialRenderer M_Wood_Pine, compiling. 
[2017.03.02-22.35.14:176][579]LogMaterial: Missing cached shader map for material FLightmassMaterialRenderer M_Wood_Pine, compiling. 
[2017.03.02-22.35.14:388][580]LogMaterial: Missing cached shader map for material FLightmassMaterialRenderer M_Lamp, compiling. 
[2017.03.02-22.35.14:465][580]LogMaterial: Missing cached shader map for material FLightmassMaterialRenderer M_Lamp, compiling. 
[2017.03.02-22.35.14:643][581]LogMaterial: Missing cached shader map for material FLightmassMaterialRenderer M_Glass, compiling. 
[2017.03.02-22.35.14:743][581]LogMaterial: Missing cached shader map for material FLightmassMaterialRenderer M_Glass, compiling. 
[2017.03.02-22.35.14:902][582]LogMaterial: Missing cached shader map for material FLightmassMaterialRenderer M_Frame, compiling. 
[2017.03.02-22.35.14:938][582]LogMaterial: Missing cached shader map for material FLightmassMaterialRenderer M_Frame, compiling. 
[2017.03.02-22.35.15:012][583]LogMaterial: Missing cached shader map for material FLightmassMaterialRenderer M_StatueGlass, compiling. 
[2017.03.02-22.35.15:076][583]LogMaterial: Missing cached shader map for material FLightmassMaterialRenderer M_StatueGlass, compiling. 
[2017.03.02-22.35.15:202][584]LogMaterial: Missing cached shader map for material FLightmassMaterialRenderer M_Statue, compiling. 
[2017.03.02-22.35.15:246][584]LogMaterial: Missing cached shader map for material FLightmassMaterialRenderer M_Statue, compiling. 
[2017.03.02-22.35.15:554][585]LogMaterial: Missing cached shader map for material FLightmassMaterialRenderer M_Bush, compiling. 
[2017.03.02-22.35.15:612][585]LogMaterial: Missing cached shader map for material FLightmassMaterialRenderer M_Bush, compiling. 
[2017.03.02-22.35.15:680][585]LogMaterial: Missing cached shader map for material FLightmassMaterialRenderer M_Bush, compiling. 
[2017.03.02-22.35.15:770][586]LogMaterial: Missing cached shader map for material FLightmassMaterialRenderer M_Ground_Grass, compiling. 
[2017.03.02-22.35.15:827][586]LogMaterial: Missing cached shader map for material FLightmassMaterialRenderer M_Ground_Grass, compiling. 
[2017.03.02-22.35.15:939][587]LogMaterial: Missing cached shader map for material FLightmassMaterialRenderer M_Wood_Walnut, compiling. 
[2017.03.02-22.35.15:997][587]LogMaterial: Missing cached shader map for material FLightmassMaterialRenderer M_Wood_Walnut, compiling. 
[2017.03.02-22.35.16:259][588]LogMaterial: Missing cached shader map for material FLightmassMaterialRenderer WorldGridMaterial, compiling. Is special engine material.
[2017.03.02-22.35.16:338][588]LogMaterial: Missing cached shader map for material FLightmassMaterialRenderer WorldGridMaterial, compiling. Is special engine material.
[2017.03.02-22.35.16:398][589]LogMaterial: Missing cached shader map for material FLightmassMaterialRenderer Seamless_wall_plaster__9__Mat, compiling. 
[2017.03.02-22.35.16:445][589]LogMaterial: Missing cached shader map for material FLightmassMaterialRenderer Seamless_wall_plaster__9__Mat, compiling. 
[2017.03.02-22.35.16:535][590]LogMaterial: Missing cached shader map for material FLightmassMaterialRenderer kitchen_brick_wallpaper_Mat, compiling. 
[2017.03.02-22.35.16:568][590]LogMaterial: Missing cached shader map for material FLightmassMaterialRenderer kitchen_brick_wallpaper_Mat, compiling. 
[2017.03.02-22.35.16:651][591]LogMaterial: Missing cached shader map for material FLightmassMaterialRenderer seamless_wallpaper_Mat, compiling. 
[2017.03.02-22.35.16:687][591]LogMaterial: Missing cached shader map for material FLightmassMaterialRenderer seamless_wallpaper_Mat, compiling. 
[2017.03.02-22.35.16:745][592]LogMaterial: Missing cached shader map for material FLightmassMaterialRenderer brown_wood_Mat, compiling. 
[2017.03.02-22.35.16:835][592]LogMaterial: Missing cached shader map for material FLightmassMaterialRenderer brown_wood_Mat, compiling. 
[2017.03.02-22.35.16:911][593]LogMaterial: Missing cached shader map for material FLightmassMaterialRenderer M_Metal_Steel, compiling. 
[2017.03.02-22.35.16:937][593]LogMaterial: Missing cached shader map for material FLightmassMaterialRenderer M_Metal_Steel, compiling. 
[2017.03.02-22.36.11:327][137]Job is a success!
[2017.03.02-22.36.12:984][138]LightingResults:Error: Error PointLight_1 Severe performance loss: Failed to allocate shadowmap channel for stationary light due to overlap - light will fall back to dynamic shadows!
[2017.03.02-22.36.12:984][138]LightingResults:Error: Error PointLight_3 Severe performance loss: Failed to allocate shadowmap channel for stationary light due to overlap - light will fall back to dynamic shadows!
[2017.03.02-22.36.12:984][138]LightingResults:Error: Error PointLight_7 Severe performance loss: Failed to allocate shadowmap channel for stationary light due to overlap - light will fall back to dynamic shadows!
[2017.03.02-22.36.12:984][138]LightingResults:Error: Error PointLight_8 Severe performance loss: Failed to allocate shadowmap channel for stationary light due to overlap - light will fall back to dynamic shadows!
[2017.03.02-22.36.12:984][138]LightingResults:Error: Error PointLight_0 Severe performance loss: Failed to allocate shadowmap channel for stationary light due to overlap - light will fall back to dynamic shadows!
[2017.03.02-22.36.12:984][138]LightingResults:Error: Error PointLight_2 Severe performance loss: Failed to allocate shadowmap channel for stationary light due to overlap - light will fall back to dynamic shadows!
[2017.03.02-22.36.19:060][138]LogTexture:Display: Building textures: HQ_Lightmap0_1 (AutoDXT)
[2017.03.02-22.36.19:060][138]LogTexture:Display: Building textures: LQ_Lightmap_0_1 (DXT1)
[2017.03.02-22.36.19:060][138]LogTexture:Display: Building textures: HQ_Lightmap1_2 (AutoDXT)
[2017.03.02-22.36.19:060][138]LogTexture:Display: Building textures: LQ_Lightmap_1_2 (DXT1)
[2017.03.02-22.36.19:061][138]LogTexture:Display: Building textures: HQ_Lightmap0_3 (AutoDXT)
[2017.03.02-22.36.19:061][138]LogTexture:Display: Building textures: LQ_Lightmap_0_3 (DXT1)
[2017.03.02-22.36.21:022][138]LogTexture:Display: Building textures: ShadowMapTexture2D_0 (BGRA8)
[2017.03.02-22.36.21:022][138]LogTexture:Display: Building textures: ShadowMapTexture2D_1 (BGRA8)
[2017.03.02-22.36.22:175][138]Lightmass on COURTNEY-PC: 45.2 sec total, 1.12 sec importing, 288 ms setup, 5.19 sec photons, 38.2 sec processing, 0 ms extra exporting [152/152 mappings]. Threads: 2:33 min total, 1:22 min processing.
[2017.03.02-22.36.22:527][138]LogMaterial:Warning: Material /Game/FirstPersonBP/kitchen_brick_wallpaper_Mat.kitchen_brick_wallpaper_Mat needed to have new flag set bUsedWithStaticLighting !
[2017.03.02-22.36.22:559][138]LogMaterial: Missing cached shader map for material kitchen_brick_wallpaper_Mat, compiling. 
[2017.03.02-22.36.22:654][138]LogMaterial: 0.00 seconds spent updating 1 materials, 1 interfaces, 0 instances, 0 with static permutations.
[2017.03.02-22.36.22:844][138]LogStaticLightingSystem: Illumination: 1:39 min (6.05 sec encoding lightmaps, 2.45 sec encoding shadowmaps)
[2017.03.02-22.36.22:844][138]LogStaticLightingSystem: Lightmap texture memory:  4.5 MB (2.5 MB streaming, 2.0 MB non-streaming), 6 textures
[2017.03.02-22.36.22:844][138]LogStaticLightingSystem: Shadowmap texture memory: 13.3 MB (10.7 MB streaming, 2.7 MB non-streaming), 2 textures
[2017.03.02-22.36.29:444][139]Cmd: MAP CHECK NOTIFYRESULTS
[2017.03.02-22.36.29:444][139]MapCheck: New page: BurningHouse2 - Mar 2, 2017, 10:36:29 PM
[2017.03.02-22.36.29:669][139]MapCheck: Info Map check complete: 0 Error(s), 0 Warning(s), took 213.725ms to complete.
[2017.03.02-22.36.41:907][312]LogBlueprintUserMessages: Early PlayInEditor Detection: Level '/Game/BurningHouse2.BurningHouse2:PersistentLevel' has LevelScriptBlueprint '/Game/BurningHouse2.BurningHouse2:PersistentLevel.BurningHouse2' with GeneratedClass '/Game/BurningHouse2.BurningHouse2_C' with ClassGeneratedBy '/Game/BurningHouse2.BurningHouse2:PersistentLevel.BurningHouse2'
[2017.03.02-22.36.41:907][312]LogPlayLevel: PlayLevel: No blueprints needed recompiling
[2017.03.02-22.36.41:908][312]PIE: New page: PIE session: BurningHouse2 (Mar 2, 2017, 10:36:41 PM)
[2017.03.02-22.36.41:908][312]LogPlayLevel: Creating play world package: /Game/UEDPIE_0_BurningHouse2
[2017.03.02-22.36.41:977][312]LogPlayLevel: PIE: StaticDuplicateObject took: (0.068986s)
[2017.03.02-22.36.41:981][312]LogAIModule: Creating AISystem for world BurningHouse2
[2017.03.02-22.36.41:982][312]LogPlayLevel: PIE: World Init took: (0.004916s)
[2017.03.02-22.36.41:983][312]LogPlayLevel: PIE: Created PIE world by copying editor world from /Game/BurningHouse2.BurningHouse2 to /Game/UEDPIE_0_BurningHouse2.BurningHouse2 (0.074908s)
[2017.03.02-22.36.42:113][312]LogInit: XAudio2 using 'Speakers (Realtek High Definition Audio)' : 2 channels at 48 kHz using 32 bits per sample (channel mask 0x3)
[2017.03.02-22.36.42:161][312]LogInit: FAudioDevice initialized.
[2017.03.02-22.36.42:249][312]LogWorld: Game class is 'FirstPersonGameMode_C'
[2017.03.02-22.36.42:305][312]LogWorld: Bringing World /Game/UEDPIE_0_BurningHouse2.BurningHouse2 up for play (max tick rate 0) at 2017.03.02-22.36.42
[2017.03.02-22.36.42:307][312]LogWorld: Bringing up level for play took: 0.054458
[2017.03.02-22.36.42:312][312]LogGameMode:Display: Match State Changed from EnteringMap to WaitingToStart
[2017.03.02-22.36.42:313][312]LogGameState: Match State Changed from EnteringMap to WaitingToStart
[2017.03.02-22.36.42:313][312]LogGameMode:Display: Match State Changed from WaitingToStart to InProgress
[2017.03.02-22.36.42:337][312]LogGameState: Match State Changed from WaitingToStart to InProgress
[2017.03.02-22.36.42:353][312]PIE: Info Play in editor start time for /Game/UEDPIE_0_BurningHouse2 0.381
[2017.03.02-22.36.42:354][312]LogBlueprintUserMessages: Late PlayInEditor Detection: Level '/Game/BurningHouse2.BurningHouse2:PersistentLevel' has LevelScriptBlueprint '/Game/BurningHouse2.BurningHouse2:PersistentLevel.BurningHouse2' with GeneratedClass '/Game/BurningHouse2.BurningHouse2_C' with ClassGeneratedBy '/Game/BurningHouse2.BurningHouse2:PersistentLevel.BurningHouse2'
[2017.03.02-22.37.37:125][650]LogBlueprintUserMessages: Early EndPlayMap Detection: Level '/Game/BurningHouse2.BurningHouse2:PersistentLevel' has LevelScriptBlueprint '/Game/BurningHouse2.BurningHouse2:PersistentLevel.BurningHouse2' with GeneratedClass '/Game/BurningHouse2.BurningHouse2_C' with ClassGeneratedBy '/Game/BurningHouse2.BurningHouse2:PersistentLevel.BurningHouse2'
[2017.03.02-22.37.37:343][650]LogBlueprintUserMessages: Late EndPlayMap Detection: Level '/Game/BurningHouse2.BurningHouse2:PersistentLevel' has LevelScriptBlueprint '/Game/BurningHouse2.BurningHouse2:PersistentLevel.BurningHouse2' with GeneratedClass '/Game/BurningHouse2.BurningHouse2_C' with ClassGeneratedBy '/Game/BurningHouse2.BurningHouse2:PersistentLevel.BurningHouse2'
[2017.03.02-22.37.47:154][845]Cmd: OBJ SAVEPACKAGE PACKAGE="/Game/BurningHouse2" FILE="../../../../../../Users/Courtney/Desktop/Scripting2/BurningHouse2/Content/BurningHouse2.umap" SILENT=true AUTOSAVING=false KEEPDIRTY=false
[2017.03.02-22.37.50:699][845]LogSavePackage: Save=3395.85ms
[2017.03.02-22.37.50:699][845]LogSavePackage: Moving '../../../../../../Users/Courtney/Desktop/Scripting2/BurningHouse2/Saved/BurningHouse23858DA9D4B775976D06D3987B188A1C9.tmp' to '../../../../../../Users/Courtney/Desktop/Scripting2/BurningHouse2/Content/BurningHouse2.umap'
[2017.03.02-22.37.50:717][845]LogSavePackage:Display: Finished SavePackage ../../../../../../Users/Courtney/Desktop/Scripting2/BurningHouse2/Content/BurningHouse2.umap
[2017.03.02-22.37.50:820][845]LogFileHelpers: Saving map 'BurningHouse2' took 3.952
[2017.03.02-22.37.50:904][845]LogSavePackage: Save=22.15ms
[2017.03.02-22.37.50:904][845]LogSavePackage: Moving '../../../../../../Users/Courtney/Desktop/Scripting2/BurningHouse2/Saved/kitchen_brick_wallpaper_MatE04E470B4BE4DB4ADD81DCA4EAE5E748.tmp' to '../../../../../../Users/Courtney/Desktop/Scripting2/BurningHouse2/Content/FirstPersonBP/kitchen_brick_wallpaper_Mat.uasset'
[2017.03.02-22.37.50:917][845]LogSavePackage:Display: Finished SavePackage ../../../../../../Users/Courtney/Desktop/Scripting2/BurningHouse2/Content/FirstPersonBP/kitchen_brick_wallpaper_Mat.uasset
[2017.03.02-22.40.46:943][707]Cmd: OBJ SAVE